#
# There is insufficient memory for the Java Runtime Environment to continue.
# Native memory allocation (malloc) failed to allocate 37920 bytes for Chunk::new
# Possible reasons:
#   The system is out of physical RAM or swap space
#   In 32 bit mode, the process size limit was hit
# Possible solutions:
#   Reduce memory load on the system
#   Increase physical memory or swap space
#   Check if swap backing store is full
#   Use 64 bit Java on a 64 bit OS
#   Decrease Java heap size (-Xmx/-Xms)
#   Decrease number of Java threads
#   Decrease Java thread stack sizes (-Xss)
#   Set larger code cache with -XX:ReservedCodeCacheSize=
# This output file may be truncated or incomplete.
#
#  Out of Memory Error (allocation.cpp:390), pid=7340, tid=7604
#
# JRE version: Java(TM) SE Runtime Environment (8.0_51-b16) (build 1.8.0_51-b16)
# Java VM: Java HotSpot(TM) 64-Bit Server VM (25.51-b03 mixed mode windows-amd64 compressed oops)
# Failed to write core dump. Minidumps are not enabled by default on client versions of Windows
#

---------------  T H R E A D  ---------------

Current thread (0x0000000014d0c000):  JavaThread "C1 CompilerThread2" daemon [_thread_in_native, id=7604, stack(0x0000000016410000,0x0000000016510000)]

Stack: [0x0000000016410000,0x0000000016510000]
Native frames: (J=compiled Java code, j=interpreted, Vv=VM code, C=native code)
V  [jvm.dll+0x32b4ca]


Current CompileTask:
C1:   1484  686   !   3       com.android.dx.cf.code.RopperMachine::run (1550 bytes)


---------------  P R O C E S S  ---------------

Java Threads: ( => current thread )
  0x000000001676f000 JavaThread "pool-1-thread-4" [_thread_in_vm, id=7724, stack(0x0000000016f10000,0x0000000017010000)]
  0x000000001676e000 JavaThread "pool-1-thread-3" [_thread_blocked, id=7720, stack(0x0000000016e10000,0x0000000016f10000)]
  0x000000001676d800 JavaThread "pool-1-thread-2" [_thread_blocked, id=7716, stack(0x0000000016d10000,0x0000000016e10000)]
  0x000000001676a800 JavaThread "pool-2-thread-1" [_thread_blocked, id=7712, stack(0x0000000016c10000,0x0000000016d10000)]
  0x000000001676a000 JavaThread "pool-1-thread-1" [_thread_blocked, id=7708, stack(0x0000000016b10000,0x0000000016c10000)]
  0x000000001651b800 JavaThread "Service Thread" daemon [_thread_blocked, id=7632, stack(0x0000000016910000,0x0000000016a10000)]
=>0x0000000014d0c000 JavaThread "C1 CompilerThread2" daemon [_thread_in_native, id=7604, stack(0x0000000016410000,0x0000000016510000)]
  0x0000000014d01000 JavaThread "C2 CompilerThread1" daemon [_thread_in_native, id=7592, stack(0x0000000016310000,0x0000000016410000)]
  0x0000000014cac000 JavaThread "C2 CompilerThread0" daemon [_thread_in_native, id=7560, stack(0x0000000016210000,0x0000000016310000)]
  0x0000000014caa800 JavaThread "Attach Listener" daemon [_thread_blocked, id=7556, stack(0x0000000016110000,0x0000000016210000)]
  0x0000000014ca9800 JavaThread "Signal Dispatcher" daemon [_thread_blocked, id=7552, stack(0x0000000016010000,0x0000000016110000)]
  0x00000000025d0800 JavaThread "Finalizer" daemon [_thread_blocked, id=7528, stack(0x0000000015f10000,0x0000000016010000)]
  0x00000000025cd000 JavaThread "Reference Handler" daemon [_thread_blocked, id=7520, stack(0x0000000015e10000,0x0000000015f10000)]
  0x00000000024e0800 JavaThread "main" [_thread_in_vm, id=7416, stack(0x0000000002310000,0x0000000002410000)]

Other Threads:
  0x0000000014c77800 VMThread [stack: 0x0000000015d10000,0x0000000015e10000] [id=7496]
  0x000000001651c800 WatcherThread [stack: 0x0000000016a10000,0x0000000016b10000] [id=7636]

VM state:not at safepoint (normal execution)

VM Mutex/Monitor currently owned by a thread: None

Heap:
 PSYoungGen      total 38400K, used 17646K [0x00000000eab00000, 0x00000000ed580000, 0x0000000100000000)
  eden space 33280K, 53% used [0x00000000eab00000,0x00000000ebc3b8f0,0x00000000ecb80000)
  from space 5120K, 0% used [0x00000000ed080000,0x00000000ed080000,0x00000000ed580000)
  to   space 5120K, 0% used [0x00000000ecb80000,0x00000000ecb80000,0x00000000ed080000)
 ParOldGen       total 87552K, used 0K [0x00000000c0000000, 0x00000000c5580000, 0x00000000eab00000)
  object space 87552K, 0% used [0x00000000c0000000,0x00000000c0000000,0x00000000c5580000)
 Metaspace       used 5562K, capacity 6640K, committed 6784K, reserved 1056768K
  class space    used 579K, capacity 616K, committed 640K, reserved 1048576K

Card table byte_map: [0x00000000119a0000,0x0000000011bb0000] byte_map_base: 0x00000000113a0000

Marking Bits: (ParMarkBitMap*) 0x000000006c994040
 Begin Bits: [0x0000000012110000, 0x0000000013110000)
 End Bits:   [0x0000000013110000, 0x0000000014110000)

Polling page: 0x0000000000ac0000

CodeCache: size=245760Kb used=2626Kb max_used=2638Kb free=243133Kb
 bounds [0x00000000025e0000, 0x0000000002880000, 0x00000000115e0000]
 total_blobs=954 nmethods=685 adapters=182
 compilation: enabled

Compilation events (10 events):
Event: 1.432 Thread 0x0000000014d0c000 nmethod 662 0x0000000002866d10 code [0x0000000002866e80, 0x0000000002867008]
Event: 1.432 Thread 0x0000000014d0c000  666       3       com.android.dx.ssa.SsaRenamer$BlockRenamer::visitNonMoveInsn (14 bytes)
Event: 1.432 Thread 0x0000000014d0c000 nmethod 666 0x0000000002866850 code [0x00000000028669c0, 0x0000000002866c18]
Event: 1.432 Thread 0x0000000014d0c000  675       3       com.android.dx.rop.code.ThrowingCstInsn::<init> (51 bytes)
Event: 1.433 Thread 0x0000000014d0c000 nmethod 675 0x0000000002865dd0 code [0x0000000002865fa0, 0x0000000002866598]
Event: 1.433 Thread 0x0000000014d0c000  687       3       com.android.dx.cf.code.RopperMachine::getSources (264 bytes)
Event: 1.434 Thread 0x0000000014d0c000 nmethod 687 0x00000000028681d0 code [0x00000000028687e0, 0x000000000286d178]
Event: 1.434 Thread 0x0000000014d0c000  689       3       com.android.dx.ssa.SsaMethod::bitSetFromLabelList (47 bytes)
Event: 1.435 Thread 0x0000000014d0c000 nmethod 689 0x0000000002865190 code [0x0000000002865340, 0x0000000002865ab8]
Event: 1.435 Thread 0x0000000014d0c000  686   !   3       com.android.dx.cf.code.RopperMachine::run (1550 bytes)

GC Heap History (0 events):
No events

Deoptimization events (6 events):
Event: 1.406 Thread 0x000000001676e000 Uncommon trap: reason=unstable_if action=reinterpret pc=0x00000000027fe330 method=java.util.BitSet.nextSetBit(I)I @ 87
Event: 1.423 Thread 0x000000001676e000 Uncommon trap: reason=unstable_if action=reinterpret pc=0x00000000027f1a94 method=java.util.HashMap.getNode(ILjava/lang/Object;)Ljava/util/HashMap$Node; @ 129
Event: 1.426 Thread 0x00000000024e0800 Uncommon trap: reason=class_check action=maybe_recompile pc=0x000000000283cdf0 method=com.android.dx.ssa.NormalSsaInsn.accept(Lcom/android/dx/ssa/SsaInsn$Visitor;)V @ 9
Event: 1.426 Thread 0x00000000024e0800 Uncommon trap: reason=class_check action=maybe_recompile pc=0x000000000283cdf0 method=com.android.dx.ssa.NormalSsaInsn.accept(Lcom/android/dx/ssa/SsaInsn$Visitor;)V @ 9
Event: 1.426 Thread 0x00000000024e0800 Uncommon trap: reason=class_check action=maybe_recompile pc=0x000000000283cdf0 method=com.android.dx.ssa.NormalSsaInsn.accept(Lcom/android/dx/ssa/SsaInsn$Visitor;)V @ 9
Event: 1.426 Thread 0x00000000024e0800 Uncommon trap: reason=class_check action=maybe_recompile pc=0x000000000283cdf0 method=com.android.dx.ssa.NormalSsaInsn.accept(Lcom/android/dx/ssa/SsaInsn$Visitor;)V @ 9

Internal exceptions (2 events):
Event: 0.030 Thread 0x00000000024e0800 Exception <a 'java/lang/NoSuchMethodError': Method sun.misc.Unsafe.defineClass(Ljava/lang/String;[BII)Ljava/lang/Class; name or signature does not match> (0x00000000eab0d3a8) thrown at [C:\re\workspace\8-2-build-windows-amd64-cygwin\jdk8u51\3951\hotspot\srPƒ§%ùXž?
Event: 0.030 Thread 0x00000000024e0800 Exception <a 'java/lang/NoSuchMethodError': Method sun.misc.Unsafe.prefetchRead(Ljava/lang/Object;J)V name or signature does not match> (0x00000000eab0d638) thrown at [C:\re\workspace\8-2-build-windows-amd64-cygwin\jdk8u51\3951\hotspot\src\share\vm\prims\j

Events (10 events):
Event: 1.426 Thread 0x00000000024e0800 Uncommon trap: trap_request=0xffffffde fr.pc=0x000000000283cdf0
Event: 1.426 Thread 0x00000000024e0800 DEOPT PACKING pc=0x000000000283cdf0 sp=0x000000000240e130
Event: 1.426 Thread 0x00000000024e0800 DEOPT UNPACKING pc=0x000000000262582a sp=0x000000000240e0c0 mode 2
Event: 1.426 Thread 0x00000000024e0800 Uncommon trap: trap_request=0xffffffde fr.pc=0x000000000283cdf0
Event: 1.426 Thread 0x00000000024e0800 DEOPT PACKING pc=0x000000000283cdf0 sp=0x000000000240e130
Event: 1.426 Thread 0x00000000024e0800 DEOPT UNPACKING pc=0x000000000262582a sp=0x000000000240e0c0 mode 2
Event: 1.428 loading class com/android/dx/cf/code/SwitchList
Event: 1.428 loading class com/android/dx/cf/code/SwitchList done
Event: 1.434 loading class java/util/DualPivotQuicksort
Event: 1.434 loading class java/util/DualPivotQuicksort done


Dynamic libraries:
0x00007ff68b100000 - 0x00007ff68b137000 	C:\Program Files\Java\jdk1.8.0_51\bin\java.exe
0x00007ff9f46a0000 - 0x00007ff9f484d000 	C:\Windows\SYSTEM32\ntdll.dll
0x00007ff9f21f0000 - 0x00007ff9f232e000 	C:\Windows\system32\KERNEL32.DLL
0x00007ff9f1c00000 - 0x00007ff9f1d15000 	C:\Windows\system32\KERNELBASE.dll
0x00007ff9f0390000 - 0x00007ff9f041e000 	C:\Windows\system32\apphelp.dll
0x00007ff9e34b0000 - 0x00007ff9e3503000 	C:\Windows\AppPatch\AppPatch64\AcGenral.DLL
0x00007ff9f27d0000 - 0x00007ff9f287a000 	C:\Windows\system32\msvcrt.dll
0x00007ff9f1620000 - 0x00007ff9f164e000 	C:\Windows\SYSTEM32\SspiCli.dll
0x00007ff9f2180000 - 0x00007ff9f21d4000 	C:\Windows\system32\SHLWAPI.dll
0x00007ff9f4520000 - 0x00007ff9f4697000 	C:\Windows\system32\USER32.dll
0x00007ff9f2380000 - 0x00007ff9f2514000 	C:\Windows\system32\ole32.dll
0x00007ff9f2e40000 - 0x00007ff9f436a000 	C:\Windows\system32\SHELL32.dll
0x00007ff9f0df0000 - 0x00007ff9f0e11000 	C:\Windows\SYSTEM32\USERENV.dll
0x00007ff9f2880000 - 0x00007ff9f292a000 	C:\Windows\system32\ADVAPI32.dll
0x00007ff9ea5e0000 - 0x00007ff9ea5fe000 	C:\Windows\SYSTEM32\MPR.dll
0x00007ff9f43d0000 - 0x00007ff9f4511000 	C:\Windows\system32\RPCRT4.dll
0x00007ff9f2c90000 - 0x00007ff9f2ce9000 	C:\Windows\SYSTEM32\sechost.dll
0x00007ff9f2940000 - 0x00007ff9f2b51000 	C:\Windows\SYSTEM32\combase.dll
0x00007ff9f2cf0000 - 0x00007ff9f2e40000 	C:\Windows\system32\GDI32.dll
0x00007ff9f17f0000 - 0x00007ff9f1805000 	C:\Windows\SYSTEM32\profapi.dll
0x00007ff9efbb0000 - 0x00007ff9efc62000 	C:\Windows\SYSTEM32\SHCORE.dll
0x00007ff9f2330000 - 0x00007ff9f2366000 	C:\Windows\system32\IMM32.DLL
0x00007ff9f2520000 - 0x00007ff9f2672000 	C:\Windows\system32\MSCTF.dll
0x00007ff9ef0d0000 - 0x00007ff9ef34b000 	C:\Windows\WinSxS\amd64_microsoft.windows.common-controls_6595b64144ccf1df_6.0.9600.18006_none_623f33d3ecbe86e8\COMCTL32.dll
0x000000006ba70000 - 0x000000006bb42000 	C:\Program Files\Java\jdk1.8.0_51\jre\bin\msvcr100.dll
0x000000006c190000 - 0x000000006ca13000 	C:\Program Files\Java\jdk1.8.0_51\jre\bin\server\jvm.dll
0x00007ff9e79b0000 - 0x00007ff9e79b9000 	C:\Windows\SYSTEM32\WSOCK32.dll
0x00007ff9ea360000 - 0x00007ff9ea382000 	C:\Windows\SYSTEM32\WINMM.dll
0x00007ff9e8410000 - 0x00007ff9e841a000 	C:\Windows\SYSTEM32\VERSION.dll
0x00007ff9f2370000 - 0x00007ff9f2377000 	C:\Windows\system32\PSAPI.DLL
0x00007ff9f4370000 - 0x00007ff9f43ca000 	C:\Windows\system32\WS2_32.dll
0x00007ff9ea320000 - 0x00007ff9ea34a000 	C:\Windows\SYSTEM32\WINMMBASE.dll
0x00007ff9f2c80000 - 0x00007ff9f2c89000 	C:\Windows\system32\NSI.dll
0x00007ff9f1970000 - 0x00007ff9f19bf000 	C:\Windows\SYSTEM32\cfgmgr32.dll
0x00007ff9f0610000 - 0x00007ff9f0638000 	C:\Windows\SYSTEM32\DEVOBJ.dll
0x000000006cbc0000 - 0x000000006cbcf000 	C:\Program Files\Java\jdk1.8.0_51\jre\bin\verify.dll
0x000000006cb90000 - 0x000000006cbb9000 	C:\Program Files\Java\jdk1.8.0_51\jre\bin\java.dll
0x000000006cb70000 - 0x000000006cb86000 	C:\Program Files\Java\jdk1.8.0_51\jre\bin\zip.dll
0x00007ff9e6810000 - 0x00007ff9e6999000 	C:\Windows\SYSTEM32\dbghelp.dll

VM Arguments:
jvm_args: -Xmx1024M -Dfile.encoding=windows-1252 -Duser.country=US -Duser.language=en -Duser.variant 
java_command: com.android.dx.command.Main --dex --num-threads=4 --output C:\Users\Admin-PC\Desktop\Brainbox\BrainBox\BrainBoxStudent\app\build\intermediates\pre-dexed\debug\classes-86e3015384342da8d130c8a36543ce7e61c6a666.jar C:\Users\Admin-PC\Desktop\Brainbox\BrainBox\BrainBoxStudent\app\build\intermediates\exploded-aar\com.google.android.gms\play-services-drive\8.4.0\jars\classes.jar
java_class_path (initial): C:\Users\Admin-PC\AppData\Local\Android\sdk2\build-tools\23.0.1\lib\dx.jar
Launcher Type: SUN_STANDARD

Environment Variables:
JAVA_HOME=C:\Program Files\Java\jdk1.8.0_51
PATH=C:\ProgramData\Oracle\Java\javapath;C:\Windows\system32;C:\Windows;C:\Windows\System32\Wbem;C:\Windows\System32\WindowsPowerShell\v1.0\;C:\Program Files\TortoiseGit\bin;C:\Program Files (x86)\Windows Live\Shared;C:\Program Files\nodejs\;C:\Program Files (x86)\QuickTime\QTSystem\;C:\Program Files (x86)\MySQL\MySQL Fabric 1.5 & MySQL Utilities 1.5\;C:\Program Files (x86)\MySQL\MySQL Fabric 1.5 & MySQL Utilities 1.5\Doctrine extensions for PHP\;C:\Program Files\Java\jdk1.8.0_51\bin;C:\Users\Admin-PC\AppData\Roaming\npm;C:\Users\Admin-PC\AppData\Local\atom\bin
USERNAME=Admin-PC
OS=Windows_NT
PROCESSOR_IDENTIFIER=Intel64 Family 6 Model 60 Stepping 3, GenuineIntel



---------------  S Y S T E M  ---------------

OS: Windows 8.1 , 64 bit Build 9600 (6.3.9600.17415)

CPU:total 4 (4 cores per cpu, 1 threads per core) family 6 model 60 stepping 3, cmov, cx8, fxsr, mmx, sse, sse2, sse3, ssse3, sse4.1, sse4.2, popcnt, avx, avx2, aes, clmul, erms, lzcnt, tsc, tscinvbit, bmi1, bmi2

Memory: 4k page, physical 8278240k(835660k free), swap 11423968k(5132k free)

vm_info: Java HotSpot(TM) 64-Bit Server VM (25.51-b03) for windows-amd64 JRE (1.8.0_51-b16), built on Jun  8 2015 18:03:07 by "java_re" with MS VC++ 10.0 (VS2010)

time: Fri Feb 19 17:42:52 2016
elapsed time: 1 seconds (0d 0h 0m 1s)

