#
# There is insufficient memory for the Java Runtime Environment to continue.
# Native memory allocation (malloc) failed to allocate 261984 bytes for Chunk::new
# Possible reasons:
#   The system is out of physical RAM or swap space
#   In 32 bit mode, the process size limit was hit
# Possible solutions:
#   Reduce memory load on the system
#   Increase physical memory or swap space
#   Check if swap backing store is full
#   Use 64 bit Java on a 64 bit OS
#   Decrease Java heap size (-Xmx/-Xms)
#   Decrease number of Java threads
#   Decrease Java thread stack sizes (-Xss)
#   Set larger code cache with -XX:ReservedCodeCacheSize=
# This output file may be truncated or incomplete.
#
#  Out of Memory Error (allocation.cpp:390), pid=7808, tid=8064
#
# JRE version: Java(TM) SE Runtime Environment (8.0_51-b16) (build 1.8.0_51-b16)
# Java VM: Java HotSpot(TM) 64-Bit Server VM (25.51-b03 mixed mode windows-amd64 compressed oops)
# Failed to write core dump. Minidumps are not enabled by default on client versions of Windows
#

---------------  T H R E A D  ---------------

Current thread (0x000000001545c000):  JavaThread "C2 CompilerThread0" daemon [_thread_in_native, id=8064, stack(0x00000000169b0000,0x0000000016ab0000)]

Stack: [0x00000000169b0000,0x0000000016ab0000]
Native frames: (J=compiled Java code, j=interpreted, Vv=VM code, C=native code)
V  [jvm.dll+0x32b4ca]


Current CompileTask:
C2:   1038 1155       4       com.android.dx.ssa.SCCP::simulateStmt (481 bytes)


---------------  P R O C E S S  ---------------

Java Threads: ( => current thread )
  0x0000000016f12800 JavaThread "pool-1-thread-4" [_thread_in_Java, id=8152, stack(0x00000000176b0000,0x00000000177b0000)]
  0x0000000016f11800 JavaThread "pool-1-thread-3" [_thread_blocked, id=8148, stack(0x00000000175b0000,0x00000000176b0000)]
  0x0000000016f10800 JavaThread "pool-1-thread-2" [_thread_blocked, id=8144, stack(0x00000000174b0000,0x00000000175b0000)]
  0x0000000016f0d800 JavaThread "pool-2-thread-1" [_thread_blocked, id=8140, stack(0x00000000173b0000,0x00000000174b0000)]
  0x0000000016f0d000 JavaThread "pool-1-thread-1" [_thread_blocked, id=8136, stack(0x00000000172b0000,0x00000000173b0000)]
  0x0000000016cb5800 JavaThread "Service Thread" daemon [_thread_blocked, id=8104, stack(0x00000000170b0000,0x00000000171b0000)]
  0x00000000154bc000 JavaThread "C1 CompilerThread2" daemon [_thread_blocked, id=8100, stack(0x0000000016bb0000,0x0000000016cb0000)]
  0x00000000154b5800 JavaThread "C2 CompilerThread1" daemon [_thread_blocked, id=8084, stack(0x0000000016ab0000,0x0000000016bb0000)]
=>0x000000001545c000 JavaThread "C2 CompilerThread0" daemon [_thread_in_native, id=8064, stack(0x00000000169b0000,0x0000000016ab0000)]
  0x000000001545a800 JavaThread "Attach Listener" daemon [_thread_blocked, id=8048, stack(0x00000000168b0000,0x00000000169b0000)]
  0x0000000015459800 JavaThread "Signal Dispatcher" daemon [_thread_blocked, id=8032, stack(0x00000000167b0000,0x00000000168b0000)]
  0x0000000002d80800 JavaThread "Finalizer" daemon [_thread_blocked, id=8020, stack(0x00000000166b0000,0x00000000167b0000)]
  0x0000000002d7d000 JavaThread "Reference Handler" daemon [_thread_blocked, id=8004, stack(0x00000000165b0000,0x00000000166b0000)]
  0x0000000002c90800 JavaThread "main" [_thread_blocked, id=7908, stack(0x0000000002aa0000,0x0000000002ba0000)]

Other Threads:
  0x0000000015427800 VMThread [stack: 0x00000000164b0000,0x00000000165b0000] [id=7984]
  0x0000000016cb6000 WatcherThread [stack: 0x00000000171b0000,0x00000000172b0000] [id=8112]

VM state:not at safepoint (normal execution)

VM Mutex/Monitor currently owned by a thread:  ([mutex/lock_event])
[0x0000000002c8c4c0] Heap_lock - owner thread: 0x0000000016f10800

Heap:
 PSYoungGen      total 38400K, used 5818K [0x00000000eab00000, 0x00000000ed580000, 0x0000000100000000)
  eden space 33280K, 2% used [0x00000000eab00000,0x00000000eabb5660,0x00000000ecb80000)
  from space 5120K, 99% used [0x00000000ecb80000,0x00000000ed079530,0x00000000ed080000)
  to   space 5120K, 0% used [0x00000000ed080000,0x00000000ed080000,0x00000000ed580000)
 ParOldGen       total 87552K, used 1404K [0x00000000c0000000, 0x00000000c5580000, 0x00000000eab00000)
  object space 87552K, 1% used [0x00000000c0000000,0x00000000c015f110,0x00000000c5580000)
 Metaspace       used 5851K, capacity 6960K, committed 7040K, reserved 1056768K
  class space    used 580K, capacity 616K, committed 640K, reserved 1048576K

Card table byte_map: [0x0000000012150000,0x0000000012360000] byte_map_base: 0x0000000011b50000

Marking Bits: (ParMarkBitMap*) 0x000000006c994040
 Begin Bits: [0x00000000128c0000, 0x00000000138c0000)
 End Bits:   [0x00000000138c0000, 0x00000000148c0000)

Polling page: 0x0000000001280000

CodeCache: size=245760Kb used=5043Kb max_used=5043Kb free=240716Kb
 bounds [0x0000000002d90000, 0x0000000003280000, 0x0000000011d90000]
 total_blobs=1516 nmethods=1245 adapters=182
 compilation: enabled

Compilation events (10 events):
Event: 0.947 Thread 0x00000000154bc000 nmethod 1245 0x0000000003276050 code [0x0000000003276280, 0x0000000003276e58]
Event: 1.035 Thread 0x00000000154bc000 1246       3       com.android.dx.rop.code.AccessFlags::isSynchronized (13 bytes)
Event: 1.036 Thread 0x00000000154bc000 nmethod 1246 0x000000000327a710 code [0x000000000327a860, 0x000000000327a9f0]
Event: 1.036 Thread 0x00000000154bc000 1247       3       com.android.dx.dex.file.EncodedMethod::<init> (68 bytes)
Event: 1.036 Thread 0x00000000154bc000 nmethod 1247 0x000000000327aa90 code [0x000000000327ac20, 0x000000000327b0d8]
Event: 1.036 Thread 0x00000000154bc000 1248       3       com.android.dx.dex.cf.AttributeTranslator::getMethodAnnotations (37 bytes)
Event: 1.037 Thread 0x00000000154bc000 nmethod 1248 0x000000000327b290 code [0x000000000327b580, 0x000000000327cb98]
Event: 1.037 Thread 0x00000000154bc000 1249       3       com.android.dx.dex.cf.AttributeTranslator::getParameterAnnotations (69 bytes)
Event: 1.038 Thread 0x00000000154bc000 nmethod 1249 0x000000000327d7d0 code [0x000000000327d9e0, 0x000000000327e358]
Event: 1.038 Thread 0x00000000154bc000 1250  s    3       com.android.dx.dex.file.FieldIdsSection::intern (55 bytes)

GC Heap History (2 events):
Event: 0.955 GC heap before
{Heap before GC invocations=1 (full 0):
 PSYoungGen      total 38400K, used 33280K [0x00000000eab00000, 0x00000000ed580000, 0x0000000100000000)
  eden space 33280K, 100% used [0x00000000eab00000,0x00000000ecb80000,0x00000000ecb80000)
  from space 5120K, 0% used [0x00000000ed080000,0x00000000ed080000,0x00000000ed580000)
  to   space 5120K, 0% used [0x00000000ecb80000,0x00000000ecb80000,0x00000000ed080000)
 ParOldGen       total 87552K, used 0K [0x00000000c0000000, 0x00000000c5580000, 0x00000000eab00000)
  object space 87552K, 0% used [0x00000000c0000000,0x00000000c0000000,0x00000000c5580000)
 Metaspace       used 5841K, capacity 6960K, committed 7040K, reserved 1056768K
  class space    used 580K, capacity 616K, committed 640K, reserved 1048576K
Event: 1.023 GC heap after
Heap after GC invocations=1 (full 0):
 PSYoungGen      total 38400K, used 5093K [0x00000000eab00000, 0x00000000ed580000, 0x0000000100000000)
  eden space 33280K, 0% used [0x00000000eab00000,0x00000000eab00000,0x00000000ecb80000)
  from space 5120K, 99% used [0x00000000ecb80000,0x00000000ed079530,0x00000000ed080000)
  to   space 5120K, 0% used [0x00000000ed080000,0x00000000ed080000,0x00000000ed580000)
 ParOldGen       total 87552K, used 1404K [0x00000000c0000000, 0x00000000c5580000, 0x00000000eab00000)
  object space 87552K, 1% used [0x00000000c0000000,0x00000000c015f110,0x00000000c5580000)
 Metaspace       used 5841K, capacity 6960K, committed 7040K, reserved 1056768K
  class space    used 580K, capacity 616K, committed 640K, reserved 1048576K
}

Deoptimization events (1 events):
Event: 0.892 Thread 0x0000000016f10800 Uncommon trap: reason=unstable_if action=reinterpret pc=0x00000000031ae29c method=com.android.dx.ssa.SsaMethod.updateOneDefinition(Lcom/android/dx/ssa/SsaInsn;Lcom/android/dx/rop/code/RegisterSpec;)V @ 4

Internal exceptions (2 events):
Event: 0.027 Thread 0x0000000002c90800 Exception <a 'java/lang/NoSuchMethodError': Method sun.misc.Unsafe.defineClass(Ljava/lang/String;[BII)Ljava/lang/Class; name or signature does not match> (0x00000000eab0d3a8) thrown at [C:\re\workspace\8-2-build-windows-amd64-cygwin\jdk8u51\3951\hotspot\sr2Ç·WÁ›?
Event: 0.027 Thread 0x0000000002c90800 Exception <a 'java/lang/NoSuchMethodError': Method sun.misc.Unsafe.prefetchRead(Ljava/lang/Object;J)V name or signature does not match> (0x00000000eab0d638) thrown at [C:\re\workspace\8-2-build-windows-amd64-cygwin\jdk8u51\3951\hotspot\src\share\vm\prims\j

Events (10 events):
Event: 0.794 loading class com/android/dx/cf/attrib/AttExceptions done
Event: 0.864 Executing VM operation: ForceSafepoint
Event: 0.880 Executing VM operation: ForceSafepoint done
Event: 0.892 loading class com/android/dx/rop/code/RegOps
Event: 0.892 loading class com/android/dx/rop/code/RegOps done
Event: 0.892 Thread 0x0000000016f10800 Uncommon trap: trap_request=0xffffff65 fr.pc=0x00000000031ae29c
Event: 0.892 Thread 0x0000000016f10800 DEOPT PACKING pc=0x00000000031ae29c sp=0x00000000175ae6a0
Event: 0.892 Thread 0x0000000016f10800 DEOPT UNPACKING pc=0x0000000002dd582a sp=0x00000000175ae648 mode 2
Event: 0.947 Executing VM operation: ParallelGCFailedAllocation
Event: 1.023 Executing VM operation: ParallelGCFailedAllocation done


Dynamic libraries:
0x00007ff68b100000 - 0x00007ff68b137000 	C:\Program Files\Java\jdk1.8.0_51\bin\java.exe
0x00007ff9f46a0000 - 0x00007ff9f484d000 	C:\Windows\SYSTEM32\ntdll.dll
0x00007ff9f21f0000 - 0x00007ff9f232e000 	C:\Windows\system32\KERNEL32.DLL
0x00007ff9f1c00000 - 0x00007ff9f1d15000 	C:\Windows\system32\KERNELBASE.dll
0x00007ff9f0390000 - 0x00007ff9f041e000 	C:\Windows\system32\apphelp.dll
0x00007ff9e34b0000 - 0x00007ff9e3503000 	C:\Windows\AppPatch\AppPatch64\AcGenral.DLL
0x00007ff9f27d0000 - 0x00007ff9f287a000 	C:\Windows\system32\msvcrt.dll
0x00007ff9f1620000 - 0x00007ff9f164e000 	C:\Windows\SYSTEM32\SspiCli.dll
0x00007ff9f2180000 - 0x00007ff9f21d4000 	C:\Windows\system32\SHLWAPI.dll
0x00007ff9f4520000 - 0x00007ff9f4697000 	C:\Windows\system32\USER32.dll
0x00007ff9f2380000 - 0x00007ff9f2514000 	C:\Windows\system32\ole32.dll
0x00007ff9f2e40000 - 0x00007ff9f436a000 	C:\Windows\system32\SHELL32.dll
0x00007ff9f0df0000 - 0x00007ff9f0e11000 	C:\Windows\SYSTEM32\USERENV.dll
0x00007ff9f2880000 - 0x00007ff9f292a000 	C:\Windows\system32\ADVAPI32.dll
0x00007ff9ea5e0000 - 0x00007ff9ea5fe000 	C:\Windows\SYSTEM32\MPR.dll
0x00007ff9f43d0000 - 0x00007ff9f4511000 	C:\Windows\system32\RPCRT4.dll
0x00007ff9f2c90000 - 0x00007ff9f2ce9000 	C:\Windows\SYSTEM32\sechost.dll
0x00007ff9f2940000 - 0x00007ff9f2b51000 	C:\Windows\SYSTEM32\combase.dll
0x00007ff9f2cf0000 - 0x00007ff9f2e40000 	C:\Windows\system32\GDI32.dll
0x00007ff9f17f0000 - 0x00007ff9f1805000 	C:\Windows\SYSTEM32\profapi.dll
0x00007ff9efbb0000 - 0x00007ff9efc62000 	C:\Windows\SYSTEM32\SHCORE.dll
0x00007ff9f2330000 - 0x00007ff9f2366000 	C:\Windows\system32\IMM32.DLL
0x00007ff9f2520000 - 0x00007ff9f2672000 	C:\Windows\system32\MSCTF.dll
0x00007ff9ef0d0000 - 0x00007ff9ef34b000 	C:\Windows\WinSxS\amd64_microsoft.windows.common-controls_6595b64144ccf1df_6.0.9600.18006_none_623f33d3ecbe86e8\COMCTL32.dll
0x000000006ba70000 - 0x000000006bb42000 	C:\Program Files\Java\jdk1.8.0_51\jre\bin\msvcr100.dll
0x000000006c190000 - 0x000000006ca13000 	C:\Program Files\Java\jdk1.8.0_51\jre\bin\server\jvm.dll
0x00007ff9e79b0000 - 0x00007ff9e79b9000 	C:\Windows\SYSTEM32\WSOCK32.dll
0x00007ff9ea360000 - 0x00007ff9ea382000 	C:\Windows\SYSTEM32\WINMM.dll
0x00007ff9e8410000 - 0x00007ff9e841a000 	C:\Windows\SYSTEM32\VERSION.dll
0x00007ff9f2370000 - 0x00007ff9f2377000 	C:\Windows\system32\PSAPI.DLL
0x00007ff9f4370000 - 0x00007ff9f43ca000 	C:\Windows\system32\WS2_32.dll
0x00007ff9ea320000 - 0x00007ff9ea34a000 	C:\Windows\SYSTEM32\WINMMBASE.dll
0x00007ff9f2c80000 - 0x00007ff9f2c89000 	C:\Windows\system32\NSI.dll
0x00007ff9f1970000 - 0x00007ff9f19bf000 	C:\Windows\SYSTEM32\cfgmgr32.dll
0x00007ff9f0610000 - 0x00007ff9f0638000 	C:\Windows\SYSTEM32\DEVOBJ.dll
0x000000006cbc0000 - 0x000000006cbcf000 	C:\Program Files\Java\jdk1.8.0_51\jre\bin\verify.dll
0x000000006cb90000 - 0x000000006cbb9000 	C:\Program Files\Java\jdk1.8.0_51\jre\bin\java.dll
0x000000006cb70000 - 0x000000006cb86000 	C:\Program Files\Java\jdk1.8.0_51\jre\bin\zip.dll

VM Arguments:
jvm_args: -Xmx1024M -Dfile.encoding=windows-1252 -Duser.country=US -Duser.language=en -Duser.variant 
java_command: com.android.dx.command.Main --dex --num-threads=4 --output C:\Users\Admin-PC\Desktop\Brainbox\BrainBox\BrainBoxStudent\app\build\intermediates\pre-dexed\debug\classes-9b7f7a42ed6f248169ac779d9318c47195d1b1e9.jar C:\Users\Admin-PC\Desktop\Brainbox\BrainBox\BrainBoxStudent\app\build\intermediates\exploded-aar\com.google.android.gms\play-services-vision\8.4.0\jars\classes.jar
java_class_path (initial): C:\Users\Admin-PC\AppData\Local\Android\sdk2\build-tools\23.0.1\lib\dx.jar
Launcher Type: SUN_STANDARD

Environment Variables:
JAVA_HOME=C:\Program Files\Java\jdk1.8.0_51
PATH=C:\ProgramData\Oracle\Java\javapath;C:\Windows\system32;C:\Windows;C:\Windows\System32\Wbem;C:\Windows\System32\WindowsPowerShell\v1.0\;C:\Program Files\TortoiseGit\bin;C:\Program Files (x86)\Windows Live\Shared;C:\Program Files\nodejs\;C:\Program Files (x86)\QuickTime\QTSystem\;C:\Program Files (x86)\MySQL\MySQL Fabric 1.5 & MySQL Utilities 1.5\;C:\Program Files (x86)\MySQL\MySQL Fabric 1.5 & MySQL Utilities 1.5\Doctrine extensions for PHP\;C:\Program Files\Java\jdk1.8.0_51\bin;C:\Users\Admin-PC\AppData\Roaming\npm;C:\Users\Admin-PC\AppData\Local\atom\bin
USERNAME=Admin-PC
OS=Windows_NT
PROCESSOR_IDENTIFIER=Intel64 Family 6 Model 60 Stepping 3, GenuineIntel



---------------  S Y S T E M  ---------------

OS: Windows 8.1 , 64 bit Build 9600 (6.3.9600.17415)

CPU:total 4 (4 cores per cpu, 1 threads per core) family 6 model 60 stepping 3, cmov, cx8, fxsr, mmx, sse, sse2, sse3, ssse3, sse4.1, sse4.2, popcnt, avx, avx2, aes, clmul, erms, lzcnt, tsc, tscinvbit, bmi1, bmi2

Memory: 4k page, physical 8278240k(921380k free), swap 11423968k(5092k free)

vm_info: Java HotSpot(TM) 64-Bit Server VM (25.51-b03) for windows-amd64 JRE (1.8.0_51-b16), built on Jun  8 2015 18:03:07 by "java_re" with MS VC++ 10.0 (VS2010)

time: Fri Feb 19 17:42:53 2016
elapsed time: 1 seconds (0d 0h 0m 1s)

