#
# There is insufficient memory for the Java Runtime Environment to continue.
# Native memory allocation (malloc) failed to allocate 1572256 bytes for Chunk::new
# Possible reasons:
#   The system is out of physical RAM or swap space
#   In 32 bit mode, the process size limit was hit
# Possible solutions:
#   Reduce memory load on the system
#   Increase physical memory or swap space
#   Check if swap backing store is full
#   Use 64 bit Java on a 64 bit OS
#   Decrease Java heap size (-Xmx/-Xms)
#   Decrease number of Java threads
#   Decrease Java thread stack sizes (-Xss)
#   Set larger code cache with -XX:ReservedCodeCacheSize=
# This output file may be truncated or incomplete.
#
#  Out of Memory Error (allocation.cpp:390), pid=7720, tid=8060
#
# JRE version: Java(TM) SE Runtime Environment (8.0_51-b16) (build 1.8.0_51-b16)
# Java VM: Java HotSpot(TM) 64-Bit Server VM (25.51-b03 mixed mode windows-amd64 compressed oops)
# Failed to write core dump. Minidumps are not enabled by default on client versions of Windows
#

---------------  T H R E A D  ---------------

Current thread (0x0000000014add800):  JavaThread "C2 CompilerThread1" daemon [_thread_in_native, id=8060, stack(0x00000000160e0000,0x00000000161e0000)]

Stack: [0x00000000160e0000,0x00000000161e0000]
Native frames: (J=compiled Java code, j=interpreted, Vv=VM code, C=native code)
V  [jvm.dll+0x32b4ca]


Current CompileTask:
C2:   1092 1259   !   4       com.android.dx.cf.code.BytecodeArray::parseInstruction (2764 bytes)


---------------  P R O C E S S  ---------------

Java Threads: ( => current thread )
  0x00000000162e5800 JavaThread "Service Thread" daemon [_thread_blocked, id=8124, stack(0x00000000166e0000,0x00000000167e0000)]
  0x0000000014aec000 JavaThread "C1 CompilerThread2" daemon [_thread_blocked, id=8044, stack(0x00000000161e0000,0x00000000162e0000)]
=>0x0000000014add800 JavaThread "C2 CompilerThread1" daemon [_thread_in_native, id=8060, stack(0x00000000160e0000,0x00000000161e0000)]
  0x0000000014a8c000 JavaThread "C2 CompilerThread0" daemon [_thread_in_native, id=7960, stack(0x0000000015fe0000,0x00000000160e0000)]
  0x0000000014a8a800 JavaThread "Attach Listener" daemon [_thread_blocked, id=7952, stack(0x0000000015ee0000,0x0000000015fe0000)]
  0x0000000014a89000 JavaThread "Signal Dispatcher" daemon [_thread_blocked, id=7944, stack(0x0000000015de0000,0x0000000015ee0000)]
  0x00000000023b6000 JavaThread "Finalizer" daemon [_thread_blocked, id=7260, stack(0x0000000015ce0000,0x0000000015de0000)]
  0x00000000023ad000 JavaThread "Reference Handler" daemon [_thread_blocked, id=7304, stack(0x0000000015be0000,0x0000000015ce0000)]
  0x00000000022c0800 JavaThread "main" [_thread_in_vm, id=7608, stack(0x00000000021c0000,0x00000000022c0000)]

Other Threads:
  0x0000000014a57800 VMThread [stack: 0x0000000015ae0000,0x0000000015be0000] [id=7292]
  0x00000000162e6000 WatcherThread [stack: 0x00000000167e0000,0x00000000168e0000] [id=8128]

VM state:not at safepoint (normal execution)

VM Mutex/Monitor currently owned by a thread: None

Heap:
 PSYoungGen      total 38400K, used 18246K [0x00000000eab00000, 0x00000000ed580000, 0x0000000100000000)
  eden space 33280K, 39% used [0x00000000eab00000,0x00000000eb7d70a0,0x00000000ecb80000)
  from space 5120K, 99% used [0x00000000ecb80000,0x00000000ed07aab8,0x00000000ed080000)
  to   space 5120K, 0% used [0x00000000ed080000,0x00000000ed080000,0x00000000ed580000)
 ParOldGen       total 87552K, used 1511K [0x00000000c0000000, 0x00000000c5580000, 0x00000000eab00000)
  object space 87552K, 1% used [0x00000000c0000000,0x00000000c0179fc8,0x00000000c5580000)
 Metaspace       used 5966K, capacity 7024K, committed 7296K, reserved 1056768K
  class space    used 586K, capacity 616K, committed 640K, reserved 1048576K

Card table byte_map: [0x0000000011780000,0x0000000011990000] byte_map_base: 0x0000000011180000

Marking Bits: (ParMarkBitMap*) 0x000000006c994040
 Begin Bits: [0x0000000011ef0000, 0x0000000012ef0000)
 End Bits:   [0x0000000012ef0000, 0x0000000013ef0000)

Polling page: 0x00000000020d0000

CodeCache: size=245760Kb used=5373Kb max_used=5389Kb free=240386Kb
 bounds [0x00000000023c0000, 0x0000000002910000, 0x00000000113c0000]
 total_blobs=1620 nmethods=1351 adapters=182
 compilation: enabled

Compilation events (10 events):
Event: 1.061 Thread 0x0000000014aec000 1369       1       com.android.dx.dex.file.OffsettedItem::getAlignment (5 bytes)
Event: 1.061 Thread 0x0000000014aec000 nmethod 1369 0x0000000002901150 code [0x00000000029012a0, 0x00000000029013b0]
Event: 1.061 Thread 0x0000000014aec000 1370       1       com.android.dx.dex.file.Section::getAlignment (5 bytes)
Event: 1.061 Thread 0x0000000014aec000 nmethod 1370 0x0000000002901410 code [0x0000000002901560, 0x0000000002901670]
Event: 1.061 Thread 0x0000000014a8c000 nmethod 1320 0x00000000029016d0 code [0x0000000002901880, 0x0000000002902678]
Event: 1.061 Thread 0x0000000014a8c000 1345 %     4       com.android.dx.rop.code.RopMethod::calcPredecessors @ 35 (227 bytes)
Event: 1.061 Thread 0x0000000014aec000 1371       3       java.util.ArrayList::sort (48 bytes)
Event: 1.061 Thread 0x0000000014aec000 nmethod 1371 0x00000000029006d0 code [0x0000000002900840, 0x0000000002900a98]
Event: 1.075 Thread 0x0000000014a8c000 nmethod 1345% 0x00000000028fd150 code [0x00000000028fd320, 0x00000000028fe3f8]
Event: 1.075 Thread 0x0000000014a8c000 1351       4       com.android.dx.ssa.back.LivenessAnalyzer::run (231 bytes)

GC Heap History (2 events):
Event: 0.919 GC heap before
{Heap before GC invocations=1 (full 0):
 PSYoungGen      total 38400K, used 33280K [0x00000000eab00000, 0x00000000ed580000, 0x0000000100000000)
  eden space 33280K, 100% used [0x00000000eab00000,0x00000000ecb80000,0x00000000ecb80000)
  from space 5120K, 0% used [0x00000000ed080000,0x00000000ed080000,0x00000000ed580000)
  to   space 5120K, 0% used [0x00000000ecb80000,0x00000000ecb80000,0x00000000ed080000)
 ParOldGen       total 87552K, used 0K [0x00000000c0000000, 0x00000000c5580000, 0x00000000eab00000)
  object space 87552K, 0% used [0x00000000c0000000,0x00000000c0000000,0x00000000c5580000)
 Metaspace       used 5805K, capacity 6896K, committed 7040K, reserved 1056768K
  class space    used 580K, capacity 616K, committed 640K, reserved 1048576K
Event: 0.993 GC heap after
Heap after GC invocations=1 (full 0):
 PSYoungGen      total 38400K, used 5098K [0x00000000eab00000, 0x00000000ed580000, 0x0000000100000000)
  eden space 33280K, 0% used [0x00000000eab00000,0x00000000eab00000,0x00000000ecb80000)
  from space 5120K, 99% used [0x00000000ecb80000,0x00000000ed07aab8,0x00000000ed080000)
  to   space 5120K, 0% used [0x00000000ed080000,0x00000000ed080000,0x00000000ed580000)
 ParOldGen       total 87552K, used 1511K [0x00000000c0000000, 0x00000000c5580000, 0x00000000eab00000)
  object space 87552K, 1% used [0x00000000c0000000,0x00000000c0179fc8,0x00000000c5580000)
 Metaspace       used 5805K, capacity 6896K, committed 7040K, reserved 1056768K
  class space    used 580K, capacity 616K, committed 640K, reserved 1048576K
}

Deoptimization events (10 events):
Event: 0.343 Thread 0x0000000016433000 Uncommon trap: reason=unstable_if action=reinterpret pc=0x00000000025d6fe0 method=java.util.HashMap.getNode(ILjava/lang/Object;)Ljava/util/HashMap$Node; @ 129
Event: 0.533 Thread 0x0000000016438000 Uncommon trap: reason=bimorphic action=maybe_recompile pc=0x000000000263d2bc method=java.util.HashMap.getNode(ILjava/lang/Object;)Ljava/util/HashMap$Node; @ 126
Event: 0.634 Thread 0x0000000016431800 Uncommon trap: reason=unstable_if action=reinterpret pc=0x000000000271775c method=com.android.dx.rop.cst.Constant.compareTo(Lcom/android/dx/rop/cst/Constant;)I @ 12
Event: 0.838 Thread 0x00000000022c0800 Uncommon trap: reason=bimorphic action=maybe_recompile pc=0x000000000263d2bc method=java.util.HashMap.getNode(ILjava/lang/Object;)Ljava/util/HashMap$Node; @ 126
Event: 1.029 Thread 0x000000001642e000 Uncommon trap: reason=unstable_if action=reinterpret pc=0x000000000274b09c method=com.android.dx.rop.code.RegisterSpecSet.put(Lcom/android/dx/rop/code/RegisterSpec;)V @ 77
Event: 1.059 Thread 0x00000000022c0800 Uncommon trap: reason=class_check action=maybe_recompile pc=0x000000000285f29c method=java.util.Arrays.hashCode([Ljava/lang/Object;)I @ 43
Event: 1.059 Thread 0x00000000022c0800 Uncommon trap: reason=class_check action=maybe_recompile pc=0x000000000285f29c method=java.util.Arrays.hashCode([Ljava/lang/Object;)I @ 43
Event: 1.059 Thread 0x00000000022c0800 Uncommon trap: reason=class_check action=maybe_recompile pc=0x000000000285f29c method=java.util.Arrays.hashCode([Ljava/lang/Object;)I @ 43
Event: 1.059 Thread 0x00000000022c0800 Uncommon trap: reason=class_check action=maybe_recompile pc=0x000000000285f29c method=java.util.Arrays.hashCode([Ljava/lang/Object;)I @ 43
Event: 1.059 Thread 0x00000000022c0800 Uncommon trap: reason=class_check action=maybe_recompile pc=0x0000000002811578 method=java.util.Arrays.hashCode([Ljava/lang/Object;)I @ 43

Internal exceptions (2 events):
Event: 0.038 Thread 0x00000000022c0800 Exception <a 'java/lang/NoSuchMethodError': Method sun.misc.Unsafe.defineClass(Ljava/lang/String;[BII)Ljava/lang/Class; name or signature does not match> (0x00000000eab0d530) thrown at [C:\re\workspace\8-2-build-windows-amd64-cygwin\jdk8u51\3951\hotspot\srš®zˆaK£?
Event: 0.038 Thread 0x00000000022c0800 Exception <a 'java/lang/NoSuchMethodError': Method sun.misc.Unsafe.prefetchRead(Ljava/lang/Object;J)V name or signature does not match> (0x00000000eab0d7c0) thrown at [C:\re\workspace\8-2-build-windows-amd64-cygwin\jdk8u51\3951\hotspot\src\share\vm\prims\j

Events (10 events):
Event: 1.059 Thread 0x00000000022c0800 DEOPT UNPACKING pc=0x000000000240582a sp=0x00000000022be990 mode 2
Event: 1.059 Thread 0x00000000022c0800 Uncommon trap: trap_request=0xffffffde fr.pc=0x000000000285f29c
Event: 1.059 Thread 0x00000000022c0800 DEOPT PACKING pc=0x000000000285f29c sp=0x00000000022beaa0
Event: 1.059 Thread 0x00000000022c0800 DEOPT UNPACKING pc=0x000000000240582a sp=0x00000000022be9d0 mode 2
Event: 1.059 Thread 0x00000000022c0800 Uncommon trap: trap_request=0xffffffde fr.pc=0x000000000285f29c
Event: 1.059 Thread 0x00000000022c0800 DEOPT PACKING pc=0x000000000285f29c sp=0x00000000022bea60
Event: 1.059 Thread 0x00000000022c0800 DEOPT UNPACKING pc=0x000000000240582a sp=0x00000000022be990 mode 2
Event: 1.059 Thread 0x00000000022c0800 Uncommon trap: trap_request=0xffffffde fr.pc=0x0000000002811578
Event: 1.059 Thread 0x00000000022c0800 DEOPT PACKING pc=0x0000000002811578 sp=0x00000000022bea50
Event: 1.059 Thread 0x00000000022c0800 DEOPT UNPACKING pc=0x000000000240582a sp=0x00000000022be9d8 mode 2


Dynamic libraries:
0x00007ff68b100000 - 0x00007ff68b137000 	C:\Program Files\Java\jdk1.8.0_51\bin\java.exe
0x00007ff9f46a0000 - 0x00007ff9f484d000 	C:\Windows\SYSTEM32\ntdll.dll
0x00007ff9f21f0000 - 0x00007ff9f232e000 	C:\Windows\system32\KERNEL32.DLL
0x00007ff9f1c00000 - 0x00007ff9f1d15000 	C:\Windows\system32\KERNELBASE.dll
0x00007ff9f0390000 - 0x00007ff9f041e000 	C:\Windows\system32\apphelp.dll
0x00007ff9e34b0000 - 0x00007ff9e3503000 	C:\Windows\AppPatch\AppPatch64\AcGenral.DLL
0x00007ff9f27d0000 - 0x00007ff9f287a000 	C:\Windows\system32\msvcrt.dll
0x00007ff9f1620000 - 0x00007ff9f164e000 	C:\Windows\SYSTEM32\SspiCli.dll
0x00007ff9f2180000 - 0x00007ff9f21d4000 	C:\Windows\system32\SHLWAPI.dll
0x00007ff9f4520000 - 0x00007ff9f4697000 	C:\Windows\system32\USER32.dll
0x00007ff9f2380000 - 0x00007ff9f2514000 	C:\Windows\system32\ole32.dll
0x00007ff9f2e40000 - 0x00007ff9f436a000 	C:\Windows\system32\SHELL32.dll
0x00007ff9f0df0000 - 0x00007ff9f0e11000 	C:\Windows\SYSTEM32\USERENV.dll
0x00007ff9f2880000 - 0x00007ff9f292a000 	C:\Windows\system32\ADVAPI32.dll
0x00007ff9ea5e0000 - 0x00007ff9ea5fe000 	C:\Windows\SYSTEM32\MPR.dll
0x00007ff9f43d0000 - 0x00007ff9f4511000 	C:\Windows\system32\RPCRT4.dll
0x00007ff9f2c90000 - 0x00007ff9f2ce9000 	C:\Windows\SYSTEM32\sechost.dll
0x00007ff9f2940000 - 0x00007ff9f2b51000 	C:\Windows\SYSTEM32\combase.dll
0x00007ff9f2cf0000 - 0x00007ff9f2e40000 	C:\Windows\system32\GDI32.dll
0x00007ff9f17f0000 - 0x00007ff9f1805000 	C:\Windows\SYSTEM32\profapi.dll
0x00007ff9efbb0000 - 0x00007ff9efc62000 	C:\Windows\SYSTEM32\SHCORE.dll
0x00007ff9f2330000 - 0x00007ff9f2366000 	C:\Windows\system32\IMM32.DLL
0x00007ff9f2520000 - 0x00007ff9f2672000 	C:\Windows\system32\MSCTF.dll
0x00007ff9ef0d0000 - 0x00007ff9ef34b000 	C:\Windows\WinSxS\amd64_microsoft.windows.common-controls_6595b64144ccf1df_6.0.9600.18006_none_623f33d3ecbe86e8\COMCTL32.dll
0x000000006ba70000 - 0x000000006bb42000 	C:\Program Files\Java\jdk1.8.0_51\jre\bin\msvcr100.dll
0x000000006c190000 - 0x000000006ca13000 	C:\Program Files\Java\jdk1.8.0_51\jre\bin\server\jvm.dll
0x00007ff9e79b0000 - 0x00007ff9e79b9000 	C:\Windows\SYSTEM32\WSOCK32.dll
0x00007ff9ea360000 - 0x00007ff9ea382000 	C:\Windows\SYSTEM32\WINMM.dll
0x00007ff9e8410000 - 0x00007ff9e841a000 	C:\Windows\SYSTEM32\VERSION.dll
0x00007ff9f2370000 - 0x00007ff9f2377000 	C:\Windows\system32\PSAPI.DLL
0x00007ff9f4370000 - 0x00007ff9f43ca000 	C:\Windows\system32\WS2_32.dll
0x00007ff9ea320000 - 0x00007ff9ea34a000 	C:\Windows\SYSTEM32\WINMMBASE.dll
0x00007ff9f2c80000 - 0x00007ff9f2c89000 	C:\Windows\system32\NSI.dll
0x00007ff9f1970000 - 0x00007ff9f19bf000 	C:\Windows\SYSTEM32\cfgmgr32.dll
0x00007ff9f0610000 - 0x00007ff9f0638000 	C:\Windows\SYSTEM32\DEVOBJ.dll
0x000000006cbc0000 - 0x000000006cbcf000 	C:\Program Files\Java\jdk1.8.0_51\jre\bin\verify.dll
0x000000006cb90000 - 0x000000006cbb9000 	C:\Program Files\Java\jdk1.8.0_51\jre\bin\java.dll
0x000000006cb70000 - 0x000000006cb86000 	C:\Program Files\Java\jdk1.8.0_51\jre\bin\zip.dll
0x00007ff9e6810000 - 0x00007ff9e6999000 	C:\Windows\SYSTEM32\dbghelp.dll

VM Arguments:
jvm_args: -Xmx1024M -Dfile.encoding=windows-1252 -Duser.country=US -Duser.language=en -Duser.variant 
java_command: com.android.dx.command.Main --dex --num-threads=4 --output C:\Users\Admin-PC\Desktop\Brainbox\BrainBox\BrainBoxStudent\app\build\intermediates\pre-dexed\debug\classes-847cfdfc7f592bb05bef84bc97656e1a2281a57c.jar C:\Users\Admin-PC\Desktop\Brainbox\BrainBox\BrainBoxStudent\app\build\intermediates\exploded-aar\com.google.android.gms\play-services-appindexing\8.4.0\jars\classes.jar
java_class_path (initial): C:\Users\Admin-PC\AppData\Local\Android\sdk2\build-tools\23.0.1\lib\dx.jar
Launcher Type: SUN_STANDARD

Environment Variables:
JAVA_HOME=C:\Program Files\Java\jdk1.8.0_51
PATH=C:\ProgramData\Oracle\Java\javapath;C:\Windows\system32;C:\Windows;C:\Windows\System32\Wbem;C:\Windows\System32\WindowsPowerShell\v1.0\;C:\Program Files\TortoiseGit\bin;C:\Program Files (x86)\Windows Live\Shared;C:\Program Files\nodejs\;C:\Program Files (x86)\QuickTime\QTSystem\;C:\Program Files (x86)\MySQL\MySQL Fabric 1.5 & MySQL Utilities 1.5\;C:\Program Files (x86)\MySQL\MySQL Fabric 1.5 & MySQL Utilities 1.5\Doctrine extensions for PHP\;C:\Program Files\Java\jdk1.8.0_51\bin;C:\Users\Admin-PC\AppData\Roaming\npm;C:\Users\Admin-PC\AppData\Local\atom\bin
USERNAME=Admin-PC
OS=Windows_NT
PROCESSOR_IDENTIFIER=Intel64 Family 6 Model 60 Stepping 3, GenuineIntel



---------------  S Y S T E M  ---------------

OS: Windows 8.1 , 64 bit Build 9600 (6.3.9600.17415)

CPU:total 4 (4 cores per cpu, 1 threads per core) family 6 model 60 stepping 3, cmov, cx8, fxsr, mmx, sse, sse2, sse3, ssse3, sse4.1, sse4.2, popcnt, avx, avx2, aes, clmul, erms, lzcnt, tsc, tscinvbit, bmi1, bmi2

Memory: 4k page, physical 8278240k(1024848k free), swap 11423968k(5124k free)

vm_info: Java HotSpot(TM) 64-Bit Server VM (25.51-b03) for windows-amd64 JRE (1.8.0_51-b16), built on Jun  8 2015 18:03:07 by "java_re" with MS VC++ 10.0 (VS2010)

time: Fri Feb 19 17:43:14 2016
elapsed time: 1 seconds (0d 0h 0m 1s)

