#
# There is insufficient memory for the Java Runtime Environment to continue.
# Native memory allocation (malloc) failed to allocate 146512 bytes for Chunk::new
# Possible reasons:
#   The system is out of physical RAM or swap space
#   In 32 bit mode, the process size limit was hit
# Possible solutions:
#   Reduce memory load on the system
#   Increase physical memory or swap space
#   Check if swap backing store is full
#   Use 64 bit Java on a 64 bit OS
#   Decrease Java heap size (-Xmx/-Xms)
#   Decrease number of Java threads
#   Decrease Java thread stack sizes (-Xss)
#   Set larger code cache with -XX:ReservedCodeCacheSize=
# This output file may be truncated or incomplete.
#
#  Out of Memory Error (allocation.cpp:390), pid=7288, tid=7544
#
# JRE version: Java(TM) SE Runtime Environment (8.0_51-b16) (build 1.8.0_51-b16)
# Java VM: Java HotSpot(TM) 64-Bit Server VM (25.51-b03 mixed mode windows-amd64 compressed oops)
# Failed to write core dump. Minidumps are not enabled by default on client versions of Windows
#

---------------  T H R E A D  ---------------

Current thread (0x00000000147ec000):  JavaThread "C2 CompilerThread0" daemon [_thread_in_native, id=7544, stack(0x0000000015d40000,0x0000000015e40000)]

Stack: [0x0000000015d40000,0x0000000015e40000]
Native frames: (J=compiled Java code, j=interpreted, Vv=VM code, C=native code)
V  [jvm.dll+0x32b4ca]


Current CompileTask:
C2:   1495 1198       4       com.android.dx.rop.code.RopMethod::labelToPredecessors (54 bytes)


---------------  P R O C E S S  ---------------

Java Threads: ( => current thread )
  0x00000000162a4000 JavaThread "pool-1-thread-4" [_thread_blocked, id=7704, stack(0x0000000016a40000,0x0000000016b40000)]
  0x00000000162a0000 JavaThread "pool-1-thread-3" [_thread_in_Java, id=7700, stack(0x0000000016940000,0x0000000016a40000)]
  0x000000001629f800 JavaThread "pool-1-thread-2" [_thread_blocked, id=7696, stack(0x0000000016840000,0x0000000016940000)]
  0x000000001629d800 JavaThread "pool-2-thread-1" [_thread_blocked, id=7692, stack(0x0000000016740000,0x0000000016840000)]
  0x0000000016293800 JavaThread "pool-1-thread-1" [_thread_in_Java, id=7688, stack(0x0000000016640000,0x0000000016740000)]
  0x000000001605d000 JavaThread "Service Thread" daemon [_thread_blocked, id=7616, stack(0x0000000016440000,0x0000000016540000)]
  0x0000000014843800 JavaThread "C1 CompilerThread2" daemon [_thread_blocked, id=7576, stack(0x0000000015f40000,0x0000000016040000)]
  0x00000000147ef800 JavaThread "C2 CompilerThread1" daemon [_thread_in_native, id=7548, stack(0x0000000015e40000,0x0000000015f40000)]
=>0x00000000147ec000 JavaThread "C2 CompilerThread0" daemon [_thread_in_native, id=7544, stack(0x0000000015d40000,0x0000000015e40000)]
  0x00000000147ea800 JavaThread "Attach Listener" daemon [_thread_blocked, id=7540, stack(0x0000000015c40000,0x0000000015d40000)]
  0x00000000147e9000 JavaThread "Signal Dispatcher" daemon [_thread_blocked, id=7536, stack(0x0000000015b40000,0x0000000015c40000)]
  0x0000000002020000 JavaThread "Finalizer" daemon [_thread_blocked, id=7516, stack(0x0000000015a40000,0x0000000015b40000)]
  0x000000000201d000 JavaThread "Reference Handler" daemon [_thread_blocked, id=7508, stack(0x0000000015940000,0x0000000015a40000)]
  0x0000000001f30800 JavaThread "main" [_thread_in_Java, id=7408, stack(0x0000000001d80000,0x0000000001e80000)]

Other Threads:
  0x00000000147b7800 VMThread [stack: 0x0000000015840000,0x0000000015940000] [id=7488]
  0x000000001605f000 WatcherThread [stack: 0x0000000016540000,0x0000000016640000] [id=7620]

VM state:not at safepoint (normal execution)

VM Mutex/Monitor currently owned by a thread: None

Heap:
 PSYoungGen      total 38400K, used 17875K [0x00000000eab00000, 0x00000000ed580000, 0x0000000100000000)
  eden space 33280K, 38% used [0x00000000eab00000,0x00000000eb777678,0x00000000ecb80000)
  from space 5120K, 99% used [0x00000000ecb80000,0x00000000ed07d898,0x00000000ed080000)
  to   space 5120K, 0% used [0x00000000ed080000,0x00000000ed080000,0x00000000ed580000)
 ParOldGen       total 87552K, used 4432K [0x00000000c0000000, 0x00000000c5580000, 0x00000000eab00000)
  object space 87552K, 5% used [0x00000000c0000000,0x00000000c0454178,0x00000000c5580000)
 Metaspace       used 5820K, capacity 6896K, committed 7040K, reserved 1056768K
  class space    used 577K, capacity 616K, committed 640K, reserved 1048576K

Card table byte_map: [0x00000000114e0000,0x00000000116f0000] byte_map_base: 0x0000000010ee0000

Marking Bits: (ParMarkBitMap*) 0x000000006c994040
 Begin Bits: [0x0000000011c50000, 0x0000000012c50000)
 End Bits:   [0x0000000012c50000, 0x0000000013c50000)

Polling page: 0x0000000001e80000

CodeCache: size=245760Kb used=5105Kb max_used=5105Kb free=240654Kb
 bounds [0x0000000002120000, 0x0000000002620000, 0x0000000011120000]
 total_blobs=1531 nmethods=1261 adapters=182
 compilation: disabled (not enough contiguous free space left)

Compilation events (10 events):
Event: 1.481 Thread 0x0000000014843800 1262       1       java.util.concurrent.locks.AbstractOwnableSynchronizer::getExclusiveOwnerThread (5 bytes)
Event: 1.481 Thread 0x0000000014843800 nmethod 1262 0x0000000002614e90 code [0x0000000002614fe0, 0x00000000026150f0]
Event: 1.482 Thread 0x0000000014843800 1264       2       com.android.dx.cf.code.ConcreteMethod::getCode (8 bytes)
Event: 1.482 Thread 0x0000000014843800 nmethod 1264 0x0000000002618690 code [0x00000000026187e0, 0x0000000002618930]
Event: 1.483 Thread 0x0000000014843800 1266       2       com.android.dx.dex.file.ValueEncoder::addContents (75 bytes)
Event: 1.483 Thread 0x00000000147ef800 nmethod 1200 0x00000000026189d0 code [0x0000000002618b60, 0x0000000002619478]
Event: 1.483 Thread 0x00000000147ef800 1242   !   4       com.android.dx.cf.code.BytecodeArray::parseInstruction (2764 bytes)
Event: 1.483 Thread 0x0000000014843800 nmethod 1266 0x0000000002617e50 code [0x0000000002618000, 0x00000000026183a8]
Event: 1.483 Thread 0x0000000014843800 1265       2       com.android.dx.cf.code.BytecodeArray::size (8 bytes)
Event: 1.483 Thread 0x0000000014843800 nmethod 1265 0x0000000002617b10 code [0x0000000002617c60, 0x0000000002617db0]

GC Heap History (2 events):
Event: 1.416 GC heap before
{Heap before GC invocations=1 (full 0):
 PSYoungGen      total 38400K, used 33280K [0x00000000eab00000, 0x00000000ed580000, 0x0000000100000000)
  eden space 33280K, 100% used [0x00000000eab00000,0x00000000ecb80000,0x00000000ecb80000)
  from space 5120K, 0% used [0x00000000ed080000,0x00000000ed080000,0x00000000ed580000)
  to   space 5120K, 0% used [0x00000000ecb80000,0x00000000ecb80000,0x00000000ed080000)
 ParOldGen       total 87552K, used 0K [0x00000000c0000000, 0x00000000c5580000, 0x00000000eab00000)
  object space 87552K, 0% used [0x00000000c0000000,0x00000000c0000000,0x00000000c5580000)
 Metaspace       used 5784K, capacity 6832K, committed 7040K, reserved 1056768K
  class space    used 577K, capacity 616K, committed 640K, reserved 1048576K
Event: 1.469 GC heap after
Heap after GC invocations=1 (full 0):
 PSYoungGen      total 38400K, used 5110K [0x00000000eab00000, 0x00000000ed580000, 0x0000000100000000)
  eden space 33280K, 0% used [0x00000000eab00000,0x00000000eab00000,0x00000000ecb80000)
  from space 5120K, 99% used [0x00000000ecb80000,0x00000000ed07d898,0x00000000ed080000)
  to   space 5120K, 0% used [0x00000000ed080000,0x00000000ed080000,0x00000000ed580000)
 ParOldGen       total 87552K, used 4432K [0x00000000c0000000, 0x00000000c5580000, 0x00000000eab00000)
  object space 87552K, 5% used [0x00000000c0000000,0x00000000c0454178,0x00000000c5580000)
 Metaspace       used 5784K, capacity 6832K, committed 7040K, reserved 1056768K
  class space    used 577K, capacity 616K, committed 640K, reserved 1048576K
}

Deoptimization events (9 events):
Event: 0.719 Thread 0x0000000001f30800 Uncommon trap: reason=unstable_if action=reinterpret pc=0x0000000002354df4 method=java.util.HashMap.getNode(ILjava/lang/Object;)Ljava/util/HashMap$Node; @ 62
Event: 0.725 Thread 0x0000000001f30800 Uncommon trap: reason=unstable_if action=reinterpret pc=0x000000000237a670 method=java.util.BitSet.nextSetBit(I)I @ 87
Event: 0.961 Thread 0x00000000162a4000 Uncommon trap: reason=unstable_if action=reinterpret pc=0x00000000023a95f4 method=java.util.BitSet.ensureCapacity(I)V @ 6
Event: 1.015 Thread 0x00000000162a0000 Uncommon trap: reason=unstable_if action=reinterpret pc=0x00000000023801f4 method=java.util.HashMap.getNode(ILjava/lang/Object;)Ljava/util/HashMap$Node; @ 62
Event: 1.035 Thread 0x000000001629f800 Uncommon trap: reason=unstable_if action=reinterpret pc=0x00000000024a01f8 method=com.android.dx.cf.code.Ropper.labelToResultIndex(I)I @ 34
Event: 1.472 Thread 0x000000001629f800 Uncommon trap: reason=bimorphic action=maybe_recompile pc=0x00000000025db5e8 method=com.android.dx.cf.code.BytecodeArray.parseInstruction(ILcom/android/dx/cf/code/BytecodeArray$Visitor;)I @ 1501
Event: 1.473 Thread 0x000000001629f800 Uncommon trap: reason=bimorphic action=maybe_recompile pc=0x00000000025dac9c method=com.android.dx.cf.code.BytecodeArray.parseInstruction(ILcom/android/dx/cf/code/BytecodeArray$Visitor;)I @ 2135
Event: 1.473 Thread 0x000000001629f800 Uncommon trap: reason=bimorphic action=maybe_recompile pc=0x00000000025dac9c method=com.android.dx.cf.code.BytecodeArray.parseInstruction(ILcom/android/dx/cf/code/BytecodeArray$Visitor;)I @ 2135
Event: 1.474 Thread 0x000000001629f800 Uncommon trap: reason=bimorphic action=maybe_recompile pc=0x00000000025db5e8 method=com.android.dx.cf.code.BytecodeArray.parseInstruction(ILcom/android/dx/cf/code/BytecodeArray$Visitor;)I @ 1501

Internal exceptions (2 events):
Event: 0.029 Thread 0x0000000001f30800 Exception <a 'java/lang/NoSuchMethodError': Method sun.misc.Unsafe.defineClass(Ljava/lang/String;[BII)Ljava/lang/Class; name or signature does not match> (0x00000000eab0d3b0) thrown at [C:\re\workspace\8-2-build-windows-amd64-cygwin\jdk8u51\3951\hotspot\sr—Jõ§'∑ù?
Event: 0.029 Thread 0x0000000001f30800 Exception <a 'java/lang/NoSuchMethodError': Method sun.misc.Unsafe.prefetchRead(Ljava/lang/Object;J)V name or signature does not match> (0x00000000eab0d640) thrown at [C:\re\workspace\8-2-build-windows-amd64-cygwin\jdk8u51\3951\hotspot\src\share\vm\prims\j

Events (10 events):
Event: 1.472 Thread 0x000000001629f800 DEOPT UNPACKING pc=0x000000000216582a sp=0x000000001693ed30 mode 2
Event: 1.473 Thread 0x000000001629f800 Uncommon trap: trap_request=0xffffffc6 fr.pc=0x00000000025dac9c
Event: 1.473 Thread 0x000000001629f800 DEOPT PACKING pc=0x00000000025dac9c sp=0x000000001693eda0
Event: 1.473 Thread 0x000000001629f800 DEOPT UNPACKING pc=0x000000000216582a sp=0x000000001693ed40 mode 2
Event: 1.473 Thread 0x000000001629f800 Uncommon trap: trap_request=0xffffffc6 fr.pc=0x00000000025dac9c
Event: 1.473 Thread 0x000000001629f800 DEOPT PACKING pc=0x00000000025dac9c sp=0x000000001693eda0
Event: 1.473 Thread 0x000000001629f800 DEOPT UNPACKING pc=0x000000000216582a sp=0x000000001693ed40 mode 2
Event: 1.474 Thread 0x000000001629f800 Uncommon trap: trap_request=0xffffffc6 fr.pc=0x00000000025db5e8
Event: 1.474 Thread 0x000000001629f800 DEOPT PACKING pc=0x00000000025db5e8 sp=0x000000001693eb60
Event: 1.474 Thread 0x000000001629f800 DEOPT UNPACKING pc=0x000000000216582a sp=0x000000001693eaf0 mode 2


Dynamic libraries:
0x00007ff68b100000 - 0x00007ff68b137000 	C:\Program Files\Java\jdk1.8.0_51\bin\java.exe
0x00007ff9f46a0000 - 0x00007ff9f484d000 	C:\Windows\SYSTEM32\ntdll.dll
0x00007ff9f21f0000 - 0x00007ff9f232e000 	C:\Windows\system32\KERNEL32.DLL
0x00007ff9f1c00000 - 0x00007ff9f1d15000 	C:\Windows\system32\KERNELBASE.dll
0x00007ff9f0390000 - 0x00007ff9f041e000 	C:\Windows\system32\apphelp.dll
0x00007ff9e34b0000 - 0x00007ff9e3503000 	C:\Windows\AppPatch\AppPatch64\AcGenral.DLL
0x00007ff9f27d0000 - 0x00007ff9f287a000 	C:\Windows\system32\msvcrt.dll
0x00007ff9f1620000 - 0x00007ff9f164e000 	C:\Windows\SYSTEM32\SspiCli.dll
0x00007ff9f2180000 - 0x00007ff9f21d4000 	C:\Windows\system32\SHLWAPI.dll
0x00007ff9f4520000 - 0x00007ff9f4697000 	C:\Windows\system32\USER32.dll
0x00007ff9f2380000 - 0x00007ff9f2514000 	C:\Windows\system32\ole32.dll
0x00007ff9f2e40000 - 0x00007ff9f436a000 	C:\Windows\system32\SHELL32.dll
0x00007ff9f0df0000 - 0x00007ff9f0e11000 	C:\Windows\SYSTEM32\USERENV.dll
0x00007ff9f2880000 - 0x00007ff9f292a000 	C:\Windows\system32\ADVAPI32.dll
0x00007ff9ea5e0000 - 0x00007ff9ea5fe000 	C:\Windows\SYSTEM32\MPR.dll
0x00007ff9f43d0000 - 0x00007ff9f4511000 	C:\Windows\system32\RPCRT4.dll
0x00007ff9f2c90000 - 0x00007ff9f2ce9000 	C:\Windows\SYSTEM32\sechost.dll
0x00007ff9f2940000 - 0x00007ff9f2b51000 	C:\Windows\SYSTEM32\combase.dll
0x00007ff9f2cf0000 - 0x00007ff9f2e40000 	C:\Windows\system32\GDI32.dll
0x00007ff9f17f0000 - 0x00007ff9f1805000 	C:\Windows\SYSTEM32\profapi.dll
0x00007ff9efbb0000 - 0x00007ff9efc62000 	C:\Windows\SYSTEM32\SHCORE.dll
0x00007ff9f2330000 - 0x00007ff9f2366000 	C:\Windows\system32\IMM32.DLL
0x00007ff9f2520000 - 0x00007ff9f2672000 	C:\Windows\system32\MSCTF.dll
0x00007ff9ef0d0000 - 0x00007ff9ef34b000 	C:\Windows\WinSxS\amd64_microsoft.windows.common-controls_6595b64144ccf1df_6.0.9600.18006_none_623f33d3ecbe86e8\COMCTL32.dll
0x000000006ba70000 - 0x000000006bb42000 	C:\Program Files\Java\jdk1.8.0_51\jre\bin\msvcr100.dll
0x000000006c190000 - 0x000000006ca13000 	C:\Program Files\Java\jdk1.8.0_51\jre\bin\server\jvm.dll
0x00007ff9e79b0000 - 0x00007ff9e79b9000 	C:\Windows\SYSTEM32\WSOCK32.dll
0x00007ff9ea360000 - 0x00007ff9ea382000 	C:\Windows\SYSTEM32\WINMM.dll
0x00007ff9e8410000 - 0x00007ff9e841a000 	C:\Windows\SYSTEM32\VERSION.dll
0x00007ff9f2370000 - 0x00007ff9f2377000 	C:\Windows\system32\PSAPI.DLL
0x00007ff9f4370000 - 0x00007ff9f43ca000 	C:\Windows\system32\WS2_32.dll
0x00007ff9ea320000 - 0x00007ff9ea34a000 	C:\Windows\SYSTEM32\WINMMBASE.dll
0x00007ff9f2c80000 - 0x00007ff9f2c89000 	C:\Windows\system32\NSI.dll
0x00007ff9f1970000 - 0x00007ff9f19bf000 	C:\Windows\SYSTEM32\cfgmgr32.dll
0x00007ff9f0610000 - 0x00007ff9f0638000 	C:\Windows\SYSTEM32\DEVOBJ.dll
0x000000006cbc0000 - 0x000000006cbcf000 	C:\Program Files\Java\jdk1.8.0_51\jre\bin\verify.dll
0x000000006cb90000 - 0x000000006cbb9000 	C:\Program Files\Java\jdk1.8.0_51\jre\bin\java.dll
0x000000006cb70000 - 0x000000006cb86000 	C:\Program Files\Java\jdk1.8.0_51\jre\bin\zip.dll

VM Arguments:
jvm_args: -Xmx1024M -Dfile.encoding=windows-1252 -Duser.country=US -Duser.language=en -Duser.variant 
java_command: com.android.dx.command.Main --dex --num-threads=4 --output C:\Users\Admin-PC\Desktop\Brainbox\BrainBox\BrainBoxStudent\app\build\intermediates\pre-dexed\debug\classes-c25ea05f7057890300d7e7e011ee7fb42d6a88dd.jar C:\Users\Admin-PC\Desktop\Brainbox\BrainBox\BrainBoxStudent\app\build\intermediates\exploded-aar\com.google.android.gms\play-services-analytics\8.4.0\jars\classes.jar
java_class_path (initial): C:\Users\Admin-PC\AppData\Local\Android\sdk2\build-tools\23.0.1\lib\dx.jar
Launcher Type: SUN_STANDARD

Environment Variables:
JAVA_HOME=C:\Program Files\Java\jdk1.8.0_51
PATH=C:\ProgramData\Oracle\Java\javapath;C:\Windows\system32;C:\Windows;C:\Windows\System32\Wbem;C:\Windows\System32\WindowsPowerShell\v1.0\;C:\Program Files\TortoiseGit\bin;C:\Program Files (x86)\Windows Live\Shared;C:\Program Files\nodejs\;C:\Program Files (x86)\QuickTime\QTSystem\;C:\Program Files (x86)\MySQL\MySQL Fabric 1.5 & MySQL Utilities 1.5\;C:\Program Files (x86)\MySQL\MySQL Fabric 1.5 & MySQL Utilities 1.5\Doctrine extensions for PHP\;C:\Program Files\Java\jdk1.8.0_51\bin;C:\Users\Admin-PC\AppData\Roaming\npm;C:\Users\Admin-PC\AppData\Local\atom\bin
USERNAME=Admin-PC
OS=Windows_NT
PROCESSOR_IDENTIFIER=Intel64 Family 6 Model 60 Stepping 3, GenuineIntel



---------------  S Y S T E M  ---------------

OS: Windows 8.1 , 64 bit Build 9600 (6.3.9600.17415)

CPU:total 4 (4 cores per cpu, 1 threads per core) family 6 model 60 stepping 3, cmov, cx8, fxsr, mmx, sse, sse2, sse3, ssse3, sse4.1, sse4.2, popcnt, avx, avx2, aes, clmul, erms, lzcnt, tsc, tscinvbit, bmi1, bmi2

Memory: 4k page, physical 8278240k(840784k free), swap 11423968k(5116k free)

vm_info: Java HotSpot(TM) 64-Bit Server VM (25.51-b03) for windows-amd64 JRE (1.8.0_51-b16), built on Jun  8 2015 18:03:07 by "java_re" with MS VC++ 10.0 (VS2010)

time: Fri Feb 19 17:42:52 2016
elapsed time: 1 seconds (0d 0h 0m 1s)

