#
# There is insufficient memory for the Java Runtime Environment to continue.
# Native memory allocation (malloc) failed to allocate 447376 bytes for Chunk::new
# Possible reasons:
#   The system is out of physical RAM or swap space
#   In 32 bit mode, the process size limit was hit
# Possible solutions:
#   Reduce memory load on the system
#   Increase physical memory or swap space
#   Check if swap backing store is full
#   Use 64 bit Java on a 64 bit OS
#   Decrease Java heap size (-Xmx/-Xms)
#   Decrease number of Java threads
#   Decrease Java thread stack sizes (-Xss)
#   Set larger code cache with -XX:ReservedCodeCacheSize=
# This output file may be truncated or incomplete.
#
#  Out of Memory Error (allocation.cpp:390), pid=5712, tid=1552
#
# JRE version: Java(TM) SE Runtime Environment (8.0_51-b16) (build 1.8.0_51-b16)
# Java VM: Java HotSpot(TM) 64-Bit Server VM (25.51-b03 mixed mode windows-amd64 compressed oops)
# Failed to write core dump. Minidumps are not enabled by default on client versions of Windows
#

---------------  T H R E A D  ---------------

Current thread (0x0000000015136800):  JavaThread "C2 CompilerThread1" daemon [_thread_in_native, id=1552, stack(0x0000000016760000,0x0000000016860000)]

Stack: [0x0000000016760000,0x0000000016860000]
Native frames: (J=compiled Java code, j=interpreted, Vv=VM code, C=native code)
V  [jvm.dll+0x32b4ca]


Current CompileTask:
C2:   1422 1347       4       com.android.dx.ssa.back.LivenessAnalyzer::run (231 bytes)


---------------  P R O C E S S  ---------------

Java Threads: ( => current thread )
  0x0000000016c36800 JavaThread "pool-1-thread-4" [_thread_blocked, id=7176, stack(0x0000000017360000,0x0000000017460000)]
  0x0000000016c31800 JavaThread "pool-1-thread-3" [_thread_blocked, id=7172, stack(0x0000000017260000,0x0000000017360000)]
  0x0000000016c30800 JavaThread "pool-1-thread-2" [_thread_blocked, id=6888, stack(0x0000000017160000,0x0000000017260000)]
  0x0000000016c2e000 JavaThread "pool-2-thread-1" [_thread_blocked, id=2184, stack(0x0000000017060000,0x0000000017160000)]
  0x0000000016c2a000 JavaThread "pool-1-thread-1" [_thread_blocked, id=6916, stack(0x0000000016f60000,0x0000000017060000)]
  0x0000000016966000 JavaThread "Service Thread" daemon [_thread_blocked, id=5012, stack(0x0000000016d60000,0x0000000016e60000)]
  0x000000001513d000 JavaThread "C1 CompilerThread2" daemon [_thread_blocked, id=772, stack(0x0000000016860000,0x0000000016960000)]
=>0x0000000015136800 JavaThread "C2 CompilerThread1" daemon [_thread_in_native, id=1552, stack(0x0000000016760000,0x0000000016860000)]
  0x00000000150dd000 JavaThread "C2 CompilerThread0" daemon [_thread_blocked, id=6628, stack(0x0000000016660000,0x0000000016760000)]
  0x00000000150db800 JavaThread "Attach Listener" daemon [_thread_blocked, id=6964, stack(0x0000000016560000,0x0000000016660000)]
  0x00000000150da000 JavaThread "Signal Dispatcher" daemon [_thread_blocked, id=1020, stack(0x0000000016460000,0x0000000016560000)]
  0x0000000002987000 JavaThread "Finalizer" daemon [_thread_blocked, id=4336, stack(0x0000000016360000,0x0000000016460000)]
  0x000000000297d000 JavaThread "Reference Handler" daemon [_thread_blocked, id=6024, stack(0x0000000016260000,0x0000000016360000)]
  0x0000000002890800 JavaThread "main" [_thread_in_vm, id=908, stack(0x0000000002750000,0x0000000002850000)]

Other Threads:
  0x00000000150a7800 VMThread [stack: 0x0000000016160000,0x0000000016260000] [id=5676]
  0x0000000016967000 WatcherThread [stack: 0x0000000016e60000,0x0000000016f60000] [id=6596]

VM state:not at safepoint (normal execution)

VM Mutex/Monitor currently owned by a thread: None

Heap:
 PSYoungGen      total 38400K, used 10827K [0x00000000eab00000, 0x00000000ed580000, 0x0000000100000000)
  eden space 33280K, 17% used [0x00000000eab00000,0x00000000eb098448,0x00000000ecb80000)
  from space 5120K, 99% used [0x00000000ecb80000,0x00000000ed07aab8,0x00000000ed080000)
  to   space 5120K, 0% used [0x00000000ed080000,0x00000000ed080000,0x00000000ed580000)
 ParOldGen       total 87552K, used 1697K [0x00000000c0000000, 0x00000000c5580000, 0x00000000eab00000)
  object space 87552K, 1% used [0x00000000c0000000,0x00000000c01a8528,0x00000000c5580000)
 Metaspace       used 5921K, capacity 7024K, committed 7296K, reserved 1056768K
  class space    used 584K, capacity 616K, committed 640K, reserved 1048576K

Card table byte_map: [0x0000000011dd0000,0x0000000011fe0000] byte_map_base: 0x00000000117d0000

Marking Bits: (ParMarkBitMap*) 0x000000006c994040
 Begin Bits: [0x0000000012540000, 0x0000000013540000)
 End Bits:   [0x0000000013540000, 0x0000000014540000)

Polling page: 0x0000000000e70000

CodeCache: size=245760Kb used=5516Kb max_used=5527Kb free=240243Kb
 bounds [0x0000000002a10000, 0x0000000002f80000, 0x0000000011a10000]
 total_blobs=1609 nmethods=1340 adapters=182
 compilation: enabled

Compilation events (10 events):
Event: 1.401 Thread 0x000000001513d000 nmethod 1343 0x0000000002f6d790 code [0x0000000002f6db20, 0x0000000002f6fb18]
Event: 1.401 Thread 0x000000001513d000 1342   !   3       com.android.dx.cf.code.ExecutionStack::merge (31 bytes)
Event: 1.401 Thread 0x000000001513d000 nmethod 1342 0x0000000002f5af10 code [0x0000000002f5b0c0, 0x0000000002f5b568]
Event: 1.401 Thread 0x000000001513d000 1344       3       com.android.dx.util.IntList::equals (82 bytes)
Event: 1.401 Thread 0x000000001513d000 nmethod 1344 0x0000000002f649d0 code [0x0000000002f64b60, 0x0000000002f65110]
Event: 1.401 Thread 0x000000001513d000 1345       3       com.android.dx.cf.code.Frame::adjustLocalsForSubroutines (28 bytes)
Event: 1.401 Thread 0x00000000150dd000 1346   !   4       com.android.dx.cf.code.BaseMachine::arg (36 bytes)
Event: 1.401 Thread 0x000000001513d000 nmethod 1345 0x0000000002f64210 code [0x0000000002f643a0, 0x0000000002f648a8]
Event: 1.401 Thread 0x00000000150dd000 nmethod 1346 0x0000000002f63f50 code [0x0000000002f64080, 0x0000000002f64138]
Event: 1.403 Thread 0x0000000015136800 1347       4       com.android.dx.ssa.back.LivenessAnalyzer::run (231 bytes)

GC Heap History (2 events):
Event: 1.101 GC heap before
{Heap before GC invocations=1 (full 0):
 PSYoungGen      total 38400K, used 33280K [0x00000000eab00000, 0x00000000ed580000, 0x0000000100000000)
  eden space 33280K, 100% used [0x00000000eab00000,0x00000000ecb80000,0x00000000ecb80000)
  from space 5120K, 0% used [0x00000000ed080000,0x00000000ed080000,0x00000000ed580000)
  to   space 5120K, 0% used [0x00000000ecb80000,0x00000000ecb80000,0x00000000ed080000)
 ParOldGen       total 87552K, used 0K [0x00000000c0000000, 0x00000000c5580000, 0x00000000eab00000)
  object space 87552K, 0% used [0x00000000c0000000,0x00000000c0000000,0x00000000c5580000)
 Metaspace       used 5893K, capacity 6960K, committed 7040K, reserved 1056768K
  class space    used 584K, capacity 616K, committed 640K, reserved 1048576K
Event: 1.240 GC heap after
Heap after GC invocations=1 (full 0):
 PSYoungGen      total 38400K, used 5098K [0x00000000eab00000, 0x00000000ed580000, 0x0000000100000000)
  eden space 33280K, 0% used [0x00000000eab00000,0x00000000eab00000,0x00000000ecb80000)
  from space 5120K, 99% used [0x00000000ecb80000,0x00000000ed07aab8,0x00000000ed080000)
  to   space 5120K, 0% used [0x00000000ed080000,0x00000000ed080000,0x00000000ed580000)
 ParOldGen       total 87552K, used 1697K [0x00000000c0000000, 0x00000000c5580000, 0x00000000eab00000)
  object space 87552K, 1% used [0x00000000c0000000,0x00000000c01a8528,0x00000000c5580000)
 Metaspace       used 5893K, capacity 6960K, committed 7040K, reserved 1056768K
  class space    used 584K, capacity 616K, committed 640K, reserved 1048576K
}

Deoptimization events (10 events):
Event: 0.403 Thread 0x0000000016c36800 Uncommon trap: reason=class_check action=maybe_recompile pc=0x0000000002c850f0 method=com.android.dx.ssa.NormalSsaInsn.accept(Lcom/android/dx/ssa/SsaInsn$Visitor;)V @ 9
Event: 0.464 Thread 0x0000000016c36800 Uncommon trap: reason=unstable_if action=reinterpret pc=0x0000000002c28518 method=java.util.HashMap.getNode(ILjava/lang/Object;)Ljava/util/HashMap$Node; @ 129
Event: 0.473 Thread 0x0000000016c31800 Uncommon trap: reason=unstable_if action=reinterpret pc=0x0000000002c3afa0 method=java.util.HashMap.getNode(ILjava/lang/Object;)Ljava/util/HashMap$Node; @ 129
Event: 0.480 Thread 0x0000000016c36800 Uncommon trap: reason=unstable_if action=reinterpret pc=0x0000000002d97740 method=java.util.HashMap.putVal(ILjava/lang/Object;Ljava/lang/Object;ZZ)Ljava/lang/Object; @ 193
Event: 0.480 Thread 0x0000000016c36800 Uncommon trap: reason=class_check action=maybe_recompile pc=0x0000000002d5f05c method=com.android.dx.rop.type.Type.equals(Ljava/lang/Object;)Z @ 8
Event: 0.481 Thread 0x0000000016c36800 Uncommon trap: reason=class_check action=maybe_recompile pc=0x0000000002d5f05c method=com.android.dx.rop.type.Type.equals(Ljava/lang/Object;)Z @ 8
Event: 0.758 Thread 0x0000000002890800 Uncommon trap: reason=class_check action=maybe_recompile pc=0x0000000002d5f05c method=com.android.dx.rop.type.Type.equals(Ljava/lang/Object;)Z @ 8
Event: 0.874 Thread 0x0000000002890800 Uncommon trap: reason=class_check action=maybe_recompile pc=0x0000000002d5f05c method=com.android.dx.rop.type.Type.equals(Ljava/lang/Object;)Z @ 8
Event: 0.908 Thread 0x0000000002890800 Uncommon trap: reason=null_check action=make_not_entrant pc=0x0000000002d6ea4c method=com.android.dx.ssa.SsaRenamer.getLocalForNewReg(I)Lcom/android/dx/rop/code/LocalItem; @ 19
Event: 0.911 Thread 0x0000000016c31800 Uncommon trap: reason=null_check action=make_not_entrant pc=0x0000000002d67f58 method=com.android.dx.ssa.SsaRenamer.getLocalForNewReg(I)Lcom/android/dx/rop/code/LocalItem; @ 19

Internal exceptions (4 events):
Event: 0.040 Thread 0x0000000002890800 Exception <a 'java/lang/NoSuchMethodError': Method sun.misc.Unsafe.defineClass(Ljava/lang/String;[BII)Ljava/lang/Class; name or signature does not match> (0x00000000eab0d398) thrown at [C:\re\workspace\8-2-build-windows-amd64-cygwin\jdk8u51\3951\hotspot\sräËzz¤?
Event: 0.040 Thread 0x0000000002890800 Exception <a 'java/lang/NoSuchMethodError': Method sun.misc.Unsafe.prefetchRead(Ljava/lang/Object;J)V name or signature does not match> (0x00000000eab0d628) thrown at [C:\re\workspace\8-2-build-windows-amd64-cygwin\jdk8u51\3951\hotspot\src\share\vm\prims\jRÚ$òví?
Event: 0.908 Thread 0x0000000002890800 Implicit null exception at 0x0000000002d6c874 to 0x0000000002d6ea05
Event: 0.911 Thread 0x0000000016c31800 Implicit null exception at 0x0000000002d65f94 to 0x0000000002d67f25

Events (10 events):
Event: 0.908 Thread 0x0000000002890800 Uncommon trap: trap_request=0xfffffff4 fr.pc=0x0000000002d6ea4c
Event: 0.908 Thread 0x0000000002890800 DEOPT PACKING pc=0x0000000002d6ea4c sp=0x000000000284dea0
Event: 0.908 Thread 0x0000000002890800 DEOPT UNPACKING pc=0x0000000002a5582a sp=0x000000000284dcf8 mode 2
Event: 0.911 Thread 0x0000000016c31800 Uncommon trap: trap_request=0xfffffff4 fr.pc=0x0000000002d67f58
Event: 0.911 Thread 0x0000000016c31800 DEOPT PACKING pc=0x0000000002d67f58 sp=0x000000001735e7b0
Event: 0.911 Thread 0x0000000016c31800 DEOPT UNPACKING pc=0x0000000002a5582a sp=0x000000001735e678 mode 2
Event: 0.926 Executing VM operation: ForceSafepoint
Event: 1.001 Executing VM operation: ForceSafepoint done
Event: 1.001 Executing VM operation: ParallelGCFailedAllocation
Event: 1.240 Executing VM operation: ParallelGCFailedAllocation done


Dynamic libraries:
0x00007ff68b100000 - 0x00007ff68b137000 	C:\Program Files\Java\jdk1.8.0_51\bin\java.exe
0x00007ff9f46a0000 - 0x00007ff9f484d000 	C:\Windows\SYSTEM32\ntdll.dll
0x00007ff9f21f0000 - 0x00007ff9f232e000 	C:\Windows\system32\KERNEL32.DLL
0x00007ff9f1c00000 - 0x00007ff9f1d15000 	C:\Windows\system32\KERNELBASE.dll
0x00007ff9f0390000 - 0x00007ff9f041e000 	C:\Windows\system32\apphelp.dll
0x00007ff9e34b0000 - 0x00007ff9e3503000 	C:\Windows\AppPatch\AppPatch64\AcGenral.DLL
0x00007ff9f27d0000 - 0x00007ff9f287a000 	C:\Windows\system32\msvcrt.dll
0x00007ff9f1620000 - 0x00007ff9f164e000 	C:\Windows\SYSTEM32\SspiCli.dll
0x00007ff9f2180000 - 0x00007ff9f21d4000 	C:\Windows\system32\SHLWAPI.dll
0x00007ff9f4520000 - 0x00007ff9f4697000 	C:\Windows\system32\USER32.dll
0x00007ff9f2380000 - 0x00007ff9f2514000 	C:\Windows\system32\ole32.dll
0x00007ff9f2e40000 - 0x00007ff9f436a000 	C:\Windows\system32\SHELL32.dll
0x00007ff9f0df0000 - 0x00007ff9f0e11000 	C:\Windows\SYSTEM32\USERENV.dll
0x00007ff9f2880000 - 0x00007ff9f292a000 	C:\Windows\system32\ADVAPI32.dll
0x00007ff9ea5e0000 - 0x00007ff9ea5fe000 	C:\Windows\SYSTEM32\MPR.dll
0x00007ff9f43d0000 - 0x00007ff9f4511000 	C:\Windows\system32\RPCRT4.dll
0x00007ff9f2c90000 - 0x00007ff9f2ce9000 	C:\Windows\SYSTEM32\sechost.dll
0x00007ff9f2940000 - 0x00007ff9f2b51000 	C:\Windows\SYSTEM32\combase.dll
0x00007ff9f2cf0000 - 0x00007ff9f2e40000 	C:\Windows\system32\GDI32.dll
0x00007ff9f17f0000 - 0x00007ff9f1805000 	C:\Windows\SYSTEM32\profapi.dll
0x00007ff9efbb0000 - 0x00007ff9efc62000 	C:\Windows\SYSTEM32\SHCORE.dll
0x00007ff9f2330000 - 0x00007ff9f2366000 	C:\Windows\system32\IMM32.DLL
0x00007ff9f2520000 - 0x00007ff9f2672000 	C:\Windows\system32\MSCTF.dll
0x00007ff9ef0d0000 - 0x00007ff9ef34b000 	C:\Windows\WinSxS\amd64_microsoft.windows.common-controls_6595b64144ccf1df_6.0.9600.18006_none_623f33d3ecbe86e8\COMCTL32.dll
0x000000006ba70000 - 0x000000006bb42000 	C:\Program Files\Java\jdk1.8.0_51\jre\bin\msvcr100.dll
0x000000006c190000 - 0x000000006ca13000 	C:\Program Files\Java\jdk1.8.0_51\jre\bin\server\jvm.dll
0x00007ff9e79b0000 - 0x00007ff9e79b9000 	C:\Windows\SYSTEM32\WSOCK32.dll
0x00007ff9ea360000 - 0x00007ff9ea382000 	C:\Windows\SYSTEM32\WINMM.dll
0x00007ff9e8410000 - 0x00007ff9e841a000 	C:\Windows\SYSTEM32\VERSION.dll
0x00007ff9f2370000 - 0x00007ff9f2377000 	C:\Windows\system32\PSAPI.DLL
0x00007ff9f4370000 - 0x00007ff9f43ca000 	C:\Windows\system32\WS2_32.dll
0x00007ff9ea320000 - 0x00007ff9ea34a000 	C:\Windows\SYSTEM32\WINMMBASE.dll
0x00007ff9f2c80000 - 0x00007ff9f2c89000 	C:\Windows\system32\NSI.dll
0x00007ff9f1970000 - 0x00007ff9f19bf000 	C:\Windows\SYSTEM32\cfgmgr32.dll
0x00007ff9f0610000 - 0x00007ff9f0638000 	C:\Windows\SYSTEM32\DEVOBJ.dll
0x000000006cbc0000 - 0x000000006cbcf000 	C:\Program Files\Java\jdk1.8.0_51\jre\bin\verify.dll
0x000000006cb90000 - 0x000000006cbb9000 	C:\Program Files\Java\jdk1.8.0_51\jre\bin\java.dll
0x000000006cb70000 - 0x000000006cb86000 	C:\Program Files\Java\jdk1.8.0_51\jre\bin\zip.dll
0x00007ff9e6810000 - 0x00007ff9e6999000 	C:\Windows\SYSTEM32\dbghelp.dll

VM Arguments:
jvm_args: -Xmx1024M -Dfile.encoding=windows-1252 -Duser.country=US -Duser.language=en -Duser.variant 
java_command: com.android.dx.command.Main --dex --num-threads=4 --output C:\Users\Admin-PC\Desktop\Brainbox\BrainBox\BrainBoxStudent\app\build\intermediates\pre-dexed\debug\classes-9b9eceff816cb9e79c234bfe79a56daab773a787.jar C:\Users\Admin-PC\Desktop\Brainbox\BrainBox\BrainBoxStudent\app\build\intermediates\exploded-aar\com.android.support\mediarouter-v7\23.0.0\jars\classes.jar
java_class_path (initial): C:\Users\Admin-PC\AppData\Local\Android\sdk2\build-tools\23.0.1\lib\dx.jar
Launcher Type: SUN_STANDARD

Environment Variables:
JAVA_HOME=C:\Program Files\Java\jdk1.8.0_51
PATH=C:\ProgramData\Oracle\Java\javapath;C:\Windows\system32;C:\Windows;C:\Windows\System32\Wbem;C:\Windows\System32\WindowsPowerShell\v1.0\;C:\Program Files\TortoiseGit\bin;C:\Program Files (x86)\Windows Live\Shared;C:\Program Files\nodejs\;C:\Program Files (x86)\QuickTime\QTSystem\;C:\Program Files (x86)\MySQL\MySQL Fabric 1.5 & MySQL Utilities 1.5\;C:\Program Files (x86)\MySQL\MySQL Fabric 1.5 & MySQL Utilities 1.5\Doctrine extensions for PHP\;C:\Program Files\Java\jdk1.8.0_51\bin;C:\Users\Admin-PC\AppData\Roaming\npm;C:\Users\Admin-PC\AppData\Local\atom\bin
USERNAME=Admin-PC
OS=Windows_NT
PROCESSOR_IDENTIFIER=Intel64 Family 6 Model 60 Stepping 3, GenuineIntel



---------------  S Y S T E M  ---------------

OS: Windows 8.1 , 64 bit Build 9600 (6.3.9600.17415)

CPU:total 4 (4 cores per cpu, 1 threads per core) family 6 model 60 stepping 3, cmov, cx8, fxsr, mmx, sse, sse2, sse3, ssse3, sse4.1, sse4.2, popcnt, avx, avx2, aes, clmul, erms, lzcnt, tsc, tscinvbit, bmi1, bmi2

Memory: 4k page, physical 8278240k(756836k free), swap 11423968k(5880k free)

vm_info: Java HotSpot(TM) 64-Bit Server VM (25.51-b03) for windows-amd64 JRE (1.8.0_51-b16), built on Jun  8 2015 18:03:07 by "java_re" with MS VC++ 10.0 (VS2010)

time: Fri Feb 19 17:42:50 2016
elapsed time: 1 seconds (0d 0h 0m 1s)

