#
# There is insufficient memory for the Java Runtime Environment to continue.
# Native memory allocation (malloc) failed to allocate 32784 bytes for Chunk::new
# Possible reasons:
#   The system is out of physical RAM or swap space
#   In 32 bit mode, the process size limit was hit
# Possible solutions:
#   Reduce memory load on the system
#   Increase physical memory or swap space
#   Check if swap backing store is full
#   Use 64 bit Java on a 64 bit OS
#   Decrease Java heap size (-Xmx/-Xms)
#   Decrease number of Java threads
#   Decrease Java thread stack sizes (-Xss)
#   Set larger code cache with -XX:ReservedCodeCacheSize=
# This output file may be truncated or incomplete.
#
#  Out of Memory Error (allocation.cpp:390), pid=4356, tid=572
#
# JRE version: Java(TM) SE Runtime Environment (8.0_51-b16) (build 1.8.0_51-b16)
# Java VM: Java HotSpot(TM) 64-Bit Server VM (25.51-b03 mixed mode windows-amd64 compressed oops)
# Failed to write core dump. Minidumps are not enabled by default on client versions of Windows
#

---------------  T H R E A D  ---------------

Current thread (0x0000000016788800):  JavaThread "C1 CompilerThread2" daemon [_thread_in_native, id=572, stack(0x0000000016b80000,0x0000000016c80000)]

Stack: [0x0000000016b80000,0x0000000016c80000]
Native frames: (J=compiled Java code, j=interpreted, Vv=VM code, C=native code)
V  [jvm.dll+0x32b4ca]


Current CompileTask:
C1:   1087  713   !   3      
[error occurred during error reporting (printing current compile task), id 0xe0000001]


---------------  P R O C E S S  ---------------

Java Threads: ( => current thread )
  0x00000000169f5000 JavaThread "pool-1-thread-4" [_thread_in_Java, id=7260, stack(0x0000000017280000,0x0000000017380000)]
  0x00000000169f1000 JavaThread "pool-1-thread-3" [_thread_in_vm, id=7304, stack(0x0000000017180000,0x0000000017280000)]
  0x00000000169f0800 JavaThread "pool-1-thread-2" [_thread_in_Java, id=7292, stack(0x0000000017080000,0x0000000017180000)]
  0x00000000169ed800 JavaThread "pool-2-thread-1" [_thread_blocked, id=7280, stack(0x0000000016f80000,0x0000000017080000)]
  0x00000000169e4800 JavaThread "pool-1-thread-1" [_thread_blocked, id=7272, stack(0x0000000016e80000,0x0000000016f80000)]
  0x000000001678c000 JavaThread "Service Thread" daemon [_thread_blocked, id=7444, stack(0x0000000016c80000,0x0000000016d80000)]
=>0x0000000016788800 JavaThread "C1 CompilerThread2" daemon [_thread_in_native, id=572, stack(0x0000000016b80000,0x0000000016c80000)]
  0x0000000015075800 JavaThread "C2 CompilerThread1" daemon [_thread_in_vm, id=1060, stack(0x0000000016680000,0x0000000016780000)]
  0x000000001501c000 JavaThread "C2 CompilerThread0" daemon [_thread_in_native, id=6876, stack(0x0000000016580000,0x0000000016680000)]
  0x000000001501a800 JavaThread "Attach Listener" daemon [_thread_blocked, id=7832, stack(0x0000000016480000,0x0000000016580000)]
  0x0000000015019800 JavaThread "Signal Dispatcher" daemon [_thread_blocked, id=7808, stack(0x0000000016380000,0x0000000016480000)]
  0x0000000002946000 JavaThread "Finalizer" daemon [_thread_blocked, id=6584, stack(0x0000000016280000,0x0000000016380000)]
  0x000000000293d000 JavaThread "Reference Handler" daemon [_thread_blocked, id=6100, stack(0x0000000016180000,0x0000000016280000)]
  0x0000000002850800 JavaThread "main" [_thread_in_Java, id=1800, stack(0x00000000026c0000,0x00000000027c0000)]

Other Threads:
  0x0000000014fe7800 VMThread [stack: 0x0000000016080000,0x0000000016180000] [id=2680]
  0x000000001678d800 WatcherThread [stack: 0x0000000016d80000,0x0000000016e80000] [id=7568]

VM state:not at safepoint (normal execution)

VM Mutex/Monitor currently owned by a thread:  ([mutex/lock_event])
[0x000000000284d9d0] MethodData_lock - owner thread: 0x00000000169f1000

Heap:
 PSYoungGen      total 38400K, used 16766K [0x00000000eab00000, 0x00000000ed580000, 0x0000000100000000)
  eden space 33280K, 50% used [0x00000000eab00000,0x00000000ebb5fac0,0x00000000ecb80000)
  from space 5120K, 0% used [0x00000000ed080000,0x00000000ed080000,0x00000000ed580000)
  to   space 5120K, 0% used [0x00000000ecb80000,0x00000000ecb80000,0x00000000ed080000)
 ParOldGen       total 87552K, used 0K [0x00000000c0000000, 0x00000000c5580000, 0x00000000eab00000)
  object space 87552K, 0% used [0x00000000c0000000,0x00000000c0000000,0x00000000c5580000)
 Metaspace       used 5547K, capacity 6640K, committed 6784K, reserved 1056768K
  class space    used 576K, capacity 616K, committed 640K, reserved 1048576K

Card table byte_map: [0x0000000011d10000,0x0000000011f20000] byte_map_base: 0x0000000011710000

Marking Bits: (ParMarkBitMap*) 0x000000006c994040
 Begin Bits: [0x0000000012480000, 0x0000000013480000)
 End Bits:   [0x0000000013480000, 0x0000000014480000)

Polling page: 0x0000000002660000

CodeCache: size=245760Kb used=2801Kb max_used=2813Kb free=242958Kb
 bounds [0x0000000002950000, 0x0000000002c20000, 0x0000000011950000]
 total_blobs=952 nmethods=683 adapters=182
 compilation: enabled

Compilation events (10 events):
Event: 1.079 Thread 0x0000000016788800 nmethod 714 0x0000000002c02fd0 code [0x0000000002c035e0, 0x0000000002c07f78]
Event: 1.079 Thread 0x0000000016788800  716       3       com.android.dx.cf.code.BaseMachine::storeResults (90 bytes)
Event: 1.080 Thread 0x0000000016788800 nmethod 716 0x0000000002c0b590 code [0x0000000002c0b780, 0x0000000002c0c248]
Event: 1.080 Thread 0x0000000016788800  720       3       com.android.dx.cf.code.RopperMachine::jopToRopOpcode (1103 bytes)
Event: 1.081 Thread 0x0000000016788800 nmethod 720 0x0000000002c0c750 code [0x0000000002c0ca60, 0x0000000002c0ecd8]
Event: 1.081 Thread 0x0000000016788800  723       3       com.android.dx.cf.code.Ropper::labelToResultIndex (47 bytes)
Event: 1.081 Thread 0x0000000016788800 nmethod 723 0x0000000002c0f610 code [0x0000000002c0f7e0, 0x0000000002c0fe78]
Event: 1.081 Thread 0x0000000016788800  713   !   3       com.android.dx.cf.code.RopperMachine::run (1550 bytes)
Event: 1.082 Thread 0x0000000015075800 nmethod 642 0x0000000002c102d0 code [0x0000000002c10420, 0x0000000002c10678]
Event: 1.082 Thread 0x0000000015075800  721       4       com.android.dx.ssa.SsaBasicBlock::forEachInsn (37 bytes)

GC Heap History (0 events):
No events

Deoptimization events (1 events):
Event: 1.011 Thread 0x00000000169f5000 Uncommon trap: reason=unstable_if action=reinterpret pc=0x0000000002b43fe0 method=java.util.HashMap.getNode(ILjava/lang/Object;)Ljava/util/HashMap$Node; @ 62

Internal exceptions (2 events):
Event: 0.028 Thread 0x0000000002850800 Exception <a 'java/lang/NoSuchMethodError': Method sun.misc.Unsafe.defineClass(Ljava/lang/String;[BII)Ljava/lang/Class; name or signature does not match> (0x00000000eab0d528) thrown at [C:\re\workspace\8-2-build-windows-amd64-cygwin\jdk8u51\3951\hotspot\sr,)2œù?
Event: 0.028 Thread 0x0000000002850800 Exception <a 'java/lang/NoSuchMethodError': Method sun.misc.Unsafe.prefetchRead(Ljava/lang/Object;J)V name or signature does not match> (0x00000000eab0d7b8) thrown at [C:\re\workspace\8-2-build-windows-amd64-cygwin\jdk8u51\3951\hotspot\src\share\vm\prims\j

Events (10 events):
Event: 0.986 loading class java/util/TreeMap$EntryIterator done
Event: 0.992 loading class com/android/dx/rop/code/RegOps
Event: 0.992 loading class com/android/dx/rop/code/RegOps done
Event: 1.011 Thread 0x00000000169f5000 Uncommon trap: trap_request=0xffffff65 fr.pc=0x0000000002b43fe0
Event: 1.011 Thread 0x00000000169f5000 DEOPT PACKING pc=0x0000000002b43fe0 sp=0x000000001737e860
Event: 1.011 Thread 0x00000000169f5000 DEOPT UNPACKING pc=0x000000000299582a sp=0x000000001737e7e8 mode 2
Event: 1.015 loading class java/util/HashMap$Values
Event: 1.015 loading class java/util/HashMap$Values done
Event: 1.015 loading class java/util/HashMap$ValueIterator
Event: 1.015 loading class java/util/HashMap$ValueIterator done


Dynamic libraries:
0x00007ff68b100000 - 0x00007ff68b137000 	C:\Program Files\Java\jdk1.8.0_51\bin\java.exe
0x00007ff9f46a0000 - 0x00007ff9f484d000 	C:\Windows\SYSTEM32\ntdll.dll
0x00007ff9f21f0000 - 0x00007ff9f232e000 	C:\Windows\system32\KERNEL32.DLL
0x00007ff9f1c00000 - 0x00007ff9f1d15000 	C:\Windows\system32\KERNELBASE.dll
0x00007ff9f0390000 - 0x00007ff9f041e000 	C:\Windows\system32\apphelp.dll
0x00007ff9e34b0000 - 0x00007ff9e3503000 	C:\Windows\AppPatch\AppPatch64\AcGenral.DLL
0x00007ff9f27d0000 - 0x00007ff9f287a000 	C:\Windows\system32\msvcrt.dll
0x00007ff9f1620000 - 0x00007ff9f164e000 	C:\Windows\SYSTEM32\SspiCli.dll
0x00007ff9f2180000 - 0x00007ff9f21d4000 	C:\Windows\system32\SHLWAPI.dll
0x00007ff9f4520000 - 0x00007ff9f4697000 	C:\Windows\system32\USER32.dll
0x00007ff9f2380000 - 0x00007ff9f2514000 	C:\Windows\system32\ole32.dll
0x00007ff9f2e40000 - 0x00007ff9f436a000 	C:\Windows\system32\SHELL32.dll
0x00007ff9f0df0000 - 0x00007ff9f0e11000 	C:\Windows\SYSTEM32\USERENV.dll
0x00007ff9f2880000 - 0x00007ff9f292a000 	C:\Windows\system32\ADVAPI32.dll
0x00007ff9ea5e0000 - 0x00007ff9ea5fe000 	C:\Windows\SYSTEM32\MPR.dll
0x00007ff9f43d0000 - 0x00007ff9f4511000 	C:\Windows\system32\RPCRT4.dll
0x00007ff9f2c90000 - 0x00007ff9f2ce9000 	C:\Windows\SYSTEM32\sechost.dll
0x00007ff9f2940000 - 0x00007ff9f2b51000 	C:\Windows\SYSTEM32\combase.dll
0x00007ff9f2cf0000 - 0x00007ff9f2e40000 	C:\Windows\system32\GDI32.dll
0x00007ff9f17f0000 - 0x00007ff9f1805000 	C:\Windows\SYSTEM32\profapi.dll
0x00007ff9efbb0000 - 0x00007ff9efc62000 	C:\Windows\SYSTEM32\SHCORE.dll
0x00007ff9f2330000 - 0x00007ff9f2366000 	C:\Windows\system32\IMM32.DLL
0x00007ff9f2520000 - 0x00007ff9f2672000 	C:\Windows\system32\MSCTF.dll
0x00007ff9ef0d0000 - 0x00007ff9ef34b000 	C:\Windows\WinSxS\amd64_microsoft.windows.common-controls_6595b64144ccf1df_6.0.9600.18006_none_623f33d3ecbe86e8\COMCTL32.dll
0x000000006ba70000 - 0x000000006bb42000 	C:\Program Files\Java\jdk1.8.0_51\jre\bin\msvcr100.dll
0x000000006c190000 - 0x000000006ca13000 	C:\Program Files\Java\jdk1.8.0_51\jre\bin\server\jvm.dll
0x00007ff9e79b0000 - 0x00007ff9e79b9000 	C:\Windows\SYSTEM32\WSOCK32.dll
0x00007ff9ea360000 - 0x00007ff9ea382000 	C:\Windows\SYSTEM32\WINMM.dll
0x00007ff9e8410000 - 0x00007ff9e841a000 	C:\Windows\SYSTEM32\VERSION.dll
0x00007ff9f2370000 - 0x00007ff9f2377000 	C:\Windows\system32\PSAPI.DLL
0x00007ff9f4370000 - 0x00007ff9f43ca000 	C:\Windows\system32\WS2_32.dll
0x00007ff9ea320000 - 0x00007ff9ea34a000 	C:\Windows\SYSTEM32\WINMMBASE.dll
0x00007ff9f2c80000 - 0x00007ff9f2c89000 	C:\Windows\system32\NSI.dll
0x00007ff9f1970000 - 0x00007ff9f19bf000 	C:\Windows\SYSTEM32\cfgmgr32.dll
0x00007ff9f0610000 - 0x00007ff9f0638000 	C:\Windows\SYSTEM32\DEVOBJ.dll
0x000000006cbc0000 - 0x000000006cbcf000 	C:\Program Files\Java\jdk1.8.0_51\jre\bin\verify.dll
0x000000006cb90000 - 0x000000006cbb9000 	C:\Program Files\Java\jdk1.8.0_51\jre\bin\java.dll
0x000000006cb70000 - 0x000000006cb86000 	C:\Program Files\Java\jdk1.8.0_51\jre\bin\zip.dll

VM Arguments:
jvm_args: -Xmx1024M -Dfile.encoding=windows-1252 -Duser.country=US -Duser.language=en -Duser.variant 
java_command: com.android.dx.command.Main --dex --num-threads=4 --output C:\Users\Admin-PC\Desktop\Brainbox\BrainBox\BrainBoxStudent\app\build\intermediates\pre-dexed\debug\classes-6db9495ca0a112479e89b116afd1cba8b47a73a9.jar C:\Users\Admin-PC\Desktop\Brainbox\BrainBox\BrainBoxStudent\app\build\intermediates\exploded-aar\com.google.android.gms\play-services-nearby\8.4.0\jars\classes.jar
java_class_path (initial): C:\Users\Admin-PC\AppData\Local\Android\sdk2\build-tools\23.0.1\lib\dx.jar
Launcher Type: SUN_STANDARD

Environment Variables:
JAVA_HOME=C:\Program Files\Java\jdk1.8.0_51
PATH=C:\ProgramData\Oracle\Java\javapath;C:\Windows\system32;C:\Windows;C:\Windows\System32\Wbem;C:\Windows\System32\WindowsPowerShell\v1.0\;C:\Program Files\TortoiseGit\bin;C:\Program Files (x86)\Windows Live\Shared;C:\Program Files\nodejs\;C:\Program Files (x86)\QuickTime\QTSystem\;C:\Program Files (x86)\MySQL\MySQL Fabric 1.5 & MySQL Utilities 1.5\;C:\Program Files (x86)\MySQL\MySQL Fabric 1.5 & MySQL Utilities 1.5\Doctrine extensions for PHP\;C:\Program Files\Java\jdk1.8.0_51\bin;C:\Users\Admin-PC\AppData\Roaming\npm;C:\Users\Admin-PC\AppData\Local\atom\bin
USERNAME=Admin-PC
OS=Windows_NT
PROCESSOR_IDENTIFIER=Intel64 Family 6 Model 60 Stepping 3, GenuineIntel



---------------  S Y S T E M  ---------------

OS: Windows 8.1 , 64 bit Build 9600 (6.3.9600.17415)

CPU:total 4 (4 cores per cpu, 1 threads per core) family 6 model 60 stepping 3, cmov, cx8, fxsr, mmx, sse, sse2, sse3, ssse3, sse4.1, sse4.2, popcnt, avx, avx2, aes, clmul, erms, lzcnt, tsc, tscinvbit, bmi1, bmi2

Memory: 4k page, physical 8278240k(1022888k free), swap 11423968k(5108k free)

vm_info: Java HotSpot(TM) 64-Bit Server VM (25.51-b03) for windows-amd64 JRE (1.8.0_51-b16), built on Jun  8 2015 18:03:07 by "java_re" with MS VC++ 10.0 (VS2010)

time: Fri Feb 19 17:43:17 2016
elapsed time: 1 seconds (0d 0h 0m 1s)

