#
# There is insufficient memory for the Java Runtime Environment to continue.
# Native memory allocation (malloc) failed to allocate 36656 bytes for Chunk::new
# Possible reasons:
#   The system is out of physical RAM or swap space
#   In 32 bit mode, the process size limit was hit
# Possible solutions:
#   Reduce memory load on the system
#   Increase physical memory or swap space
#   Check if swap backing store is full
#   Use 64 bit Java on a 64 bit OS
#   Decrease Java heap size (-Xmx/-Xms)
#   Decrease number of Java threads
#   Decrease Java thread stack sizes (-Xss)
#   Set larger code cache with -XX:ReservedCodeCacheSize=
# This output file may be truncated or incomplete.
#
#  Out of Memory Error (allocation.cpp:390), pid=7516, tid=7844
#
# JRE version: Java(TM) SE Runtime Environment (8.0_51-b16) (build 1.8.0_51-b16)
# Java VM: Java HotSpot(TM) 64-Bit Server VM (25.51-b03 mixed mode windows-amd64 compressed oops)
# Failed to write core dump. Minidumps are not enabled by default on client versions of Windows
#

---------------  T H R E A D  ---------------

Current thread (0x0000000014f4c000):  JavaThread "C2 CompilerThread0" daemon [_thread_in_native, id=7844, stack(0x00000000164a0000,0x00000000165a0000)]

Stack: [0x00000000164a0000,0x00000000165a0000]
Native frames: (J=compiled Java code, j=interpreted, Vv=VM code, C=native code)
V  [jvm.dll+0x32b4ca]


Current CompileTask:
C2:   1161 1085       4       java.lang.AbstractStringBuilder::append (50 bytes)


---------------  P R O C E S S  ---------------

Java Threads: ( => current thread )
  0x0000000016a8c000 JavaThread "pool-1-thread-4" [_thread_blocked, id=8112, stack(0x00000000171a0000,0x00000000172a0000)]
  0x0000000016a8b000 JavaThread "pool-1-thread-3" [_thread_blocked, id=8104, stack(0x00000000170a0000,0x00000000171a0000)]
  0x00000000169f1800 JavaThread "pool-1-thread-2" [_thread_blocked, id=8048, stack(0x0000000016fa0000,0x00000000170a0000)]
  0x0000000016a3a800 JavaThread "pool-2-thread-1" [_thread_blocked, id=8032, stack(0x0000000016ea0000,0x0000000016fa0000)]
  0x00000000169f6800 JavaThread "pool-1-thread-1" [_thread_blocked, id=8020, stack(0x0000000016da0000,0x0000000016ea0000)]
  0x00000000167a5800 JavaThread "Service Thread" daemon [_thread_blocked, id=7976, stack(0x0000000016ba0000,0x0000000016ca0000)]
  0x0000000014fac000 JavaThread "C1 CompilerThread2" daemon [_thread_blocked, id=8160, stack(0x00000000166a0000,0x00000000167a0000)]
  0x0000000014fa5800 JavaThread "C2 CompilerThread1" daemon [_thread_blocked, id=8156, stack(0x00000000165a0000,0x00000000166a0000)]
=>0x0000000014f4c000 JavaThread "C2 CompilerThread0" daemon [_thread_in_native, id=7844, stack(0x00000000164a0000,0x00000000165a0000)]
  0x0000000014f4a800 JavaThread "Attach Listener" daemon [_thread_blocked, id=7788, stack(0x00000000163a0000,0x00000000164a0000)]
  0x0000000014f49800 JavaThread "Signal Dispatcher" daemon [_thread_blocked, id=7792, stack(0x00000000162a0000,0x00000000163a0000)]
  0x0000000002876000 JavaThread "Finalizer" daemon [_thread_blocked, id=7400, stack(0x00000000161a0000,0x00000000162a0000)]
  0x000000000286d000 JavaThread "Reference Handler" daemon [_thread_blocked, id=7396, stack(0x00000000160a0000,0x00000000161a0000)]
  0x0000000002780800 JavaThread "main" [_thread_in_Java, id=7624, stack(0x0000000002630000,0x0000000002730000)]

Other Threads:
  0x0000000014f17800 VMThread [stack: 0x0000000015fa0000,0x00000000160a0000] [id=7296]
  0x00000000167a6000 WatcherThread [stack: 0x0000000016ca0000,0x0000000016da0000] [id=8008]

VM state:not at safepoint (normal execution)

VM Mutex/Monitor currently owned by a thread: None

Heap:
 PSYoungGen      total 38400K, used 27374K [0x00000000eab00000, 0x00000000ed580000, 0x0000000100000000)
  eden space 33280K, 82% used [0x00000000eab00000,0x00000000ec5bbb20,0x00000000ecb80000)
  from space 5120K, 0% used [0x00000000ed080000,0x00000000ed080000,0x00000000ed580000)
  to   space 5120K, 0% used [0x00000000ecb80000,0x00000000ecb80000,0x00000000ed080000)
 ParOldGen       total 87552K, used 0K [0x00000000c0000000, 0x00000000c5580000, 0x00000000eab00000)
  object space 87552K, 0% used [0x00000000c0000000,0x00000000c0000000,0x00000000c5580000)
 Metaspace       used 5722K, capacity 6832K, committed 7040K, reserved 1056768K
  class space    used 580K, capacity 616K, committed 640K, reserved 1048576K

Card table byte_map: [0x0000000011c40000,0x0000000011e50000] byte_map_base: 0x0000000011640000

Marking Bits: (ParMarkBitMap*) 0x000000006c994040
 Begin Bits: [0x00000000123b0000, 0x00000000133b0000)
 End Bits:   [0x00000000133b0000, 0x00000000143b0000)

Polling page: 0x0000000000d90000

CodeCache: size=245760Kb used=4145Kb max_used=4159Kb free=241614Kb
 bounds [0x0000000002880000, 0x0000000002ca0000, 0x0000000011880000]
 total_blobs=1348 nmethods=1078 adapters=182
 compilation: disabled (not enough contiguous free space left)

Compilation events (10 events):
Event: 1.155 Thread 0x0000000014fac000 nmethod 1075 0x0000000002c8d150 code [0x0000000002c8d2a0, 0x0000000002c8d3b0]
Event: 1.155 Thread 0x0000000014f4c000 1076       4       com.android.dx.rop.code.ThrowingCstInsn::<init> (51 bytes)
Event: 1.155 Thread 0x0000000014fac000 1077       3       java.util.TreeMap$PrivateEntryIterator::hasNext (13 bytes)
Event: 1.155 Thread 0x0000000014fac000 nmethod 1077 0x0000000002c8cdd0 code [0x0000000002c8cf20, 0x0000000002c8d0d0]
Event: 1.155 Thread 0x0000000014fac000 1078       3       com.android.dx.ssa.SsaRenamer::setNameForSsaReg (54 bytes)
Event: 1.156 Thread 0x0000000014f4c000 nmethod 1076 0x0000000002c91e10 code [0x0000000002c91f60, 0x0000000002c92118]
Event: 1.156 Thread 0x0000000014fac000 nmethod 1078 0x0000000002c8b5d0 code [0x0000000002c8b800, 0x0000000002c8c538]
Event: 1.156 Thread 0x0000000014fa5800 1079       4       com.android.dx.rop.cst.CstBaseMethodRef::compareTo0 (29 bytes)
Event: 1.157 Thread 0x0000000014fac000 1080       3       com.android.dx.cf.code.Simulator$SimVisitor::visitNoArgs (2108 bytes)
Event: 1.158 Thread 0x0000000014f4c000 1085       4       java.lang.AbstractStringBuilder::append (50 bytes)

GC Heap History (0 events):
No events

Deoptimization events (1 events):
Event: 0.935 Thread 0x0000000002780800 Uncommon trap: reason=unstable_if action=reinterpret pc=0x0000000002bd56dc method=com.android.dx.rop.code.RegisterSpecSet.put(Lcom/android/dx/rop/code/RegisterSpec;)V @ 77

Internal exceptions (2 events):
Event: 0.031 Thread 0x0000000002780800 Exception <a 'java/lang/NoSuchMethodError': Method sun.misc.Unsafe.defineClass(Ljava/lang/String;[BII)Ljava/lang/Class; name or signature does not match> (0x00000000eab0d1a8) thrown at [C:\re\workspace\8-2-build-windows-amd64-cygwin\jdk8u51\3951\hotspot\sr4]Änÿ ?
Event: 0.031 Thread 0x0000000002780800 Exception <a 'java/lang/NoSuchMethodError': Method sun.misc.Unsafe.prefetchRead(Ljava/lang/Object;J)V name or signature does not match> (0x00000000eab0d438) thrown at [C:\re\workspace\8-2-build-windows-amd64-cygwin\jdk8u51\3951\hotspot\src\share\vm\prims\j

Events (10 events):
Event: 0.898 loading class com/android/dx/cf/attrib/AttLocalVariableTypeTable done
Event: 0.935 Thread 0x0000000002780800 Uncommon trap: trap_request=0xffffff65 fr.pc=0x0000000002bd56dc
Event: 0.935 Thread 0x0000000002780800 DEOPT PACKING pc=0x0000000002bd56dc sp=0x000000000272e610
Event: 0.935 Thread 0x0000000002780800 DEOPT UNPACKING pc=0x00000000028c582a sp=0x000000000272e530 mode 2
Event: 0.941 Thread 0x0000000016a8b000 DEOPT PACKING pc=0x0000000002aa8f0a sp=0x000000001719e660
Event: 0.941 Thread 0x0000000016a8b000 DEOPT UNPACKING pc=0x00000000028c787f sp=0x000000001719e3c8 mode 0
Event: 0.949 loading class com/android/dx/cf/code/BytecodeArray$ConstantParserVisitor
Event: 0.949 loading class com/android/dx/cf/code/BytecodeArray$ConstantParserVisitor done
Event: 0.954 Thread 0x0000000016a8b000 DEOPT PACKING pc=0x0000000002aa8f0a sp=0x000000001719e660
Event: 0.954 Thread 0x0000000016a8b000 DEOPT UNPACKING pc=0x00000000028c787f sp=0x000000001719e3c8 mode 0


Dynamic libraries:
0x00007ff68b100000 - 0x00007ff68b137000 	C:\Program Files\Java\jdk1.8.0_51\bin\java.exe
0x00007ff9f46a0000 - 0x00007ff9f484d000 	C:\Windows\SYSTEM32\ntdll.dll
0x00007ff9f21f0000 - 0x00007ff9f232e000 	C:\Windows\system32\KERNEL32.DLL
0x00007ff9f1c00000 - 0x00007ff9f1d15000 	C:\Windows\system32\KERNELBASE.dll
0x00007ff9f0390000 - 0x00007ff9f041e000 	C:\Windows\system32\apphelp.dll
0x00007ff9e34b0000 - 0x00007ff9e3503000 	C:\Windows\AppPatch\AppPatch64\AcGenral.DLL
0x00007ff9f27d0000 - 0x00007ff9f287a000 	C:\Windows\system32\msvcrt.dll
0x00007ff9f1620000 - 0x00007ff9f164e000 	C:\Windows\SYSTEM32\SspiCli.dll
0x00007ff9f2180000 - 0x00007ff9f21d4000 	C:\Windows\system32\SHLWAPI.dll
0x00007ff9f4520000 - 0x00007ff9f4697000 	C:\Windows\system32\USER32.dll
0x00007ff9f2380000 - 0x00007ff9f2514000 	C:\Windows\system32\ole32.dll
0x00007ff9f2e40000 - 0x00007ff9f436a000 	C:\Windows\system32\SHELL32.dll
0x00007ff9f0df0000 - 0x00007ff9f0e11000 	C:\Windows\SYSTEM32\USERENV.dll
0x00007ff9f2880000 - 0x00007ff9f292a000 	C:\Windows\system32\ADVAPI32.dll
0x00007ff9ea5e0000 - 0x00007ff9ea5fe000 	C:\Windows\SYSTEM32\MPR.dll
0x00007ff9f43d0000 - 0x00007ff9f4511000 	C:\Windows\system32\RPCRT4.dll
0x00007ff9f2c90000 - 0x00007ff9f2ce9000 	C:\Windows\SYSTEM32\sechost.dll
0x00007ff9f2940000 - 0x00007ff9f2b51000 	C:\Windows\SYSTEM32\combase.dll
0x00007ff9f2cf0000 - 0x00007ff9f2e40000 	C:\Windows\system32\GDI32.dll
0x00007ff9f17f0000 - 0x00007ff9f1805000 	C:\Windows\SYSTEM32\profapi.dll
0x00007ff9efbb0000 - 0x00007ff9efc62000 	C:\Windows\SYSTEM32\SHCORE.dll
0x00007ff9f2330000 - 0x00007ff9f2366000 	C:\Windows\system32\IMM32.DLL
0x00007ff9f2520000 - 0x00007ff9f2672000 	C:\Windows\system32\MSCTF.dll
0x00007ff9ef0d0000 - 0x00007ff9ef34b000 	C:\Windows\WinSxS\amd64_microsoft.windows.common-controls_6595b64144ccf1df_6.0.9600.18006_none_623f33d3ecbe86e8\COMCTL32.dll
0x000000006ba70000 - 0x000000006bb42000 	C:\Program Files\Java\jdk1.8.0_51\jre\bin\msvcr100.dll
0x000000006c190000 - 0x000000006ca13000 	C:\Program Files\Java\jdk1.8.0_51\jre\bin\server\jvm.dll
0x00007ff9e79b0000 - 0x00007ff9e79b9000 	C:\Windows\SYSTEM32\WSOCK32.dll
0x00007ff9ea360000 - 0x00007ff9ea382000 	C:\Windows\SYSTEM32\WINMM.dll
0x00007ff9e8410000 - 0x00007ff9e841a000 	C:\Windows\SYSTEM32\VERSION.dll
0x00007ff9f2370000 - 0x00007ff9f2377000 	C:\Windows\system32\PSAPI.DLL
0x00007ff9f4370000 - 0x00007ff9f43ca000 	C:\Windows\system32\WS2_32.dll
0x00007ff9ea320000 - 0x00007ff9ea34a000 	C:\Windows\SYSTEM32\WINMMBASE.dll
0x00007ff9f2c80000 - 0x00007ff9f2c89000 	C:\Windows\system32\NSI.dll
0x00007ff9f1970000 - 0x00007ff9f19bf000 	C:\Windows\SYSTEM32\cfgmgr32.dll
0x00007ff9f0610000 - 0x00007ff9f0638000 	C:\Windows\SYSTEM32\DEVOBJ.dll
0x000000006cbc0000 - 0x000000006cbcf000 	C:\Program Files\Java\jdk1.8.0_51\jre\bin\verify.dll
0x000000006cb90000 - 0x000000006cbb9000 	C:\Program Files\Java\jdk1.8.0_51\jre\bin\java.dll
0x000000006cb70000 - 0x000000006cb86000 	C:\Program Files\Java\jdk1.8.0_51\jre\bin\zip.dll

VM Arguments:
jvm_args: -Xmx1024M -Dfile.encoding=windows-1252 -Duser.country=US -Duser.language=en -Duser.variant 
java_command: com.android.dx.command.Main --dex --num-threads=4 --output C:\Users\Admin-PC\Desktop\Brainbox\BrainBox\BrainBoxStudent\app\build\intermediates\pre-dexed\debug\classes-a0e851157d013cacd2e9d862a2f2c7d4ad797fa3.jar C:\Users\Admin-PC\Desktop\Brainbox\BrainBox\BrainBoxStudent\app\build\intermediates\exploded-aar\com.google.android.gms\play-services-wearable\8.4.0\jars\classes.jar
java_class_path (initial): C:\Users\Admin-PC\AppData\Local\Android\sdk2\build-tools\23.0.1\lib\dx.jar
Launcher Type: SUN_STANDARD

Environment Variables:



---------------  S Y S T E M  ---------------

OS: Windows 8.1 , 64 bit Build 9600 (6.3.9600.17415)

CPU:total 4 (4 cores per cpu, 1 threads per core) family 6 model 60 stepping 3, cmov, cx8, fxsr, mmx, sse, sse2, sse3, ssse3, sse4.1, sse4.2, popcnt, avx, avx2, aes, clmul, erms, lzcnt, tsc, tscinvbit, bmi1, bmi2

Memory: 4k page, physical 8278240k(1023108k free), swap 11423968k(5044k free)

vm_info: Java HotSpot(TM) 64-Bit Server VM (25.51-b03) for windows-amd64 JRE (1.8.0_51-b16), built on Jun  8 2015 18:03:07 by "java_re" with MS VC++ 10.0 (VS2010)

time: Fri Feb 19 17:43:14 2016
elapsed time: 1 seconds (0d 0h 0m 1s)

