#
# There is insufficient memory for the Java Runtime Environment to continue.
# Native memory allocation (malloc) failed to allocate 32744 bytes for ChunkPool::allocate
# Possible reasons:
#   The system is out of physical RAM or swap space
#   In 32 bit mode, the process size limit was hit
# Possible solutions:
#   Reduce memory load on the system
#   Increase physical memory or swap space
#   Check if swap backing store is full
#   Use 64 bit Java on a 64 bit OS
#   Decrease Java heap size (-Xmx/-Xms)
#   Decrease number of Java threads
#   Decrease Java thread stack sizes (-Xss)
#   Set larger code cache with -XX:ReservedCodeCacheSize=
# This output file may be truncated or incomplete.
#
#  Out of Memory Error (allocation.cpp:273), pid=7744, tid=2064
#
# JRE version: Java(TM) SE Runtime Environment (8.0_51-b16) (build 1.8.0_51-b16)
# Java VM: Java HotSpot(TM) 64-Bit Server VM (25.51-b03 mixed mode windows-amd64 compressed oops)
# Failed to write core dump. Minidumps are not enabled by default on client versions of Windows
#

---------------  T H R E A D  ---------------

Current thread (0x0000000014da5800):  JavaThread "C2 CompilerThread1" daemon [_thread_in_native, id=2064, stack(0x00000000163a0000,0x00000000164a0000)]

Stack: [0x00000000163a0000,0x00000000164a0000]
Native frames: (J=compiled Java code, j=interpreted, Vv=VM code, C=native code)
V  [jvm.dll+0x32b4ca]


Current CompileTask:
C2:   1361 1294   !   4       com.android.dx.cf.code.BytecodeArray::parseInstruction (2764 bytes)


---------------  P R O C E S S  ---------------

Java Threads: ( => current thread )
  0x00000000165a5800 JavaThread "Service Thread" daemon [_thread_blocked, id=6820, stack(0x00000000169a0000,0x0000000016aa0000)]
  0x0000000014dab800 JavaThread "C1 CompilerThread2" daemon [_thread_in_vm, id=7220, stack(0x00000000164a0000,0x00000000165a0000)]
=>0x0000000014da5800 JavaThread "C2 CompilerThread1" daemon [_thread_in_native, id=2064, stack(0x00000000163a0000,0x00000000164a0000)]
  0x0000000014d4b800 JavaThread "C2 CompilerThread0" daemon [_thread_in_native, id=5012, stack(0x00000000162a0000,0x00000000163a0000)]
  0x0000000014d4a800 JavaThread "Attach Listener" daemon [_thread_blocked, id=604, stack(0x00000000161a0000,0x00000000162a0000)]
  0x0000000014d49000 JavaThread "Signal Dispatcher" daemon [_thread_blocked, id=5112, stack(0x00000000160a0000,0x00000000161a0000)]
  0x0000000002676000 JavaThread "Finalizer" daemon [_thread_blocked, id=7772, stack(0x0000000015fa0000,0x00000000160a0000)]
  0x000000000266d000 JavaThread "Reference Handler" daemon [_thread_blocked, id=7784, stack(0x0000000015ea0000,0x0000000015fa0000)]
  0x0000000002580800 JavaThread "main" [_thread_in_Java, id=7840, stack(0x0000000002420000,0x0000000002520000)]

Other Threads:
  0x0000000014d17800 VMThread [stack: 0x0000000015da0000,0x0000000015ea0000] [id=8096]
  0x00000000165a6000 WatcherThread [stack: 0x0000000016aa0000,0x0000000016ba0000] [id=3804]

VM state:not at safepoint (normal execution)

VM Mutex/Monitor currently owned by a thread: None

Heap:
 PSYoungGen      total 38400K, used 25139K [0x00000000eab00000, 0x00000000ed580000, 0x0000000100000000)
  eden space 33280K, 60% used [0x00000000eab00000,0x00000000ebe92ab8,0x00000000ecb80000)
  from space 5120K, 99% used [0x00000000ed080000,0x00000000ed57a248,0x00000000ed580000)
  to   space 5120K, 0% used [0x00000000ecb80000,0x00000000ecb80000,0x00000000ed080000)
 ParOldGen       total 87552K, used 6175K [0x00000000c0000000, 0x00000000c5580000, 0x00000000eab00000)
  object space 87552K, 7% used [0x00000000c0000000,0x00000000c0607ed0,0x00000000c5580000)
 Metaspace       used 5988K, capacity 7024K, committed 7296K, reserved 1056768K
  class space    used 590K, capacity 616K, committed 640K, reserved 1048576K

Card table byte_map: [0x0000000011a40000,0x0000000011c50000] byte_map_base: 0x0000000011440000

Marking Bits: (ParMarkBitMap*) 0x000000006c994040
 Begin Bits: [0x00000000121b0000, 0x00000000131b0000)
 End Bits:   [0x00000000131b0000, 0x00000000141b0000)

Polling page: 0x0000000000be0000

CodeCache: size=245760Kb used=5264Kb max_used=5264Kb free=240495Kb
 bounds [0x0000000002680000, 0x0000000002bb0000, 0x0000000011680000]
 total_blobs=1649 nmethods=1378 adapters=182
 compilation: enabled

Compilation events (10 events):
Event: 1.144 Thread 0x0000000014dab800 1390       2       com.android.dx.dex.code.OutputCollector::<init> (34 bytes)
Event: 1.144 Thread 0x0000000014dab800 nmethod 1390 0x0000000002b9f950 code [0x0000000002b9fac0, 0x0000000002b9fd58]
Event: 1.144 Thread 0x0000000014dab800 1391       2       com.android.dx.dex.code.StdCatchBuilder::<init> (62 bytes)
Event: 1.144 Thread 0x0000000014dab800 nmethod 1391 0x0000000002b9fe90 code [0x0000000002ba0020, 0x0000000002ba03a8]
Event: 1.213 Thread 0x0000000014dab800 1392       2       com.android.dx.ssa.back.SsaToRop::verifyValidExitPredecessor (53 bytes)
Event: 1.213 Thread 0x0000000014dab800 nmethod 1392 0x0000000002ba0550 code [0x0000000002ba0700, 0x0000000002ba0a98]
Event: 1.214 Thread 0x0000000014dab800 1393       2       com.android.dx.rop.type.StdTypeList::getWordCount (33 bytes)
Event: 1.214 Thread 0x0000000014dab800 nmethod 1393 0x0000000002ba0e90 code [0x0000000002ba1000, 0x0000000002ba1278]
Event: 1.214 Thread 0x0000000014dab800 1394       2       com.android.dx.ssa.SsaRenamer::<init> (100 bytes)
Event: 1.215 Thread 0x0000000014dab800 nmethod 1394 0x0000000002ba1450 code [0x0000000002ba15e0, 0x0000000002ba1b08]

GC Heap History (3 events):
Event: 0.903 GC heap before
{Heap before GC invocations=1 (full 0):
 PSYoungGen      total 38400K, used 33280K [0x00000000eab00000, 0x00000000ed580000, 0x0000000100000000)
  eden space 33280K, 100% used [0x00000000eab00000,0x00000000ecb80000,0x00000000ecb80000)
  from space 5120K, 0% used [0x00000000ed080000,0x00000000ed080000,0x00000000ed580000)
  to   space 5120K, 0% used [0x00000000ecb80000,0x00000000ecb80000,0x00000000ed080000)
 ParOldGen       total 87552K, used 0K [0x00000000c0000000, 0x00000000c5580000, 0x00000000eab00000)
  object space 87552K, 0% used [0x00000000c0000000,0x00000000c0000000,0x00000000c5580000)
 Metaspace       used 5821K, capacity 6896K, committed 7040K, reserved 1056768K
  class space    used 584K, capacity 616K, committed 640K, reserved 1048576K
Event: 1.034 GC heap after
Heap after GC invocations=1 (full 0):
 PSYoungGen      total 38400K, used 5091K [0x00000000eab00000, 0x00000000ed580000, 0x0000000100000000)
  eden space 33280K, 0% used [0x00000000eab00000,0x00000000eab00000,0x00000000ecb80000)
  from space 5120K, 99% used [0x00000000ecb80000,0x00000000ed078ce8,0x00000000ed080000)
  to   space 5120K, 0% used [0x00000000ed080000,0x00000000ed080000,0x00000000ed580000)
 ParOldGen       total 87552K, used 1700K [0x00000000c0000000, 0x00000000c5580000, 0x00000000eab00000)
  object space 87552K, 1% used [0x00000000c0000000,0x00000000c01a90d0,0x00000000c5580000)
 Metaspace       used 5821K, capacity 6896K, committed 7040K, reserved 1056768K
  class space    used 584K, capacity 616K, committed 640K, reserved 1048576K
}
Event: 1.216 GC heap before
{Heap before GC invocations=2 (full 0):
 PSYoungGen      total 38400K, used 38371K [0x00000000eab00000, 0x00000000ed580000, 0x0000000100000000)
  eden space 33280K, 100% used [0x00000000eab00000,0x00000000ecb80000,0x00000000ecb80000)
  from space 5120K, 99% used [0x00000000ecb80000,0x00000000ed078ce8,0x00000000ed080000)
  to   space 5120K, 0% used [0x00000000ed080000,0x00000000ed080000,0x00000000ed580000)
 ParOldGen       total 87552K, used 1700K [0x00000000c0000000, 0x00000000c5580000, 0x00000000eab00000)
  object space 87552K, 1% used [0x00000000c0000000,0x00000000c01a90d0,0x00000000c5580000)
 Metaspace       used 5943K, capacity 7024K, committed 7296K, reserved 1056768K
  class space    used 584K, capacity 616K, committed 640K, reserved 1048576K

Deoptimization events (7 events):
Event: 0.463 Thread 0x0000000016808000 Uncommon trap: reason=unstable_if action=reinterpret pc=0x000000000288f01c method=java.util.HashMap.getNode(ILjava/lang/Object;)Ljava/util/HashMap$Node; @ 129
Event: 0.639 Thread 0x0000000016808000 Uncommon trap: reason=unstable_if action=reinterpret pc=0x000000000289e130 method=java.util.BitSet.nextSetBit(I)I @ 87
Event: 0.663 Thread 0x0000000002580800 Uncommon trap: reason=null_check action=make_not_entrant pc=0x00000000029d645c method=com.android.dx.ssa.SsaRenamer.getLocalForNewReg(I)Lcom/android/dx/rop/code/LocalItem; @ 19
Event: 0.888 Thread 0x0000000016808000 Uncommon trap: reason=class_check action=maybe_recompile pc=0x000000000296fb50 method=com.android.dx.rop.type.Type.equals(Ljava/lang/Object;)Z @ 8
Event: 1.065 Thread 0x0000000016804800 Uncommon trap: reason=null_check action=make_not_entrant pc=0x0000000002a1bda4 method=com.android.dx.rop.type.Type.equals(Ljava/lang/Object;)Z @ 8
Event: 1.093 Thread 0x0000000016804800 Uncommon trap: reason=unstable_if action=reinterpret pc=0x00000000029f579c method=com.android.dx.rop.cst.Constant.compareTo(Lcom/android/dx/rop/cst/Constant;)I @ 12
Event: 1.131 Thread 0x0000000016809000 Uncommon trap: reason=unstable_if action=reinterpret pc=0x0000000002a19bfc method=com.android.dx.rop.code.RegisterSpec.equals(ILcom/android/dx/rop/type/TypeBearer;Lcom/android/dx/rop/code/LocalItem;)Z @ 42

Internal exceptions (4 events):
Event: 0.050 Thread 0x0000000002580800 Exception <a 'java/lang/NoSuchMethodError': Method sun.misc.Unsafe.defineClass(Ljava/lang/String;[BII)Ljava/lang/Class; name or signature does not match> (0x00000000eab0d398) thrown at [C:\re\workspace\8-2-build-windows-amd64-cygwin\jdk8u51\3951\hotspot\sr/?ÉiÐ€©?
Event: 0.050 Thread 0x0000000002580800 Exception <a 'java/lang/NoSuchMethodError': Method sun.misc.Unsafe.prefetchRead(Ljava/lang/Object;J)V name or signature does not match> (0x00000000eab0d628) thrown at [C:\re\workspace\8-2-build-windows-amd64-cygwin\jdk8u51\3951\hotspot\src\share\vm\prims\j{:ŽÎý5å?
Event: 0.663 Thread 0x0000000002580800 Implicit null exception at 0x00000000029d3c84 to 0x00000000029d6421
Event: 1.065 Thread 0x0000000016804800 Implicit null exception at 0x0000000002a1bca2 to 0x0000000002a1bd95

Events (10 events):
Event: 1.065 Thread 0x0000000016804800 Uncommon trap: trap_request=0xfffffff4 fr.pc=0x0000000002a1bda4
Event: 1.065 Thread 0x0000000016804800 DEOPT PACKING pc=0x0000000002a1bda4 sp=0x0000000016c9e2b0
Event: 1.065 Thread 0x0000000016804800 DEOPT UNPACKING pc=0x00000000026c582a sp=0x0000000016c9e248 mode 2
Event: 1.093 Thread 0x0000000016804800 Uncommon trap: trap_request=0xffffff65 fr.pc=0x00000000029f579c
Event: 1.093 Thread 0x0000000016804800 DEOPT PACKING pc=0x00000000029f579c sp=0x0000000016c9e340
Event: 1.093 Thread 0x0000000016804800 DEOPT UNPACKING pc=0x00000000026c582a sp=0x0000000016c9e2e0 mode 2
Event: 1.131 Thread 0x0000000016809000 Uncommon trap: trap_request=0xffffff65 fr.pc=0x0000000002a19bfc
Event: 1.131 Thread 0x0000000016809000 DEOPT PACKING pc=0x0000000002a19bfc sp=0x0000000016f9e8e0
Event: 1.131 Thread 0x0000000016809000 DEOPT UNPACKING pc=0x00000000026c582a sp=0x0000000016f9e868 mode 2
Event: 1.216 Executing VM operation: ParallelGCFailedAllocation


Dynamic libraries:
0x00007ff68b100000 - 0x00007ff68b137000 	C:\Program Files\Java\jdk1.8.0_51\bin\java.exe
0x00007ff9f46a0000 - 0x00007ff9f484d000 	C:\Windows\SYSTEM32\ntdll.dll
0x00007ff9f21f0000 - 0x00007ff9f232e000 	C:\Windows\system32\KERNEL32.DLL
0x00007ff9f1c00000 - 0x00007ff9f1d15000 	C:\Windows\system32\KERNELBASE.dll
0x00007ff9f0390000 - 0x00007ff9f041e000 	C:\Windows\system32\apphelp.dll
0x00007ff9e34b0000 - 0x00007ff9e3503000 	C:\Windows\AppPatch\AppPatch64\AcGenral.DLL
0x00007ff9f27d0000 - 0x00007ff9f287a000 	C:\Windows\system32\msvcrt.dll
0x00007ff9f1620000 - 0x00007ff9f164e000 	C:\Windows\SYSTEM32\SspiCli.dll
0x00007ff9f2180000 - 0x00007ff9f21d4000 	C:\Windows\system32\SHLWAPI.dll
0x00007ff9f4520000 - 0x00007ff9f4697000 	C:\Windows\system32\USER32.dll
0x00007ff9f2380000 - 0x00007ff9f2514000 	C:\Windows\system32\ole32.dll
0x00007ff9f2e40000 - 0x00007ff9f436a000 	C:\Windows\system32\SHELL32.dll
0x00007ff9f0df0000 - 0x00007ff9f0e11000 	C:\Windows\SYSTEM32\USERENV.dll
0x00007ff9f2880000 - 0x00007ff9f292a000 	C:\Windows\system32\ADVAPI32.dll
0x00007ff9ea5e0000 - 0x00007ff9ea5fe000 	C:\Windows\SYSTEM32\MPR.dll
0x00007ff9f43d0000 - 0x00007ff9f4511000 	C:\Windows\system32\RPCRT4.dll
0x00007ff9f2c90000 - 0x00007ff9f2ce9000 	C:\Windows\SYSTEM32\sechost.dll
0x00007ff9f2940000 - 0x00007ff9f2b51000 	C:\Windows\SYSTEM32\combase.dll
0x00007ff9f2cf0000 - 0x00007ff9f2e40000 	C:\Windows\system32\GDI32.dll
0x00007ff9f17f0000 - 0x00007ff9f1805000 	C:\Windows\SYSTEM32\profapi.dll
0x00007ff9efbb0000 - 0x00007ff9efc62000 	C:\Windows\SYSTEM32\SHCORE.dll
0x00007ff9f2330000 - 0x00007ff9f2366000 	C:\Windows\system32\IMM32.DLL
0x00007ff9f2520000 - 0x00007ff9f2672000 	C:\Windows\system32\MSCTF.dll
0x00007ff9ef0d0000 - 0x00007ff9ef34b000 	C:\Windows\WinSxS\amd64_microsoft.windows.common-controls_6595b64144ccf1df_6.0.9600.18006_none_623f33d3ecbe86e8\COMCTL32.dll
0x000000006ba70000 - 0x000000006bb42000 	C:\Program Files\Java\jdk1.8.0_51\jre\bin\msvcr100.dll
0x000000006c190000 - 0x000000006ca13000 	C:\Program Files\Java\jdk1.8.0_51\jre\bin\server\jvm.dll
0x00007ff9e79b0000 - 0x00007ff9e79b9000 	C:\Windows\SYSTEM32\WSOCK32.dll
0x00007ff9ea360000 - 0x00007ff9ea382000 	C:\Windows\SYSTEM32\WINMM.dll
0x00007ff9e8410000 - 0x00007ff9e841a000 	C:\Windows\SYSTEM32\VERSION.dll
0x00007ff9f2370000 - 0x00007ff9f2377000 	C:\Windows\system32\PSAPI.DLL
0x00007ff9f4370000 - 0x00007ff9f43ca000 	C:\Windows\system32\WS2_32.dll
0x00007ff9ea320000 - 0x00007ff9ea34a000 	C:\Windows\SYSTEM32\WINMMBASE.dll
0x00007ff9f2c80000 - 0x00007ff9f2c89000 	C:\Windows\system32\NSI.dll
0x00007ff9f1970000 - 0x00007ff9f19bf000 	C:\Windows\SYSTEM32\cfgmgr32.dll
0x00007ff9f0610000 - 0x00007ff9f0638000 	C:\Windows\SYSTEM32\DEVOBJ.dll
0x000000006cbc0000 - 0x000000006cbcf000 	C:\Program Files\Java\jdk1.8.0_51\jre\bin\verify.dll
0x000000006cb90000 - 0x000000006cbb9000 	C:\Program Files\Java\jdk1.8.0_51\jre\bin\java.dll
0x000000006cb70000 - 0x000000006cb86000 	C:\Program Files\Java\jdk1.8.0_51\jre\bin\zip.dll
0x00007ff9e6810000 - 0x00007ff9e6999000 	C:\Windows\SYSTEM32\dbghelp.dll

VM Arguments:
jvm_args: -Xmx1024M -Dfile.encoding=windows-1252 -Duser.country=US -Duser.language=en -Duser.variant 
java_command: com.android.dx.command.Main --dex --num-threads=4 --output C:\Users\Admin-PC\Desktop\Brainbox\BrainBox\BrainBoxStudent\app\build\intermediates\pre-dexed\debug\classes-9b9eceff816cb9e79c234bfe79a56daab773a787.jar C:\Users\Admin-PC\Desktop\Brainbox\BrainBox\BrainBoxStudent\app\build\intermediates\exploded-aar\com.android.support\mediarouter-v7\23.0.0\jars\classes.jar
java_class_path (initial): C:\Users\Admin-PC\AppData\Local\Android\sdk2\build-tools\23.0.1\lib\dx.jar
Launcher Type: SUN_STANDARD

Environment Variables:
JAVA_HOME=C:\Program Files\Java\jdk1.8.0_51
PATH=C:\ProgramData\Oracle\Java\javapath;C:\Windows\system32;C:\Windows;C:\Windows\System32\Wbem;C:\Windows\System32\WindowsPowerShell\v1.0\;C:\Program Files\TortoiseGit\bin;C:\Program Files (x86)\Windows Live\Shared;C:\Program Files\nodejs\;C:\Program Files (x86)\QuickTime\QTSystem\;C:\Program Files (x86)\MySQL\MySQL Fabric 1.5 & MySQL Utilities 1.5\;C:\Program Files (x86)\MySQL\MySQL Fabric 1.5 & MySQL Utilities 1.5\Doctrine extensions for PHP\;C:\Program Files\Java\jdk1.8.0_51\bin;C:\Users\Admin-PC\AppData\Roaming\npm;C:\Users\Admin-PC\AppData\Local\atom\bin
USERNAME=Admin-PC
OS=Windows_NT
PROCESSOR_IDENTIFIER=Intel64 Family 6 Model 60 Stepping 3, GenuineIntel



---------------  S Y S T E M  ---------------

OS: Windows 8.1 , 64 bit Build 9600 (6.3.9600.17415)

CPU:total 4 (4 cores per cpu, 1 threads per core) family 6 model 60 stepping 3, cmov, cx8, fxsr, mmx, sse, sse2, sse3, ssse3, sse4.1, sse4.2, popcnt, avx, avx2, aes, clmul, erms, lzcnt, tsc, tscinvbit, bmi1, bmi2

Memory: 4k page, physical 8278240k(1031004k free), swap 11423968k(5012k free)

vm_info: Java HotSpot(TM) 64-Bit Server VM (25.51-b03) for windows-amd64 JRE (1.8.0_51-b16), built on Jun  8 2015 18:03:07 by "java_re" with MS VC++ 10.0 (VS2010)

time: Fri Feb 19 17:43:16 2016
elapsed time: 1 seconds (0d 0h 0m 1s)

