#
# There is insufficient memory for the Java Runtime Environment to continue.
# Native memory allocation (malloc) failed to allocate 490976 bytes for Chunk::new
# Possible reasons:
#   The system is out of physical RAM or swap space
#   In 32 bit mode, the process size limit was hit
# Possible solutions:
#   Reduce memory load on the system
#   Increase physical memory or swap space
#   Check if swap backing store is full
#   Use 64 bit Java on a 64 bit OS
#   Decrease Java heap size (-Xmx/-Xms)
#   Decrease number of Java threads
#   Decrease Java thread stack sizes (-Xss)
#   Set larger code cache with -XX:ReservedCodeCacheSize=
# This output file may be truncated or incomplete.
#
#  Out of Memory Error (allocation.cpp:390), pid=772, tid=6236
#
# JRE version: Java(TM) SE Runtime Environment (8.0_51-b16) (build 1.8.0_51-b16)
# Java VM: Java HotSpot(TM) 64-Bit Server VM (25.51-b03 mixed mode windows-amd64 compressed oops)
# Failed to write core dump. Minidumps are not enabled by default on client versions of Windows
#

---------------  T H R E A D  ---------------

Current thread (0x0000000015236000):  JavaThread "C2 CompilerThread1" daemon [_thread_in_native, id=6236, stack(0x0000000016830000,0x0000000016930000)]

Stack: [0x0000000016830000,0x0000000016930000]
Native frames: (J=compiled Java code, j=interpreted, Vv=VM code, C=native code)
V  [jvm.dll+0x32b4ca]


Current CompileTask:
C2:   1141 1217       4       com.android.dx.ssa.back.LivenessAnalyzer::run (231 bytes)


---------------  P R O C E S S  ---------------

Java Threads: ( => current thread )
  0x0000000016cae000 JavaThread "pool-1-thread-4" [_thread_in_Java, id=7336, stack(0x0000000017430000,0x0000000017530000)]
  0x0000000016c9a800 JavaThread "pool-1-thread-3" [_thread_blocked, id=7368, stack(0x0000000017330000,0x0000000017430000)]
  0x0000000016c90800 JavaThread "pool-1-thread-2" [_thread_blocked, id=8180, stack(0x0000000017230000,0x0000000017330000)]
  0x0000000016c90000 JavaThread "pool-2-thread-1" [_thread_blocked, id=8168, stack(0x0000000017130000,0x0000000017230000)]
  0x0000000016c8e000 JavaThread "pool-1-thread-1" [_thread_blocked, id=8184, stack(0x0000000017030000,0x0000000017130000)]
  0x0000000016a37800 JavaThread "Service Thread" daemon [_thread_blocked, id=7636, stack(0x0000000016e30000,0x0000000016f30000)]
  0x000000001523c800 JavaThread "C1 CompilerThread2" daemon [_thread_blocked, id=4244, stack(0x0000000016930000,0x0000000016a30000)]
=>0x0000000015236000 JavaThread "C2 CompilerThread1" daemon [_thread_in_native, id=6236, stack(0x0000000016830000,0x0000000016930000)]
  0x00000000151dc800 JavaThread "C2 CompilerThread0" daemon [_thread_in_native, id=532, stack(0x0000000016730000,0x0000000016830000)]
  0x00000000151db000 JavaThread "Attach Listener" daemon [_thread_blocked, id=4428, stack(0x0000000016630000,0x0000000016730000)]
  0x00000000151da000 JavaThread "Signal Dispatcher" daemon [_thread_blocked, id=3216, stack(0x0000000016530000,0x0000000016630000)]
  0x0000000002b07000 JavaThread "Finalizer" daemon [_thread_blocked, id=6784, stack(0x0000000016430000,0x0000000016530000)]
  0x0000000002afd000 JavaThread "Reference Handler" daemon [_thread_blocked, id=7136, stack(0x0000000016330000,0x0000000016430000)]
  0x0000000002a10800 JavaThread "main" [_thread_blocked, id=6204, stack(0x0000000002820000,0x0000000002920000)]

Other Threads:
  0x00000000151a7800 VMThread [stack: 0x0000000016230000,0x0000000016330000] [id=2560]
  0x0000000016a38800 WatcherThread [stack: 0x0000000016f30000,0x0000000017030000] [id=7540]

VM state:not at safepoint (normal execution)

VM Mutex/Monitor currently owned by a thread: None

Heap:
 PSYoungGen      total 38400K, used 18625K [0x00000000eab00000, 0x00000000ed580000, 0x0000000100000000)
  eden space 33280K, 40% used [0x00000000eab00000,0x00000000eb8369b8,0x00000000ecb80000)
  from space 5120K, 99% used [0x00000000ecb80000,0x00000000ed079c98,0x00000000ed080000)
  to   space 5120K, 0% used [0x00000000ed080000,0x00000000ed080000,0x00000000ed580000)
 ParOldGen       total 87552K, used 1777K [0x00000000c0000000, 0x00000000c5580000, 0x00000000eab00000)
  object space 87552K, 2% used [0x00000000c0000000,0x00000000c01bc790,0x00000000c5580000)
 Metaspace       used 5858K, capacity 6960K, committed 7040K, reserved 1056768K
  class space    used 580K, capacity 616K, committed 640K, reserved 1048576K

Card table byte_map: [0x0000000011ed0000,0x00000000120e0000] byte_map_base: 0x00000000118d0000

Marking Bits: (ParMarkBitMap*) 0x000000006c994040
 Begin Bits: [0x0000000012640000, 0x0000000013640000)
 End Bits:   [0x0000000013640000, 0x0000000014640000)

Polling page: 0x0000000001080000

CodeCache: size=245760Kb used=4757Kb max_used=4757Kb free=241002Kb
 bounds [0x0000000002b10000, 0x0000000002fc0000, 0x0000000011b10000]
 total_blobs=1483 nmethods=1214 adapters=182
 compilation: enabled

Compilation events (10 events):
Event: 1.139 Thread 0x000000001523c800 1166       1       com.android.dx.cf.code.ByteCatchList$Item::getHandlerPc (5 bytes)
Event: 1.139 Thread 0x000000001523c800 nmethod 1166 0x0000000002fb8e10 code [0x0000000002fb8f60, 0x0000000002fb9070]
Event: 1.139 Thread 0x000000001523c800 1176       1       com.android.dx.cf.code.ByteCatchList$Item::getStartPc (5 bytes)
Event: 1.139 Thread 0x000000001523c800 nmethod 1176 0x0000000002fb90d0 code [0x0000000002fb9220, 0x0000000002fb9330]
Event: 1.139 Thread 0x000000001523c800 1177       1       com.android.dx.cf.code.ByteCatchList$Item::getEndPc (5 bytes)
Event: 1.139 Thread 0x000000001523c800 nmethod 1177 0x0000000002fb9390 code [0x0000000002fb94e0, 0x0000000002fb95f0]
Event: 1.139 Thread 0x000000001523c800 1114       1       com.android.dx.cf.direct.DirectClassFile$DcfTypeList::size (5 bytes)
Event: 1.139 Thread 0x000000001523c800 nmethod 1114 0x0000000002fb9650 code [0x0000000002fb97a0, 0x0000000002fb98b0]
Event: 1.139 Thread 0x000000001523c800 1190       1       com.android.dx.rop.code.ThrowingInsn::getCatches (5 bytes)
Event: 1.139 Thread 0x000000001523c800 nmethod 1190 0x0000000002fb9910 code [0x0000000002fb9a60, 0x0000000002fb9b70]

GC Heap History (2 events):
Event: 0.940 GC heap before
{Heap before GC invocations=1 (full 0):
 PSYoungGen      total 38400K, used 33280K [0x00000000eab00000, 0x00000000ed580000, 0x0000000100000000)
  eden space 33280K, 100% used [0x00000000eab00000,0x00000000ecb80000,0x00000000ecb80000)
  from space 5120K, 0% used [0x00000000ed080000,0x00000000ed080000,0x00000000ed580000)
  to   space 5120K, 0% used [0x00000000ecb80000,0x00000000ecb80000,0x00000000ed080000)
 ParOldGen       total 87552K, used 0K [0x00000000c0000000, 0x00000000c5580000, 0x00000000eab00000)
  object space 87552K, 0% used [0x00000000c0000000,0x00000000c0000000,0x00000000c5580000)
 Metaspace       used 5803K, capacity 6896K, committed 7040K, reserved 1056768K
  class space    used 580K, capacity 616K, committed 640K, reserved 1048576K
Event: 1.094 GC heap after
Heap after GC invocations=1 (full 0):
 PSYoungGen      total 38400K, used 5095K [0x00000000eab00000, 0x00000000ed580000, 0x0000000100000000)
  eden space 33280K, 0% used [0x00000000eab00000,0x00000000eab00000,0x00000000ecb80000)
  from space 5120K, 99% used [0x00000000ecb80000,0x00000000ed079c98,0x00000000ed080000)
  to   space 5120K, 0% used [0x00000000ed080000,0x00000000ed080000,0x00000000ed580000)
 ParOldGen       total 87552K, used 1777K [0x00000000c0000000, 0x00000000c5580000, 0x00000000eab00000)
  object space 87552K, 2% used [0x00000000c0000000,0x00000000c01bc790,0x00000000c5580000)
 Metaspace       used 5803K, capacity 6896K, committed 7040K, reserved 1056768K
  class space    used 580K, capacity 616K, committed 640K, reserved 1048576K
}

Deoptimization events (9 events):
Event: 0.579 Thread 0x0000000016cae000 Uncommon trap: reason=unstable_if action=reinterpret pc=0x0000000002dc341c method=com.android.dx.rop.cst.Constant.compareTo(Lcom/android/dx/rop/cst/Constant;)I @ 12
Event: 0.580 Thread 0x0000000016cae000 Uncommon trap: reason=unstable_if action=reinterpret pc=0x0000000002dc5b74 method=com.android.dx.rop.code.RegisterSpec.equals(ILcom/android/dx/rop/type/TypeBearer;Lcom/android/dx/rop/code/LocalItem;)Z @ 16
Event: 0.580 Thread 0x0000000016cae000 Uncommon trap: reason=unstable_if action=reinterpret pc=0x0000000002d014ec method=java.util.HashMap.getNode(ILjava/lang/Object;)Ljava/util/HashMap$Node; @ 129
Event: 0.583 Thread 0x0000000016c9a800 Uncommon trap: reason=unstable_if action=reinterpret pc=0x0000000002e33aa4 method=java.util.HashMap.getNode(ILjava/lang/Object;)Ljava/util/HashMap$Node; @ 62
Event: 0.584 Thread 0x0000000016c9a800 Uncommon trap: reason=unstable_if action=reinterpret pc=0x0000000002d1f5ec method=java.util.HashMap.getNode(ILjava/lang/Object;)Ljava/util/HashMap$Node; @ 62
Event: 0.600 Thread 0x0000000016c9a800 Uncommon trap: reason=unstable_if action=reinterpret pc=0x0000000002d11ff0 method=java.util.BitSet.nextSetBit(I)I @ 87
Event: 0.616 Thread 0x0000000016c9a800 Uncommon trap: reason=unstable_if action=reinterpret pc=0x0000000002d41374 method=java.util.BitSet.ensureCapacity(I)V @ 6
Event: 1.101 Thread 0x0000000016c8e000 Uncommon trap: reason=unstable_if action=reinterpret pc=0x0000000002f374bc method=com.android.dx.util.IntList.binarysearch(I)I @ 105
Event: 1.101 Thread 0x0000000016c8e000 Uncommon trap: reason=null_check action=make_not_entrant pc=0x0000000002f64064 method=com.android.dx.rop.type.Type.equals(Ljava/lang/Object;)Z @ 8

Internal exceptions (3 events):
Event: 0.028 Thread 0x0000000002a10800 Exception <a 'java/lang/NoSuchMethodError': Method sun.misc.Unsafe.defineClass(Ljava/lang/String;[BII)Ljava/lang/Class; name or signature does not match> (0x00000000eab0d528) thrown at [C:\re\workspace\8-2-build-windows-amd64-cygwin\jdk8u51\3951\hotspot\srr^Q$@#ù?
Event: 0.028 Thread 0x0000000002a10800 Exception <a 'java/lang/NoSuchMethodError': Method sun.misc.Unsafe.prefetchRead(Ljava/lang/Object;J)V name or signature does not match> (0x00000000eab0d7b8) thrown at [C:\re\workspace\8-2-build-windows-amd64-cygwin\jdk8u51\3951\hotspot\src\share\vm\prims\j¢ùÍZùÒ?
Event: 1.101 Thread 0x0000000016c8e000 Implicit null exception at 0x0000000002f63f62 to 0x0000000002f64055

Events (10 events):
Event: 0.657 Executing VM operation: ForceSafepoint
Event: 0.811 Executing VM operation: ForceSafepoint done
Event: 0.854 Executing VM operation: ParallelGCFailedAllocation
Event: 1.094 Executing VM operation: ParallelGCFailedAllocation done
Event: 1.101 Thread 0x0000000016c8e000 Uncommon trap: trap_request=0xffffff65 fr.pc=0x0000000002f374bc
Event: 1.101 Thread 0x0000000016c8e000 DEOPT PACKING pc=0x0000000002f374bc sp=0x000000001712ecd0
Event: 1.101 Thread 0x0000000016c8e000 DEOPT UNPACKING pc=0x0000000002b5582a sp=0x000000001712ec48 mode 2
Event: 1.101 Thread 0x0000000016c8e000 Uncommon trap: trap_request=0xfffffff4 fr.pc=0x0000000002f64064
Event: 1.101 Thread 0x0000000016c8e000 DEOPT PACKING pc=0x0000000002f64064 sp=0x000000001712e9c0
Event: 1.101 Thread 0x0000000016c8e000 DEOPT UNPACKING pc=0x0000000002b5582a sp=0x000000001712e948 mode 2


Dynamic libraries:
0x00007ff68b100000 - 0x00007ff68b137000 	C:\Program Files\Java\jdk1.8.0_51\bin\java.exe
0x00007ff9f46a0000 - 0x00007ff9f484d000 	C:\Windows\SYSTEM32\ntdll.dll
0x00007ff9f21f0000 - 0x00007ff9f232e000 	C:\Windows\system32\KERNEL32.DLL
0x00007ff9f1c00000 - 0x00007ff9f1d15000 	C:\Windows\system32\KERNELBASE.dll
0x00007ff9f0390000 - 0x00007ff9f041e000 	C:\Windows\system32\apphelp.dll
0x00007ff9e34b0000 - 0x00007ff9e3503000 	C:\Windows\AppPatch\AppPatch64\AcGenral.DLL
0x00007ff9f27d0000 - 0x00007ff9f287a000 	C:\Windows\system32\msvcrt.dll
0x00007ff9f1620000 - 0x00007ff9f164e000 	C:\Windows\SYSTEM32\SspiCli.dll
0x00007ff9f2180000 - 0x00007ff9f21d4000 	C:\Windows\system32\SHLWAPI.dll
0x00007ff9f4520000 - 0x00007ff9f4697000 	C:\Windows\system32\USER32.dll
0x00007ff9f2380000 - 0x00007ff9f2514000 	C:\Windows\system32\ole32.dll
0x00007ff9f2e40000 - 0x00007ff9f436a000 	C:\Windows\system32\SHELL32.dll
0x00007ff9f0df0000 - 0x00007ff9f0e11000 	C:\Windows\SYSTEM32\USERENV.dll
0x00007ff9f2880000 - 0x00007ff9f292a000 	C:\Windows\system32\ADVAPI32.dll
0x00007ff9ea5e0000 - 0x00007ff9ea5fe000 	C:\Windows\SYSTEM32\MPR.dll
0x00007ff9f43d0000 - 0x00007ff9f4511000 	C:\Windows\system32\RPCRT4.dll
0x00007ff9f2c90000 - 0x00007ff9f2ce9000 	C:\Windows\SYSTEM32\sechost.dll
0x00007ff9f2940000 - 0x00007ff9f2b51000 	C:\Windows\SYSTEM32\combase.dll
0x00007ff9f2cf0000 - 0x00007ff9f2e40000 	C:\Windows\system32\GDI32.dll
0x00007ff9f17f0000 - 0x00007ff9f1805000 	C:\Windows\SYSTEM32\profapi.dll
0x00007ff9efbb0000 - 0x00007ff9efc62000 	C:\Windows\SYSTEM32\SHCORE.dll
0x00007ff9f2330000 - 0x00007ff9f2366000 	C:\Windows\system32\IMM32.DLL
0x00007ff9f2520000 - 0x00007ff9f2672000 	C:\Windows\system32\MSCTF.dll
0x00007ff9ef0d0000 - 0x00007ff9ef34b000 	C:\Windows\WinSxS\amd64_microsoft.windows.common-controls_6595b64144ccf1df_6.0.9600.18006_none_623f33d3ecbe86e8\COMCTL32.dll
0x000000006ba70000 - 0x000000006bb42000 	C:\Program Files\Java\jdk1.8.0_51\jre\bin\msvcr100.dll
0x000000006c190000 - 0x000000006ca13000 	C:\Program Files\Java\jdk1.8.0_51\jre\bin\server\jvm.dll
0x00007ff9e79b0000 - 0x00007ff9e79b9000 	C:\Windows\SYSTEM32\WSOCK32.dll
0x00007ff9ea360000 - 0x00007ff9ea382000 	C:\Windows\SYSTEM32\WINMM.dll
0x00007ff9e8410000 - 0x00007ff9e841a000 	C:\Windows\SYSTEM32\VERSION.dll
0x00007ff9f2370000 - 0x00007ff9f2377000 	C:\Windows\system32\PSAPI.DLL
0x00007ff9f4370000 - 0x00007ff9f43ca000 	C:\Windows\system32\WS2_32.dll
0x00007ff9ea320000 - 0x00007ff9ea34a000 	C:\Windows\SYSTEM32\WINMMBASE.dll
0x00007ff9f2c80000 - 0x00007ff9f2c89000 	C:\Windows\system32\NSI.dll
0x00007ff9f1970000 - 0x00007ff9f19bf000 	C:\Windows\SYSTEM32\cfgmgr32.dll
0x00007ff9f0610000 - 0x00007ff9f0638000 	C:\Windows\SYSTEM32\DEVOBJ.dll
0x000000006cbc0000 - 0x000000006cbcf000 	C:\Program Files\Java\jdk1.8.0_51\jre\bin\verify.dll
0x000000006cb90000 - 0x000000006cbb9000 	C:\Program Files\Java\jdk1.8.0_51\jre\bin\java.dll
0x000000006cb70000 - 0x000000006cb86000 	C:\Program Files\Java\jdk1.8.0_51\jre\bin\zip.dll
0x00007ff9e6810000 - 0x00007ff9e6999000 	C:\Windows\SYSTEM32\dbghelp.dll

VM Arguments:
jvm_args: -Xmx1024M -Dfile.encoding=windows-1252 -Duser.country=US -Duser.language=en -Duser.variant 
java_command: com.android.dx.command.Main --dex --num-threads=4 --output C:\Users\Admin-PC\Desktop\Brainbox\BrainBox\BrainBoxStudent\app\build\intermediates\pre-dexed\debug\classes-44d42bcf5ba5465f7c6148fcf6ca63dfa2629586.jar C:\Users\Admin-PC\Desktop\Brainbox\BrainBox\BrainBoxStudent\app\build\intermediates\exploded-aar\com.google.android.gms\play-services-plus\8.4.0\jars\classes.jar
java_class_path (initial): C:\Users\Admin-PC\AppData\Local\Android\sdk2\build-tools\23.0.1\lib\dx.jar
Launcher Type: SUN_STANDARD

Environment Variables:
JAVA_HOME=C:\Program Files\Java\jdk1.8.0_51
PATH=C:\ProgramData\Oracle\Java\javapath;C:\Windows\system32;C:\Windows;C:\Windows\System32\Wbem;C:\Windows\System32\WindowsPowerShell\v1.0\;C:\Program Files\TortoiseGit\bin;C:\Program Files (x86)\Windows Live\Shared;C:\Program Files\nodejs\;C:\Program Files (x86)\QuickTime\QTSystem\;C:\Program Files (x86)\MySQL\MySQL Fabric 1.5 & MySQL Utilities 1.5\;C:\Program Files (x86)\MySQL\MySQL Fabric 1.5 & MySQL Utilities 1.5\Doctrine extensions for PHP\;C:\Program Files\Java\jdk1.8.0_51\bin;C:\Users\Admin-PC\AppData\Roaming\npm;C:\Users\Admin-PC\AppData\Local\atom\bin
USERNAME=Admin-PC
OS=Windows_NT
PROCESSOR_IDENTIFIER=Intel64 Family 6 Model 60 Stepping 3, GenuineIntel



---------------  S Y S T E M  ---------------

OS: Windows 8.1 , 64 bit Build 9600 (6.3.9600.17415)

CPU:total 4 (4 cores per cpu, 1 threads per core) family 6 model 60 stepping 3, cmov, cx8, fxsr, mmx, sse, sse2, sse3, ssse3, sse4.1, sse4.2, popcnt, avx, avx2, aes, clmul, erms, lzcnt, tsc, tscinvbit, bmi1, bmi2

Memory: 4k page, physical 8278240k(1023888k free), swap 11423968k(5128k free)

vm_info: Java HotSpot(TM) 64-Bit Server VM (25.51-b03) for windows-amd64 JRE (1.8.0_51-b16), built on Jun  8 2015 18:03:07 by "java_re" with MS VC++ 10.0 (VS2010)

time: Fri Feb 19 17:43:17 2016
elapsed time: 1 seconds (0d 0h 0m 1s)

