#
# There is insufficient memory for the Java Runtime Environment to continue.
# Native memory allocation (malloc) failed to allocate 52784 bytes for Chunk::new
# Possible reasons:
#   The system is out of physical RAM or swap space
#   In 32 bit mode, the process size limit was hit
# Possible solutions:
#   Reduce memory load on the system
#   Increase physical memory or swap space
#   Check if swap backing store is full
#   Use 64 bit Java on a 64 bit OS
#   Decrease Java heap size (-Xmx/-Xms)
#   Decrease number of Java threads
#   Decrease Java thread stack sizes (-Xss)
#   Set larger code cache with -XX:ReservedCodeCacheSize=
# This output file may be truncated or incomplete.
#
#  Out of Memory Error (allocation.cpp:390), pid=3216, tid=6284
#
# JRE version: Java(TM) SE Runtime Environment (8.0_51-b16) (build 1.8.0_51-b16)
# Java VM: Java HotSpot(TM) 64-Bit Server VM (25.51-b03 mixed mode windows-amd64 compressed oops)
# Failed to write core dump. Minidumps are not enabled by default on client versions of Windows
#

---------------  T H R E A D  ---------------

Current thread (0x0000000014a55800):  JavaThread "C2 CompilerThread1" daemon [_thread_in_native, id=6284, stack(0x0000000016070000,0x0000000016170000)]

Stack: [0x0000000016070000,0x0000000016170000]
Native frames: (J=compiled Java code, j=interpreted, Vv=VM code, C=native code)
V  [jvm.dll+0x32b4ca]
V  [jvm.dll+0x2797e3]
V  [jvm.dll+0x27a479]
V  [jvm.dll+0x271765]
V  [jvm.dll+0xcba02]
V  [jvm.dll+0xcbecc]
V  [jvm.dll+0x4ef8e1]
V  [jvm.dll+0x4f12da]
V  [jvm.dll+0x46a902]
V  [jvm.dll+0x46cde2]
V  [jvm.dll+0x4501a2]
V  [jvm.dll+0xa43a2]
V  [jvm.dll+0xa4cdf]
V  [jvm.dll+0x2418a4]
V  [jvm.dll+0x29846a]
C  [msvcr100.dll+0x21d9f]
C  [msvcr100.dll+0x21e3b]
C  [KERNEL32.DLL+0x13d2]
C  [ntdll.dll+0x154e4]


Current CompileTask:
C2:   1431 1180   !   4       com.android.dx.cf.code.BytecodeArray::parseInstruction (2764 bytes)


---------------  P R O C E S S  ---------------

Java Threads: ( => current thread )
  0x0000000016501800 JavaThread "pool-1-thread-4" [_thread_in_vm, id=7216, stack(0x0000000016c70000,0x0000000016d70000)]
  0x00000000164ce000 JavaThread "pool-1-thread-3" [_thread_in_Java, id=7204, stack(0x0000000016b70000,0x0000000016c70000)]
  0x00000000164cd000 JavaThread "pool-1-thread-2" [_thread_in_Java, id=7200, stack(0x0000000016a70000,0x0000000016b70000)]
  0x00000000164ca800 JavaThread "pool-2-thread-1" [_thread_blocked, id=7196, stack(0x0000000016970000,0x0000000016a70000)]
  0x00000000164c9800 JavaThread "pool-1-thread-1" [_thread_in_Java, id=7192, stack(0x0000000016870000,0x0000000016970000)]
  0x0000000016275800 JavaThread "Service Thread" daemon [_thread_blocked, id=6660, stack(0x0000000016670000,0x0000000016770000)]
  0x0000000014a5c000 JavaThread "C1 CompilerThread2" daemon [_thread_blocked, id=7044, stack(0x0000000016170000,0x0000000016270000)]
=>0x0000000014a55800 JavaThread "C2 CompilerThread1" daemon [_thread_in_native, id=6284, stack(0x0000000016070000,0x0000000016170000)]
  0x00000000149fc000 JavaThread "C2 CompilerThread0" daemon [_thread_blocked, id=1324, stack(0x0000000015f70000,0x0000000016070000)]
  0x00000000149fa800 JavaThread "Attach Listener" daemon [_thread_blocked, id=1504, stack(0x0000000015e70000,0x0000000015f70000)]
  0x00000000149f9000 JavaThread "Signal Dispatcher" daemon [_thread_blocked, id=2084, stack(0x0000000015d70000,0x0000000015e70000)]
  0x0000000002326000 JavaThread "Finalizer" daemon [_thread_blocked, id=3400, stack(0x0000000015c70000,0x0000000015d70000)]
  0x000000000231d000 JavaThread "Reference Handler" daemon [_thread_blocked, id=5324, stack(0x0000000015b70000,0x0000000015c70000)]
  0x0000000002230800 JavaThread "main" [_thread_blocked, id=6752, stack(0x0000000002130000,0x0000000002230000)]

Other Threads:
  0x00000000149c7800 VMThread [stack: 0x0000000015a70000,0x0000000015b70000] [id=6776]
  0x0000000016276000 WatcherThread [stack: 0x0000000016770000,0x0000000016870000] [id=6184]

VM state:not at safepoint (normal execution)

VM Mutex/Monitor currently owned by a thread:  ([mutex/lock_event])
[0x000000000203d250] MethodData_lock - owner thread: 0x0000000016501800

Heap:
 PSYoungGen      total 38400K, used 29379K [0x00000000eab00000, 0x00000000ed580000, 0x0000000100000000)
  eden space 33280K, 88% used [0x00000000eab00000,0x00000000ec7b0fd8,0x00000000ecb80000)
  from space 5120K, 0% used [0x00000000ed080000,0x00000000ed080000,0x00000000ed580000)
  to   space 5120K, 0% used [0x00000000ecb80000,0x00000000ecb80000,0x00000000ed080000)
 ParOldGen       total 87552K, used 0K [0x00000000c0000000, 0x00000000c5580000, 0x00000000eab00000)
  object space 87552K, 0% used [0x00000000c0000000,0x00000000c0000000,0x00000000c5580000)
 Metaspace       used 5810K, capacity 6896K, committed 7040K, reserved 1056768K
  class space    used 580K, capacity 616K, committed 640K, reserved 1048576K

Card table byte_map: [0x00000000116f0000,0x0000000011900000] byte_map_base: 0x00000000110f0000

Marking Bits: (ParMarkBitMap*) 0x000000006c994040
 Begin Bits: [0x0000000011e60000, 0x0000000012e60000)
 End Bits:   [0x0000000012e60000, 0x0000000013e60000)

Polling page: 0x00000000007e0000

CodeCache: size=245760Kb used=4872Kb max_used=4872Kb free=240887Kb
 bounds [0x0000000002330000, 0x0000000002800000, 0x0000000011330000]
 total_blobs=1484 nmethods=1213 adapters=182
 compilation: enabled

Compilation events (10 events):
Event: 1.353 Thread 0x00000000149fc000 1197       4       com.android.dx.ssa.SsaMethod::bitSetFromLabelList (47 bytes)
Event: 1.357 Thread 0x00000000149fc000 nmethod 1197 0x00000000027e5650 code [0x00000000027e57c0, 0x00000000027e5c48]
Event: 1.357 Thread 0x00000000149fc000 1219       4       com.android.dx.ssa.SsaMethod::forEachInsn (36 bytes)
Event: 1.359 Thread 0x00000000149fc000 nmethod 1219 0x00000000027efd90 code [0x00000000027efee0, 0x00000000027f0108]
Event: 1.359 Thread 0x00000000149fc000 1198       4       com.android.dx.util.BitIntSet::add (15 bytes)
Event: 1.361 Thread 0x00000000149fc000 nmethod 1198 0x00000000027f0410 code [0x00000000027f0560, 0x00000000027f0778]
Event: 1.361 Thread 0x00000000149fc000 1201       4       com.android.dx.rop.code.RegisterSpec::makeLocalOptional (7 bytes)
Event: 1.362 Thread 0x00000000149fc000 nmethod 1201 0x0000000002794f50 code [0x00000000027950a0, 0x0000000002795108]
Event: 1.362 Thread 0x00000000149fc000 1220       4       java.util.HashMap::<init> (11 bytes)
Event: 1.363 Thread 0x00000000149fc000 nmethod 1220 0x00000000026b9250 code [0x00000000026b9380, 0x00000000026b93d8]

GC Heap History (0 events):
No events

Deoptimization events (6 events):
Event: 1.151 Thread 0x00000000164ce000 Uncommon trap: reason=unstable_if action=reinterpret pc=0x0000000002600874 method=com.android.dx.rop.code.RegisterSpec.equals(ILcom/android/dx/rop/type/TypeBearer;Lcom/android/dx/rop/code/LocalItem;)Z @ 16
Event: 1.151 Thread 0x00000000164ce000 Uncommon trap: reason=unstable_if action=reinterpret pc=0x0000000002517874 method=java.util.HashMap.getNode(ILjava/lang/Object;)Ljava/util/HashMap$Node; @ 62
Event: 1.160 Thread 0x00000000164c9800 Uncommon trap: reason=unstable_if action=reinterpret pc=0x0000000002691fac method=java.util.HashMap.getNode(ILjava/lang/Object;)Ljava/util/HashMap$Node; @ 62
Event: 1.160 Thread 0x00000000164c9800 Uncommon trap: reason=unstable_if action=reinterpret pc=0x000000000252b5a4 method=java.util.HashMap.getNode(ILjava/lang/Object;)Ljava/util/HashMap$Node; @ 62
Event: 1.181 Thread 0x00000000164ce000 Uncommon trap: reason=unstable_if action=reinterpret pc=0x000000000251fbb0 method=java.util.BitSet.nextSetBit(I)I @ 87
Event: 1.317 Thread 0x00000000164ce000 Uncommon trap: reason=unstable_if action=reinterpret pc=0x00000000025bdc34 method=java.util.BitSet.ensureCapacity(I)V @ 6

Internal exceptions (2 events):
Event: 0.056 Thread 0x0000000002230800 Exception <a 'java/lang/NoSuchMethodError': Method sun.misc.Unsafe.defineClass(Ljava/lang/String;[BII)Ljava/lang/Class; name or signature does not match> (0x00000000eab0d528) thrown at [C:\re\workspace\8-2-build-windows-amd64-cygwin\jdk8u51\3951\hotspot\sra■ь\ьм?
Event: 0.056 Thread 0x0000000002230800 Exception <a 'java/lang/NoSuchMethodError': Method sun.misc.Unsafe.prefetchRead(Ljava/lang/Object;J)V name or signature does not match> (0x00000000eab0d7b8) thrown at [C:\re\workspace\8-2-build-windows-amd64-cygwin\jdk8u51\3951\hotspot\src\share\vm\prims\j

Events (10 events):
Event: 1.209 loading class com/android/dx/rop/code/RegOps done
Event: 1.299 Thread 0x00000000164c9800 DEOPT PACKING pc=0x00000000026df702 sp=0x000000001696e710
Event: 1.299 Thread 0x00000000164c9800 DEOPT UNPACKING pc=0x000000000237787f sp=0x000000001696e478 mode 0
Event: 1.302 Thread 0x00000000164c9800 DEOPT PACKING pc=0x00000000026df702 sp=0x000000001696e710
Event: 1.302 Thread 0x00000000164c9800 DEOPT UNPACKING pc=0x000000000237787f sp=0x000000001696e478 mode 0
Event: 1.311 Executing VM operation: ForceSafepoint
Event: 1.312 Executing VM operation: ForceSafepoint done
Event: 1.317 Thread 0x00000000164ce000 Uncommon trap: trap_request=0xffffff65 fr.pc=0x00000000025bdc34
Event: 1.317 Thread 0x00000000164ce000 DEOPT PACKING pc=0x00000000025bdc34 sp=0x0000000016c6e8c0
Event: 1.317 Thread 0x00000000164ce000 DEOPT UNPACKING pc=0x000000000237582a sp=0x0000000016c6e7a8 mode 2


Dynamic libraries:
0x00007ff68b100000 - 0x00007ff68b137000 	C:\Program Files\Java\jdk1.8.0_51\bin\java.exe
0x00007ff9f46a0000 - 0x00007ff9f484d000 	C:\Windows\SYSTEM32\ntdll.dll
0x00007ff9f21f0000 - 0x00007ff9f232e000 	C:\Windows\system32\KERNEL32.DLL
0x00007ff9f1c00000 - 0x00007ff9f1d15000 	C:\Windows\system32\KERNELBASE.dll
0x00007ff9f0390000 - 0x00007ff9f041e000 	C:\Windows\system32\apphelp.dll
0x00007ff9e34b0000 - 0x00007ff9e3503000 	C:\Windows\AppPatch\AppPatch64\AcGenral.DLL
0x00007ff9f27d0000 - 0x00007ff9f287a000 	C:\Windows\system32\msvcrt.dll
0x00007ff9f1620000 - 0x00007ff9f164e000 	C:\Windows\SYSTEM32\SspiCli.dll
0x00007ff9f2180000 - 0x00007ff9f21d4000 	C:\Windows\system32\SHLWAPI.dll
0x00007ff9f4520000 - 0x00007ff9f4697000 	C:\Windows\system32\USER32.dll
0x00007ff9f2380000 - 0x00007ff9f2514000 	C:\Windows\system32\ole32.dll
0x00007ff9f2e40000 - 0x00007ff9f436a000 	C:\Windows\system32\SHELL32.dll
0x00007ff9f0df0000 - 0x00007ff9f0e11000 	C:\Windows\SYSTEM32\USERENV.dll
0x00007ff9f2880000 - 0x00007ff9f292a000 	C:\Windows\system32\ADVAPI32.dll
0x00007ff9ea5e0000 - 0x00007ff9ea5fe000 	C:\Windows\SYSTEM32\MPR.dll
0x00007ff9f43d0000 - 0x00007ff9f4511000 	C:\Windows\system32\RPCRT4.dll
0x00007ff9f2c90000 - 0x00007ff9f2ce9000 	C:\Windows\SYSTEM32\sechost.dll
0x00007ff9f2940000 - 0x00007ff9f2b51000 	C:\Windows\SYSTEM32\combase.dll
0x00007ff9f2cf0000 - 0x00007ff9f2e40000 	C:\Windows\system32\GDI32.dll
0x00007ff9f17f0000 - 0x00007ff9f1805000 	C:\Windows\SYSTEM32\profapi.dll
0x00007ff9efbb0000 - 0x00007ff9efc62000 	C:\Windows\SYSTEM32\SHCORE.dll
0x00007ff9f2330000 - 0x00007ff9f2366000 	C:\Windows\system32\IMM32.DLL
0x00007ff9f2520000 - 0x00007ff9f2672000 	C:\Windows\system32\MSCTF.dll
0x00007ff9ef0d0000 - 0x00007ff9ef34b000 	C:\Windows\WinSxS\amd64_microsoft.windows.common-controls_6595b64144ccf1df_6.0.9600.18006_none_623f33d3ecbe86e8\COMCTL32.dll
0x000000006ba70000 - 0x000000006bb42000 	C:\Program Files\Java\jdk1.8.0_51\jre\bin\msvcr100.dll
0x000000006c190000 - 0x000000006ca13000 	C:\Program Files\Java\jdk1.8.0_51\jre\bin\server\jvm.dll
0x00007ff9e79b0000 - 0x00007ff9e79b9000 	C:\Windows\SYSTEM32\WSOCK32.dll
0x00007ff9ea360000 - 0x00007ff9ea382000 	C:\Windows\SYSTEM32\WINMM.dll
0x00007ff9e8410000 - 0x00007ff9e841a000 	C:\Windows\SYSTEM32\VERSION.dll
0x00007ff9f2370000 - 0x00007ff9f2377000 	C:\Windows\system32\PSAPI.DLL
0x00007ff9f4370000 - 0x00007ff9f43ca000 	C:\Windows\system32\WS2_32.dll
0x00007ff9ea320000 - 0x00007ff9ea34a000 	C:\Windows\SYSTEM32\WINMMBASE.dll
0x00007ff9f2c80000 - 0x00007ff9f2c89000 	C:\Windows\system32\NSI.dll
0x00007ff9f1970000 - 0x00007ff9f19bf000 	C:\Windows\SYSTEM32\cfgmgr32.dll
0x00007ff9f0610000 - 0x00007ff9f0638000 	C:\Windows\SYSTEM32\DEVOBJ.dll
0x000000006cbc0000 - 0x000000006cbcf000 	C:\Program Files\Java\jdk1.8.0_51\jre\bin\verify.dll
0x000000006cb90000 - 0x000000006cbb9000 	C:\Program Files\Java\jdk1.8.0_51\jre\bin\java.dll
0x000000006cb70000 - 0x000000006cb86000 	C:\Program Files\Java\jdk1.8.0_51\jre\bin\zip.dll
0x00007ff9e6810000 - 0x00007ff9e6999000 	C:\Windows\SYSTEM32\dbghelp.dll

VM Arguments:
jvm_args: -Xmx1024M -Dfile.encoding=windows-1252 -Duser.country=US -Duser.language=en -Duser.variant 
java_command: com.android.dx.command.Main --dex --num-threads=4 --output C:\Users\Admin-PC\Desktop\Brainbox\BrainBox\BrainBoxStudent\app\build\intermediates\pre-dexed\debug\classes-44d42bcf5ba5465f7c6148fcf6ca63dfa2629586.jar C:\Users\Admin-PC\Desktop\Brainbox\BrainBox\BrainBoxStudent\app\build\intermediates\exploded-aar\com.google.android.gms\play-services-plus\8.4.0\jars\classes.jar
java_class_path (initial): C:\Users\Admin-PC\AppData\Local\Android\sdk2\build-tools\23.0.1\lib\dx.jar
Launcher Type: SUN_STANDARD

Environment Variables:
JAVA_HOME=C:\Program Files\Java\jdk1.8.0_51
PATH=C:\ProgramData\Oracle\Java\javapath;C:\Windows\system32;C:\Windows;C:\Windows\System32\Wbem;C:\Windows\System32\WindowsPowerShell\v1.0\;C:\Program Files\TortoiseGit\bin;C:\Program Files (x86)\Windows Live\Shared;C:\Program Files\nodejs\;C:\Program Files (x86)\QuickTime\QTSystem\;C:\Program Files (x86)\MySQL\MySQL Fabric 1.5 & MySQL Utilities 1.5\;C:\Program Files (x86)\MySQL\MySQL Fabric 1.5 & MySQL Utilities 1.5\Doctrine extensions for PHP\;C:\Program Files\Java\jdk1.8.0_51\bin;C:\Users\Admin-PC\AppData\Roaming\npm;C:\Users\Admin-PC\AppData\Local\atom\bin
USERNAME=Admin-PC
OS=Windows_NT
PROCESSOR_IDENTIFIER=Intel64 Family 6 Model 60 Stepping 3, GenuineIntel



---------------  S Y S T E M  ---------------

OS: Windows 8.1 , 64 bit Build 9600 (6.3.9600.17415)

CPU:total 4 (4 cores per cpu, 1 threads per core) family 6 model 60 stepping 3, cmov, cx8, fxsr, mmx, sse, sse2, sse3, ssse3, sse4.1, sse4.2, popcnt, avx, avx2, aes, clmul, erms, lzcnt, tsc, tscinvbit, bmi1, bmi2

Memory: 4k page, physical 8278240k(756692k free), swap 11423968k(5340k free)

vm_info: Java HotSpot(TM) 64-Bit Server VM (25.51-b03) for windows-amd64 JRE (1.8.0_51-b16), built on Jun  8 2015 18:03:07 by "java_re" with MS VC++ 10.0 (VS2010)

time: Fri Feb 19 17:42:50 2016
elapsed time: 1 seconds (0d 0h 0m 1s)

