#
# There is insufficient memory for the Java Runtime Environment to continue.
# Native memory allocation (malloc) failed to allocate 32744 bytes for ChunkPool::allocate
# Possible reasons:
#   The system is out of physical RAM or swap space
#   In 32 bit mode, the process size limit was hit
# Possible solutions:
#   Reduce memory load on the system
#   Increase physical memory or swap space
#   Check if swap backing store is full
#   Use 64 bit Java on a 64 bit OS
#   Decrease Java heap size (-Xmx/-Xms)
#   Decrease number of Java threads
#   Decrease Java thread stack sizes (-Xss)
#   Set larger code cache with -XX:ReservedCodeCacheSize=
# This output file may be truncated or incomplete.
#
#  Out of Memory Error (allocation.cpp:273), pid=724, tid=6904
#
# JRE version: Java(TM) SE Runtime Environment (8.0_51-b16) (build 1.8.0_51-b16)
# Java VM: Java HotSpot(TM) 64-Bit Server VM (25.51-b03 mixed mode windows-amd64 compressed oops)
# Failed to write core dump. Minidumps are not enabled by default on client versions of Windows
#

---------------  T H R E A D  ---------------

Current thread (0x0000000014c65800):  JavaThread "C2 CompilerThread1" daemon [_thread_in_native, id=6904, stack(0x0000000016290000,0x0000000016390000)]

Stack: [0x0000000016290000,0x0000000016390000]
Native frames: (J=compiled Java code, j=interpreted, Vv=VM code, C=native code)
V  [jvm.dll+0x32b4ca]


Current CompileTask:
C2:    611  518       4       java.lang.Long::bitCount (61 bytes)


---------------  P R O C E S S  ---------------

Java Threads: ( => current thread )
  0x00000000167a9000 JavaThread "pool-1-thread-4" [_thread_in_Java, id=6304, stack(0x0000000016e90000,0x0000000016f90000)]
  0x00000000167a8000 JavaThread "pool-1-thread-3" [_thread_in_Java, id=5384, stack(0x0000000016d90000,0x0000000016e90000)]
  0x00000000167a2800 JavaThread "pool-1-thread-2" [_thread_in_Java, id=5500, stack(0x0000000016c90000,0x0000000016d90000)]
  0x000000001674c000 JavaThread "pool-2-thread-1" [_thread_blocked, id=4968, stack(0x0000000016b90000,0x0000000016c90000)]
  0x000000001674b000 JavaThread "pool-1-thread-1" [_thread_in_Java, id=6968, stack(0x0000000016a90000,0x0000000016b90000)]
  0x0000000016495800 JavaThread "Service Thread" daemon [_thread_blocked, id=6664, stack(0x0000000016890000,0x0000000016990000)]
  0x0000000014c6c000 JavaThread "C1 CompilerThread2" daemon [_thread_in_native, id=5696, stack(0x0000000016390000,0x0000000016490000)]
=>0x0000000014c65800 JavaThread "C2 CompilerThread1" daemon [_thread_in_native, id=6904, stack(0x0000000016290000,0x0000000016390000)]
  0x0000000014c0c000 JavaThread "C2 CompilerThread0" daemon [_thread_in_native, id=7056, stack(0x0000000016190000,0x0000000016290000)]
  0x0000000014c0a800 JavaThread "Attach Listener" daemon [_thread_blocked, id=3572, stack(0x0000000016090000,0x0000000016190000)]
  0x0000000014c09800 JavaThread "Signal Dispatcher" daemon [_thread_blocked, id=5192, stack(0x0000000015f90000,0x0000000016090000)]
  0x0000000002506000 JavaThread "Finalizer" daemon [_thread_blocked, id=6884, stack(0x0000000015e80000,0x0000000015f80000)]
  0x00000000024fd000 JavaThread "Reference Handler" daemon [_thread_blocked, id=5024, stack(0x0000000015d80000,0x0000000015e80000)]
  0x0000000002410800 JavaThread "main" [_thread_blocked, id=3804, stack(0x00000000022f0000,0x00000000023f0000)]

Other Threads:
  0x0000000014bd7800 VMThread [stack: 0x0000000015c80000,0x0000000015d80000] [id=6856]
  0x0000000016496000 WatcherThread [stack: 0x0000000016990000,0x0000000016a90000] [id=3304]

VM state:not at safepoint (normal execution)

VM Mutex/Monitor currently owned by a thread: None

Heap:
 PSYoungGen      total 38400K, used 13391K [0x00000000eab00000, 0x00000000ed580000, 0x0000000100000000)
  eden space 33280K, 40% used [0x00000000eab00000,0x00000000eb813c38,0x00000000ecb80000)
  from space 5120K, 0% used [0x00000000ed080000,0x00000000ed080000,0x00000000ed580000)
  to   space 5120K, 0% used [0x00000000ecb80000,0x00000000ecb80000,0x00000000ed080000)
 ParOldGen       total 87552K, used 0K [0x00000000c0000000, 0x00000000c5580000, 0x00000000eab00000)
  object space 87552K, 0% used [0x00000000c0000000,0x00000000c0000000,0x00000000c5580000)
 Metaspace       used 5300K, capacity 6448K, committed 6528K, reserved 1056768K
  class space    used 575K, capacity 616K, committed 640K, reserved 1048576K

Card table byte_map: [0x00000000118e0000,0x0000000011af0000] byte_map_base: 0x00000000112e0000

Marking Bits: (ParMarkBitMap*) 0x000000006c994040
 Begin Bits: [0x0000000012050000, 0x0000000013050000)
 End Bits:   [0x0000000013050000, 0x0000000014050000)

Polling page: 0x00000000022d0000

CodeCache: size=245760Kb used=2102Kb max_used=2113Kb free=243658Kb
 bounds [0x0000000002520000, 0x0000000002790000, 0x0000000011520000]
 total_blobs=760 nmethods=491 adapters=182
 compilation: enabled

Compilation events (10 events):
Event: 0.607 Thread 0x0000000014c6c000 nmethod 493 0x000000000272e890 code [0x000000000272ea60, 0x000000000272f248]
Event: 0.607 Thread 0x0000000014c6c000  495   !   3       com.android.dx.cf.code.BytecodeArray::parseInstruction (2764 bytes)
Event: 0.608 Thread 0x0000000014c65800  511       4       java.util.ArrayList::add (29 bytes)
Event: 0.610 Thread 0x0000000014c0c000  514       4       com.android.dx.util.MutabilityControl::<init> (10 bytes)
Event: 0.610 Thread 0x0000000014c0c000 nmethod 514 0x000000000272d190 code [0x000000000272d2c0, 0x000000000272d318]
Event: 0.610 Thread 0x0000000014c0c000  515   !   4       com.android.dx.util.IntList::get (36 bytes)
Event: 0.610 Thread 0x0000000014c0c000 nmethod 515 0x000000000272ced0 code [0x000000000272d000, 0x000000000272d0b8]
Event: 0.610 Thread 0x0000000014c0c000  517       4       java.util.BitSet::nextSetBit (102 bytes)
Event: 0.610 Thread 0x0000000014c65800 nmethod 511 0x0000000002730590 code [0x00000000027306e0, 0x0000000002730a08]
Event: 0.610 Thread 0x0000000014c65800  518       4       java.lang.Long::bitCount (61 bytes)

GC Heap History (0 events):
No events

Deoptimization events (0 events):
No events

Internal exceptions (2 events):
Event: 0.024 Thread 0x0000000002410800 Exception <a 'java/lang/NoSuchMethodError': Method sun.misc.Unsafe.defineClass(Ljava/lang/String;[BII)Ljava/lang/Class; name or signature does not match> (0x00000000eab0d328) thrown at [C:\re\workspace\8-2-build-windows-amd64-cygwin\jdk8u51\3951\hotspot\sr­üÁÞb™?
Event: 0.024 Thread 0x0000000002410800 Exception <a 'java/lang/NoSuchMethodError': Method sun.misc.Unsafe.prefetchRead(Ljava/lang/Object;J)V name or signature does not match> (0x00000000eab0d5b8) thrown at [C:\re\workspace\8-2-build-windows-amd64-cygwin\jdk8u51\3951\hotspot\src\share\vm\prims\j

Events (10 events):
Event: 0.600 loading class com/android/dx/dex/file/MethodIdItem
Event: 0.600 loading class com/android/dx/dex/file/MethodIdItem done
Event: 0.602 loading class java/util/HashMap$Values
Event: 0.602 loading class java/util/HashMap$Values done
Event: 0.602 loading class java/util/HashMap$ValueIterator
Event: 0.602 loading class java/util/HashMap$ValueIterator done
Event: 0.602 loading class com/android/dx/ssa/PhiInsn$Operand
Event: 0.602 loading class com/android/dx/ssa/PhiInsn$Operand done
Event: 0.604 loading class com/android/dx/ssa/back/FirstFitLocalCombiningAllocator$Multiset
Event: 0.604 loading class com/android/dx/ssa/back/FirstFitLocalCombiningAllocator$Multiset done


Dynamic libraries:
0x00007ff68b100000 - 0x00007ff68b137000 	C:\Program Files\Java\jdk1.8.0_51\bin\java.exe
0x00007ff9f46a0000 - 0x00007ff9f484d000 	C:\Windows\SYSTEM32\ntdll.dll
0x00007ff9f21f0000 - 0x00007ff9f232e000 	C:\Windows\system32\KERNEL32.DLL
0x00007ff9f1c00000 - 0x00007ff9f1d15000 	C:\Windows\system32\KERNELBASE.dll
0x00007ff9f0390000 - 0x00007ff9f041e000 	C:\Windows\system32\apphelp.dll
0x00007ff9e34b0000 - 0x00007ff9e3503000 	C:\Windows\AppPatch\AppPatch64\AcGenral.DLL
0x00007ff9f27d0000 - 0x00007ff9f287a000 	C:\Windows\system32\msvcrt.dll
0x00007ff9f1620000 - 0x00007ff9f164e000 	C:\Windows\SYSTEM32\SspiCli.dll
0x00007ff9f2180000 - 0x00007ff9f21d4000 	C:\Windows\system32\SHLWAPI.dll
0x00007ff9f4520000 - 0x00007ff9f4697000 	C:\Windows\system32\USER32.dll
0x00007ff9f2380000 - 0x00007ff9f2514000 	C:\Windows\system32\ole32.dll
0x00007ff9f2e40000 - 0x00007ff9f436a000 	C:\Windows\system32\SHELL32.dll
0x00007ff9f0df0000 - 0x00007ff9f0e11000 	C:\Windows\SYSTEM32\USERENV.dll
0x00007ff9f2880000 - 0x00007ff9f292a000 	C:\Windows\system32\ADVAPI32.dll
0x00007ff9ea5e0000 - 0x00007ff9ea5fe000 	C:\Windows\SYSTEM32\MPR.dll
0x00007ff9f43d0000 - 0x00007ff9f4511000 	C:\Windows\system32\RPCRT4.dll
0x00007ff9f2c90000 - 0x00007ff9f2ce9000 	C:\Windows\SYSTEM32\sechost.dll
0x00007ff9f2940000 - 0x00007ff9f2b51000 	C:\Windows\SYSTEM32\combase.dll
0x00007ff9f2cf0000 - 0x00007ff9f2e40000 	C:\Windows\system32\GDI32.dll
0x00007ff9f17f0000 - 0x00007ff9f1805000 	C:\Windows\SYSTEM32\profapi.dll
0x00007ff9efbb0000 - 0x00007ff9efc62000 	C:\Windows\SYSTEM32\SHCORE.dll
0x00007ff9f2330000 - 0x00007ff9f2366000 	C:\Windows\system32\IMM32.DLL
0x00007ff9f2520000 - 0x00007ff9f2672000 	C:\Windows\system32\MSCTF.dll
0x00007ff9ef0d0000 - 0x00007ff9ef34b000 	C:\Windows\WinSxS\amd64_microsoft.windows.common-controls_6595b64144ccf1df_6.0.9600.18006_none_623f33d3ecbe86e8\COMCTL32.dll
0x000000006ba70000 - 0x000000006bb42000 	C:\Program Files\Java\jdk1.8.0_51\jre\bin\msvcr100.dll
0x000000006c190000 - 0x000000006ca13000 	C:\Program Files\Java\jdk1.8.0_51\jre\bin\server\jvm.dll
0x00007ff9e79b0000 - 0x00007ff9e79b9000 	C:\Windows\SYSTEM32\WSOCK32.dll
0x00007ff9ea360000 - 0x00007ff9ea382000 	C:\Windows\SYSTEM32\WINMM.dll
0x00007ff9e8410000 - 0x00007ff9e841a000 	C:\Windows\SYSTEM32\VERSION.dll
0x00007ff9f2370000 - 0x00007ff9f2377000 	C:\Windows\system32\PSAPI.DLL
0x00007ff9f4370000 - 0x00007ff9f43ca000 	C:\Windows\system32\WS2_32.dll
0x00007ff9ea320000 - 0x00007ff9ea34a000 	C:\Windows\SYSTEM32\WINMMBASE.dll
0x00007ff9f2c80000 - 0x00007ff9f2c89000 	C:\Windows\system32\NSI.dll
0x00007ff9f1970000 - 0x00007ff9f19bf000 	C:\Windows\SYSTEM32\cfgmgr32.dll
0x00007ff9f0610000 - 0x00007ff9f0638000 	C:\Windows\SYSTEM32\DEVOBJ.dll
0x000000006cbc0000 - 0x000000006cbcf000 	C:\Program Files\Java\jdk1.8.0_51\jre\bin\verify.dll
0x000000006cb90000 - 0x000000006cbb9000 	C:\Program Files\Java\jdk1.8.0_51\jre\bin\java.dll
0x000000006cb70000 - 0x000000006cb86000 	C:\Program Files\Java\jdk1.8.0_51\jre\bin\zip.dll

VM Arguments:
jvm_args: -Xmx1024M -Dfile.encoding=windows-1252 -Duser.country=US -Duser.language=en -Duser.variant 
java_command: com.android.dx.command.Main --dex --num-threads=4 --output C:\Users\Admin-PC\Desktop\Brainbox\BrainBox\BrainBoxStudent\app\build\intermediates\pre-dexed\debug\classes-a0e851157d013cacd2e9d862a2f2c7d4ad797fa3.jar C:\Users\Admin-PC\Desktop\Brainbox\BrainBox\BrainBoxStudent\app\build\intermediates\exploded-aar\com.google.android.gms\play-services-wearable\8.4.0\jars\classes.jar
java_class_path (initial): C:\Users\Admin-PC\AppData\Local\Android\sdk2\build-tools\23.0.1\lib\dx.jar
Launcher Type: SUN_STANDARD

Environment Variables:
JAVA_HOME=C:\Program Files\Java\jdk1.8.0_51
PATH=C:\ProgramData\Oracle\Java\javapath;C:\Windows\system32;C:\Windows;C:\Windows\System32\Wbem;C:\Windows\System32\WindowsPowerShell\v1.0\;C:\Program Files\TortoiseGit\bin;C:\Program Files (x86)\Windows Live\Shared;C:\Program Files\nodejs\;C:\Program Files (x86)\QuickTime\QTSystem\;C:\Program Files (x86)\MySQL\MySQL Fabric 1.5 & MySQL Utilities 1.5\;C:\Program Files (x86)\MySQL\MySQL Fabric 1.5 & MySQL Utilities 1.5\Doctrine extensions for PHP\;C:\Program Files\Java\jdk1.8.0_51\bin;C:\Users\Admin-PC\AppData\Roaming\npm;C:\Users\Admin-PC\AppData\Local\atom\bin
USERNAME=Admin-PC
OS=Windows_NT
PROCESSOR_IDENTIFIER=Intel64 Family 6 Model 60 Stepping 3, GenuineIntel



---------------  S Y S T E M  ---------------

OS: Windows 8.1 , 64 bit Build 9600 (6.3.9600.17415)

CPU:total 4 (4 cores per cpu, 1 threads per core) family 6 model 60 stepping 3, cmov, cx8, fxsr, mmx, sse, sse2, sse3, ssse3, sse4.1, sse4.2, popcnt, avx, avx2, aes, clmul, erms, lzcnt, tsc, tscinvbit, bmi1, bmi2

Memory: 4k page, physical 8278240k(961048k free), swap 11423968k(4968k free)

vm_info: Java HotSpot(TM) 64-Bit Server VM (25.51-b03) for windows-amd64 JRE (1.8.0_51-b16), built on Jun  8 2015 18:03:07 by "java_re" with MS VC++ 10.0 (VS2010)

time: Fri Feb 19 17:42:44 2016
elapsed time: 0 seconds (0d 0h 0m 0s)

